============================================================
start time: 25-12-07-13-18-54
============================================================
dataset size: 1327
returns max : 3908.8544921875
returns mean: 2817.7890625
returns std : 877.09326171875
returns min : 1350.3359375
Using Minari eval environment: Hopper-v5
Running initial evaluation before training...
Iteration 1/20 - last training loss: 2.6597, last eval raw return: 693.68, last eval normalized score: 21.94
Iteration 2/20 - last training loss: 2.7094, last eval raw return: 734.48, last eval normalized score: 23.19
Iteration 3/20 - last training loss: 2.7599, last eval raw return: 1015.52, last eval normalized score: 31.83
Iteration 4/20 - last training loss: 2.7875, last eval raw return: 1085.76, last eval normalized score: 33.98
Iteration 5/20 - last training loss: 2.8160, last eval raw return: 1041.86, last eval normalized score: 32.64
Iteration 6/20 - last training loss: 2.8289, last eval raw return: 1124.03, last eval normalized score: 35.16
Iteration 7/20 - last training loss: 2.8204, last eval raw return: 1787.41, last eval normalized score: 55.54
Iteration 8/20 - last training loss: 2.8286, last eval raw return: 1312.23, last eval normalized score: 40.94
Iteration 9/20 - last training loss: 2.8301, last eval raw return: 1576.95, last eval normalized score: 49.08
Iteration 10/20 - last training loss: 2.8272, last eval raw return: 1577.26, last eval normalized score: 49.09
Iteration 11/20 - last training loss: 2.8287, last eval raw return: 1727.35, last eval normalized score: 53.70
Iteration 12/20 - last training loss: 2.8329, last eval raw return: 1975.65, last eval normalized score: 61.33
Iteration 13/20 - last training loss: 2.8242, last eval raw return: 2080.18, last eval normalized score: 64.54
Iteration 14/20 - last training loss: 2.8290, last eval raw return: 1903.87, last eval normalized score: 59.12
Iteration 15/20 - last training loss: 2.8317, last eval raw return: 2168.93, last eval normalized score: 67.27
Iteration 16/20 - last training loss: 2.8320, last eval raw return: 1859.67, last eval normalized score: 57.76
Iteration 17/20 - last training loss: 2.8230, last eval raw return: 1789.05, last eval normalized score: 55.59
Iteration 18/20 - last training loss: 2.8231, last eval raw return: 2172.01, last eval normalized score: 67.36
Iteration 19/20 - last training loss: 2.8269, last eval raw return: 2659.81, last eval normalized score: 82.35
Iteration 20/20 - last training loss: 2.8252, last eval raw return: 2483.45, last eval normalized score: 76.93
Evaluation scores over iterations: [1.0554496366742065, 21.937012532258677, 23.19059165902239, 31.82561054256529, 33.983920564369924, 32.63505345974409, 35.15996920485077, 55.54294222059135, 40.94261901212465, 49.07631291862153, 49.085740912534845, 53.69740300031859, 61.326827306686646, 64.53861987124185, 59.12116494885272, 67.26553166475512, 57.76308992843781, 55.59313407626281, 67.36009435526375, 82.34832631531896, 76.9294361967389]
Raw returns over iterations: [14.07806656842185, 693.6836294192702, 734.4822685001828, 1015.5152016154902, 1085.7589618411832, 1041.8591066227757, 1124.0343151876018, 1787.4129098935182, 1312.2348343102738, 1576.9517835645938, 1577.2586244434133, 1727.348501552608, 1975.653632058601, 2080.183743358664, 1903.8687558187282, 2168.9330593721256, 1859.6692223231814, 1789.0464401275672, 2172.0106705082826, 2659.8135168893978, 2483.45181985171]
Saved raw return evaluation plot to sbatch_scripts/logs/grid_array/K_5/enc_4/lr_1e-4/te_-1/plots/hopper-medium-v2_eval_raw_return_25-12-07-13-18-54.png
Saved normalized evaluation plot to sbatch_scripts/logs/grid_array/K_5/enc_4/lr_1e-4/te_-1/plots/hopper-medium-v2_eval_25-12-07-13-18-54.png
============================================================
finished training!
finished training at: 25-12-07-13-58-31
============================================================
All plots for this run saved under: sbatch_scripts/logs/grid_array/K_5/enc_4/lr_1e-4/te_-1/plots
Saved per-iteration training loss plot to sbatch_scripts/logs/grid_array/K_5/enc_4/lr_1e-4/te_-1/plots/hopper-medium-v2_training_losses_25-12-07-13-18-54.png
Saved per-iteration training stats plot to sbatch_scripts/logs/grid_array/K_5/enc_4/lr_1e-4/te_-1/plots/hopper-medium-v2_training_stats_25-12-07-13-18-54.png
Saved per-update training loss plot to sbatch_scripts/logs/grid_array/K_5/enc_4/lr_1e-4/te_-1/plots/hopper-medium-v2_training_losses_steps_25-12-07-13-18-54.png
Saved per-update training stats plot to sbatch_scripts/logs/grid_array/K_5/enc_4/lr_1e-4/te_-1/plots/hopper-medium-v2_training_stats_steps_25-12-07-13-18-54.png
