============================================================
start time: 25-12-07-15-42-55
============================================================
dataset size: 1327
returns max : 3908.8544921875
returns mean: 2817.7890625
returns std : 877.09326171875
returns min : 1350.3359375
Using Minari eval environment: Hopper-v5
Running initial evaluation before training...
Iteration 1/20 - last training loss: 2.6387, last eval raw return: 438.61, last eval normalized score: 14.10
Iteration 2/20 - last training loss: 2.6934, last eval raw return: 430.68, last eval normalized score: 13.86
Iteration 3/20 - last training loss: 2.7438, last eval raw return: 508.30, last eval normalized score: 16.24
Iteration 4/20 - last training loss: 2.7699, last eval raw return: 971.53, last eval normalized score: 30.47
Iteration 5/20 - last training loss: 2.7873, last eval raw return: 1300.65, last eval normalized score: 40.59
Iteration 6/20 - last training loss: 2.8102, last eval raw return: 1434.48, last eval normalized score: 44.70
Iteration 7/20 - last training loss: 2.8120, last eval raw return: 1655.29, last eval normalized score: 51.48
Iteration 8/20 - last training loss: 2.8139, last eval raw return: 1696.50, last eval normalized score: 52.75
Iteration 9/20 - last training loss: 2.8161, last eval raw return: 1761.28, last eval normalized score: 54.74
Iteration 10/20 - last training loss: 2.8195, last eval raw return: 1374.16, last eval normalized score: 42.85
Iteration 11/20 - last training loss: 2.8195, last eval raw return: 1371.01, last eval normalized score: 42.75
Iteration 12/20 - last training loss: 2.8171, last eval raw return: 1259.98, last eval normalized score: 39.34
Iteration 13/20 - last training loss: 2.8194, last eval raw return: 1283.62, last eval normalized score: 40.06
Iteration 14/20 - last training loss: 2.8201, last eval raw return: 1180.02, last eval normalized score: 36.88
Iteration 15/20 - last training loss: 2.8182, last eval raw return: 1200.02, last eval normalized score: 37.49
Iteration 16/20 - last training loss: 2.8167, last eval raw return: 1155.38, last eval normalized score: 36.12
Iteration 17/20 - last training loss: 2.8175, last eval raw return: 1261.65, last eval normalized score: 39.39
Iteration 18/20 - last training loss: 2.8178, last eval raw return: 1220.94, last eval normalized score: 38.14
Iteration 19/20 - last training loss: 2.8135, last eval raw return: 1221.88, last eval normalized score: 38.17
Iteration 20/20 - last training loss: 2.8144, last eval raw return: 1264.32, last eval normalized score: 39.47
Evaluation scores over iterations: [0.7368186877581773, 14.099474914617446, 13.855956445902628, 16.240986837919227, 30.474167293643845, 40.586589616841735, 44.69870458408117, 51.48318869171538, 52.74954659307537, 54.73994941660399, 42.84546707503933, 42.74859702436817, 39.337079081356194, 40.063476754698605, 36.880203572846476, 37.494631494537046, 36.12313117089007, 39.38844025107482, 38.137346466441414, 38.16626511563649, 39.470370668756]
Raw returns over iterations: [3.7079919498420653, 438.60530072156183, 430.67981608120925, 508.30235468561443, 971.5315039183007, 1300.6476002137367, 1434.4793550872712, 1655.2852958914607, 1696.4998294313023, 1761.278928483803, 1374.1644003721237, 1371.0116945311408, 1259.9813763777672, 1283.6225138785337, 1180.020586509482, 1200.0175874830104, 1155.3811177866105, 1261.6529627829536, 1220.9352109586985, 1221.8763893063817, 1264.319447466176]
Saved raw return evaluation plot to sbatch_scripts/logs/grid_array/K_20/enc_6/lr_1e-4/te_-3/plots/hopper-medium-v2_eval_raw_return_25-12-07-15-42-55.png
Saved normalized evaluation plot to sbatch_scripts/logs/grid_array/K_20/enc_6/lr_1e-4/te_-3/plots/hopper-medium-v2_eval_25-12-07-15-42-55.png
============================================================
finished training!
finished training at: 25-12-07-17-34-12
============================================================
All plots for this run saved under: sbatch_scripts/logs/grid_array/K_20/enc_6/lr_1e-4/te_-3/plots
Saved per-iteration training loss plot to sbatch_scripts/logs/grid_array/K_20/enc_6/lr_1e-4/te_-3/plots/hopper-medium-v2_training_losses_25-12-07-15-42-55.png
Saved per-iteration training stats plot to sbatch_scripts/logs/grid_array/K_20/enc_6/lr_1e-4/te_-3/plots/hopper-medium-v2_training_stats_25-12-07-15-42-55.png
Saved per-update training loss plot to sbatch_scripts/logs/grid_array/K_20/enc_6/lr_1e-4/te_-3/plots/hopper-medium-v2_training_losses_steps_25-12-07-15-42-55.png
Saved per-update training stats plot to sbatch_scripts/logs/grid_array/K_20/enc_6/lr_1e-4/te_-3/plots/hopper-medium-v2_training_stats_steps_25-12-07-15-42-55.png
