============================================================
start time: 25-12-07-13-59-00
============================================================
dataset size: 1327
returns max : 3908.8544921875
returns mean: 2817.7890625
returns std : 877.09326171875
returns min : 1350.3359375
Using Minari eval environment: Hopper-v5
Running initial evaluation before training...
Iteration 1/20 - last training loss: 2.6124, last eval raw return: 924.97, last eval normalized score: 29.04
Iteration 2/20 - last training loss: 2.6726, last eval raw return: 1664.96, last eval normalized score: 51.78
Iteration 3/20 - last training loss: 2.7296, last eval raw return: 1722.77, last eval normalized score: 53.56
Iteration 4/20 - last training loss: 2.7608, last eval raw return: 2005.10, last eval normalized score: 62.23
Iteration 5/20 - last training loss: 2.7877, last eval raw return: 1300.91, last eval normalized score: 40.59
Iteration 6/20 - last training loss: 2.7926, last eval raw return: 1651.15, last eval normalized score: 51.36
Iteration 7/20 - last training loss: 2.6990, last eval raw return: 2711.63, last eval normalized score: 83.94
Iteration 8/20 - last training loss: 2.0735, last eval raw return: 1236.71, last eval normalized score: 38.62
Iteration 9/20 - last training loss: -0.5169, last eval raw return: 1428.33, last eval normalized score: 44.51
Iteration 10/20 - last training loss: -0.5610, last eval raw return: 1333.43, last eval normalized score: 41.59
Iteration 11/20 - last training loss: -0.5493, last eval raw return: 1244.83, last eval normalized score: 38.87
Iteration 12/20 - last training loss: -0.5517, last eval raw return: 1332.50, last eval normalized score: 41.57
Iteration 13/20 - last training loss: -0.7248, last eval raw return: 1282.63, last eval normalized score: 40.03
Iteration 14/20 - last training loss: -0.5920, last eval raw return: 1285.89, last eval normalized score: 40.13
Iteration 15/20 - last training loss: -0.5243, last eval raw return: 1303.92, last eval normalized score: 40.69
Iteration 16/20 - last training loss: -0.5313, last eval raw return: 1272.97, last eval normalized score: 39.74
Iteration 17/20 - last training loss: -0.6019, last eval raw return: 1327.17, last eval normalized score: 41.40
Iteration 18/20 - last training loss: -0.7067, last eval raw return: 1260.73, last eval normalized score: 39.36
Iteration 19/20 - last training loss: -1.1081, last eval raw return: 1239.88, last eval normalized score: 38.72
Iteration 20/20 - last training loss: -1.1277, last eval raw return: 1238.54, last eval normalized score: 38.68
Evaluation scores over iterations: [1.0554496366742065, 29.043555492827473, 51.780517066998854, 53.55686711652815, 62.23155846235985, 40.59451395816798, 51.356168114214555, 83.94030763340703, 38.62212261620933, 44.50975940469453, 41.593779204321166, 38.87156192918918, 41.565283535293936, 40.033097958057176, 40.13329449088169, 40.68718172727205, 39.73622033212928, 41.40166897055095, 39.35997661977289, 38.7195495077591, 38.678284484487854]
Raw returns over iterations: [14.07806656842185, 924.9712084568692, 1664.962062848343, 1722.7746596001773, 2005.0987616858476, 1300.9055036318946, 1651.1513193544677, 2711.625699968666, 1236.7126012702904, 1428.329997607321, 1333.427313586686, 1244.8307840683146, 1332.4999014344014, 1282.6338139764493, 1285.8947825843263, 1303.9214431808168, 1272.9717169832586, 1327.17494712333, 1260.7265933216036, 1239.8834299002915, 1238.5404298812537]
Saved raw return evaluation plot to sbatch_scripts/logs/grid_array/K_5/enc_4/lr_4e-4/te_3/plots/hopper-medium-v2_eval_raw_return_25-12-07-13-59-00.png
Saved normalized evaluation plot to sbatch_scripts/logs/grid_array/K_5/enc_4/lr_4e-4/te_3/plots/hopper-medium-v2_eval_25-12-07-13-59-00.png
============================================================
finished training!
finished training at: 25-12-07-14-38-08
============================================================
All plots for this run saved under: sbatch_scripts/logs/grid_array/K_5/enc_4/lr_4e-4/te_3/plots
Saved per-iteration training loss plot to sbatch_scripts/logs/grid_array/K_5/enc_4/lr_4e-4/te_3/plots/hopper-medium-v2_training_losses_25-12-07-13-59-00.png
Saved per-iteration training stats plot to sbatch_scripts/logs/grid_array/K_5/enc_4/lr_4e-4/te_3/plots/hopper-medium-v2_training_stats_25-12-07-13-59-00.png
Saved per-update training loss plot to sbatch_scripts/logs/grid_array/K_5/enc_4/lr_4e-4/te_3/plots/hopper-medium-v2_training_losses_steps_25-12-07-13-59-00.png
Saved per-update training stats plot to sbatch_scripts/logs/grid_array/K_5/enc_4/lr_4e-4/te_3/plots/hopper-medium-v2_training_stats_steps_25-12-07-13-59-00.png
