============================================================
start time: 25-12-07-14-38-12
============================================================
dataset size: 1327
returns max : 3908.8544921875
returns mean: 2817.7890625
returns std : 877.09326171875
returns min : 1350.3359375
Using Minari eval environment: Hopper-v5
Running initial evaluation before training...
Iteration 1/20 - last training loss: 2.6543, last eval raw return: 239.52, last eval normalized score: 7.98
Iteration 2/20 - last training loss: 2.7034, last eval raw return: 1185.22, last eval normalized score: 37.04
Iteration 3/20 - last training loss: 2.7450, last eval raw return: 1248.23, last eval normalized score: 38.98
Iteration 4/20 - last training loss: 2.7741, last eval raw return: 1617.39, last eval normalized score: 50.32
Iteration 5/20 - last training loss: 2.7976, last eval raw return: 1870.40, last eval normalized score: 58.09
Iteration 6/20 - last training loss: 2.8091, last eval raw return: 1951.31, last eval normalized score: 60.58
Iteration 7/20 - last training loss: 2.8116, last eval raw return: 2299.21, last eval normalized score: 71.27
Iteration 8/20 - last training loss: 2.8159, last eval raw return: 1562.30, last eval normalized score: 48.63
Iteration 9/20 - last training loss: 2.8228, last eval raw return: 1804.85, last eval normalized score: 56.08
Iteration 10/20 - last training loss: 2.8206, last eval raw return: 2333.71, last eval normalized score: 72.33
Iteration 11/20 - last training loss: 2.8222, last eval raw return: 2179.91, last eval normalized score: 67.60
Iteration 12/20 - last training loss: 2.8217, last eval raw return: 2872.27, last eval normalized score: 88.88
Iteration 13/20 - last training loss: 2.8202, last eval raw return: 1787.94, last eval normalized score: 55.56
Iteration 14/20 - last training loss: 2.8163, last eval raw return: 2741.38, last eval normalized score: 84.85
Iteration 15/20 - last training loss: 2.8227, last eval raw return: 2483.09, last eval normalized score: 76.92
Iteration 16/20 - last training loss: 2.8204, last eval raw return: 1429.86, last eval normalized score: 44.56
Iteration 17/20 - last training loss: 2.8162, last eval raw return: 1627.72, last eval normalized score: 50.64
Iteration 18/20 - last training loss: 2.8155, last eval raw return: 1343.30, last eval normalized score: 41.90
Iteration 19/20 - last training loss: 2.8170, last eval raw return: 1463.64, last eval normalized score: 45.59
Iteration 20/20 - last training loss: 2.8149, last eval raw return: 1515.62, last eval normalized score: 47.19
Evaluation scores over iterations: [1.08389846508628, 7.982308648770298, 37.03993299525012, 38.976014324590814, 50.31893649800428, 58.092775866077496, 60.57870498837005, 71.26842574087948, 48.62603088340864, 56.07880346168742, 72.32847019611724, 67.60285260472094, 88.87639520220577, 55.55926406046356, 84.85463277458864, 76.91826833741946, 44.55663592729832, 50.636226353266125, 41.897274300476504, 45.59455701145414, 47.191929514083675]
Raw returns over iterations: [15.00395425901816, 239.5177015824978, 1185.2190960539674, 1248.2302628009654, 1617.3938664345842, 1870.399089543082, 1951.3054502791451, 2299.210141372155, 1562.2970291521644, 1804.8529014394603, 2333.7100546330107, 2179.911413263219, 2872.274238933338, 1787.9441159736657, 2741.383072791215, 2483.0883537952377, 1429.8556279295312, 1627.720294190511, 1343.3047809331908, 1463.6355200822225, 1515.6231631604885]
Saved raw return evaluation plot to sbatch_scripts/logs/grid_array/K_20/enc_4/lr_1e-4/te_1/plots/hopper-medium-v2_eval_raw_return_25-12-07-14-38-12.png
Saved normalized evaluation plot to sbatch_scripts/logs/grid_array/K_20/enc_4/lr_1e-4/te_1/plots/hopper-medium-v2_eval_25-12-07-14-38-12.png
============================================================
finished training!
finished training at: 25-12-07-15-48-21
============================================================
All plots for this run saved under: sbatch_scripts/logs/grid_array/K_20/enc_4/lr_1e-4/te_1/plots
Saved per-iteration training loss plot to sbatch_scripts/logs/grid_array/K_20/enc_4/lr_1e-4/te_1/plots/hopper-medium-v2_training_losses_25-12-07-14-38-12.png
Saved per-iteration training stats plot to sbatch_scripts/logs/grid_array/K_20/enc_4/lr_1e-4/te_1/plots/hopper-medium-v2_training_stats_25-12-07-14-38-12.png
Saved per-update training loss plot to sbatch_scripts/logs/grid_array/K_20/enc_4/lr_1e-4/te_1/plots/hopper-medium-v2_training_losses_steps_25-12-07-14-38-12.png
Saved per-update training stats plot to sbatch_scripts/logs/grid_array/K_20/enc_4/lr_1e-4/te_1/plots/hopper-medium-v2_training_stats_steps_25-12-07-14-38-12.png
