============================================================
start time: 25-12-07-14-00-00
============================================================
dataset size: 1327
returns max : 3908.8544921875
returns mean: 2817.7890625
returns std : 877.09326171875
returns min : 1350.3359375
Using Minari eval environment: Hopper-v5
Running initial evaluation before training...
Iteration 1/20 - last training loss: 2.6528, last eval raw return: 675.33, last eval normalized score: 21.37
Iteration 2/20 - last training loss: 2.7155, last eval raw return: 454.79, last eval normalized score: 14.60
Iteration 3/20 - last training loss: 2.7542, last eval raw return: 449.33, last eval normalized score: 14.43
Iteration 4/20 - last training loss: 2.7807, last eval raw return: 489.21, last eval normalized score: 15.65
Iteration 5/20 - last training loss: 2.8076, last eval raw return: 704.92, last eval normalized score: 22.28
Iteration 6/20 - last training loss: 2.8053, last eval raw return: 911.98, last eval normalized score: 28.64
Iteration 7/20 - last training loss: 2.8228, last eval raw return: 1208.45, last eval normalized score: 37.75
Iteration 8/20 - last training loss: 2.8200, last eval raw return: 1010.11, last eval normalized score: 31.66
Iteration 9/20 - last training loss: 2.8269, last eval raw return: 1413.94, last eval normalized score: 44.07
Iteration 10/20 - last training loss: 2.8249, last eval raw return: 2644.39, last eval normalized score: 81.87
Iteration 11/20 - last training loss: 2.8348, last eval raw return: 1685.50, last eval normalized score: 52.41
Iteration 12/20 - last training loss: 2.8261, last eval raw return: 2364.66, last eval normalized score: 73.28
Iteration 13/20 - last training loss: 2.8336, last eval raw return: 1386.64, last eval normalized score: 43.23
Iteration 14/20 - last training loss: 2.8245, last eval raw return: 1407.67, last eval normalized score: 43.87
Iteration 15/20 - last training loss: 2.8243, last eval raw return: 1364.23, last eval normalized score: 42.54
Iteration 16/20 - last training loss: 2.8206, last eval raw return: 1364.12, last eval normalized score: 42.54
Iteration 17/20 - last training loss: 2.8250, last eval raw return: 1413.96, last eval normalized score: 44.07
Iteration 18/20 - last training loss: 2.8269, last eval raw return: 1461.24, last eval normalized score: 45.52
Iteration 19/20 - last training loss: 2.8200, last eval raw return: 1385.13, last eval normalized score: 43.18
Iteration 20/20 - last training loss: 2.8254, last eval raw return: 1507.24, last eval normalized score: 46.93
Evaluation scores over iterations: [0.8190686137262513, 21.37319018542444, 14.596747299696903, 14.42904065911286, 15.65424336967269, 22.282355420468164, 28.644317398311536, 37.75360067563855, 31.659510077962526, 44.06775024555202, 81.87432852722, 52.41163054519243, 73.27932189043682, 43.22878339298777, 43.87495274781203, 42.54028308307324, 42.53673705194506, 44.06824474384467, 45.52102037517571, 43.18239973532125, 46.934442987042445]
Raw returns over iterations: [6.384875261282005, 675.3336234698021, 454.78939004677073, 449.3312561686766, 489.2063642666661, 704.9230634162233, 911.9777160017438, 1208.4459267296252, 1010.1093418960523, 1413.9444899283058, 2644.386916151617, 1685.5021073227535, 2364.6562105379594, 1386.6397070966195, 1407.669755962127, 1364.231966690302, 1364.1165585432775, 1413.960583732787, 1461.2422170838759, 1385.1301174201587, 1507.2430779622982]
Saved raw return evaluation plot to sbatch_scripts/logs/grid_array/K_5/enc_6/lr_1e-4/te_1/plots/hopper-medium-v2_eval_raw_return_25-12-07-14-00-00.png
Saved normalized evaluation plot to sbatch_scripts/logs/grid_array/K_5/enc_6/lr_1e-4/te_1/plots/hopper-medium-v2_eval_25-12-07-14-00-00.png
============================================================
finished training!
finished training at: 25-12-07-15-11-55
============================================================
All plots for this run saved under: sbatch_scripts/logs/grid_array/K_5/enc_6/lr_1e-4/te_1/plots
Saved per-iteration training loss plot to sbatch_scripts/logs/grid_array/K_5/enc_6/lr_1e-4/te_1/plots/hopper-medium-v2_training_losses_25-12-07-14-00-00.png
Saved per-iteration training stats plot to sbatch_scripts/logs/grid_array/K_5/enc_6/lr_1e-4/te_1/plots/hopper-medium-v2_training_stats_25-12-07-14-00-00.png
Saved per-update training loss plot to sbatch_scripts/logs/grid_array/K_5/enc_6/lr_1e-4/te_1/plots/hopper-medium-v2_training_losses_steps_25-12-07-14-00-00.png
Saved per-update training stats plot to sbatch_scripts/logs/grid_array/K_5/enc_6/lr_1e-4/te_1/plots/hopper-medium-v2_training_stats_steps_25-12-07-14-00-00.png
