============================================================
start time: 25-12-08-11-05-38
============================================================
dataset size: 1327
returns max : 3908.8544921875
returns mean: 2817.7890625
returns std : 877.09326171875
returns min : 1350.3359375
Using Minari eval environment: Hopper-v5
Running initial evaluation before training...
Iteration 1/15 - last training loss: 2.5928, last eval raw return: 408.97, last eval normalized score: 13.19
Iteration 2/15 - last training loss: 2.6651, last eval raw return: 682.52, last eval normalized score: 21.59
Iteration 3/15 - last training loss: 2.7233, last eval raw return: 694.51, last eval normalized score: 21.96
Iteration 4/15 - last training loss: 2.7536, last eval raw return: 820.15, last eval normalized score: 25.82
Iteration 5/15 - last training loss: 2.7703, last eval raw return: 792.39, last eval normalized score: 24.97
Iteration 6/15 - last training loss: 2.7797, last eval raw return: 893.05, last eval normalized score: 28.06
Iteration 7/15 - last training loss: 2.6962, last eval raw return: 840.53, last eval normalized score: 26.45
Iteration 8/15 - last training loss: 2.0549, last eval raw return: 969.39, last eval normalized score: 30.41
Iteration 9/15 - last training loss: -0.9328, last eval raw return: 962.72, last eval normalized score: 30.20
Iteration 10/15 - last training loss: -0.9827, last eval raw return: 1064.49, last eval normalized score: 33.33
Iteration 11/15 - last training loss: -1.0149, last eval raw return: 1016.78, last eval normalized score: 31.86
Iteration 12/15 - last training loss: -1.1024, last eval raw return: 979.26, last eval normalized score: 30.71
Iteration 13/15 - last training loss: -1.1507, last eval raw return: 992.35, last eval normalized score: 31.11
Iteration 14/15 - last training loss: -1.1657, last eval raw return: 927.36, last eval normalized score: 29.12
Iteration 15/15 - last training loss: -1.2442, last eval raw return: 756.06, last eval normalized score: 23.85
Evaluation scores over iterations: [0.7368186877581773, 13.188826696015335, 21.59402424872077, 21.962514753774716, 25.822820892223298, 24.96973235670517, 28.062592792808672, 26.44906487970947, 30.408405491377632, 30.203300734631426, 33.33041466475187, 31.86459336165411, 30.71154604125524, 31.113692810980208, 29.116822446646978, 23.853627439633236]
Raw returns over iterations: [3.7079919498420653, 408.96759600296167, 682.5208277338505, 694.5136176578909, 820.1500721280535, 792.3856889139503, 893.0450680996772, 840.5316355065061, 969.3912385144756, 962.7159559051761, 1064.490139820673, 1016.7839256492631, 979.257166896017, 992.3453242889381, 927.3557344445961, 756.061247388184]
Saved raw return evaluation plot to sbatch_scripts/logs/tau_lr/K_20/enc_6/tau_0.8/lr_4e-4/plots/hopper-medium-v2_eval_raw_return_25-12-08-11-05-38.png
Saved normalized evaluation plot to sbatch_scripts/logs/tau_lr/K_20/enc_6/tau_0.8/lr_4e-4/plots/hopper-medium-v2_eval_25-12-08-11-05-38.png
============================================================
finished training!
finished training at: 25-12-08-12-14-07
============================================================
All plots for this run saved under: sbatch_scripts/logs/tau_lr/K_20/enc_6/tau_0.8/lr_4e-4/plots
Saved per-iteration training loss plot to sbatch_scripts/logs/tau_lr/K_20/enc_6/tau_0.8/lr_4e-4/plots/hopper-medium-v2_training_losses_25-12-08-11-05-38.png
Saved per-iteration training stats plot to sbatch_scripts/logs/tau_lr/K_20/enc_6/tau_0.8/lr_4e-4/plots/hopper-medium-v2_training_stats_25-12-08-11-05-38.png
Saved per-update training loss plot to sbatch_scripts/logs/tau_lr/K_20/enc_6/tau_0.8/lr_4e-4/plots/hopper-medium-v2_training_losses_steps_25-12-08-11-05-38.png
Saved per-update training stats plot to sbatch_scripts/logs/tau_lr/K_20/enc_6/tau_0.8/lr_4e-4/plots/hopper-medium-v2_training_stats_steps_25-12-08-11-05-38.png
