Running Decision Transformer (DT) Hopper-medium experiment on babel-m5-28
Sun Nov 16 04:36:26 PM EST 2025
Using Minari eval environment from 'mujoco/hopper/medium-v0' (env id: Hopper-v5)
==================================================
Starting new experiment: hopper medium
1327 trajectories, 999404 timesteps found
Average return: 2817.79, std: 877.09
Max return: 3908.85, min: 1350.34
==================================================
================================================================================
Iteration 1
time/training: 134.1548933982849
evaluation/target_3600_normalized_score_mean: 61.09314892680075
evaluation/target_3600_normalized_score_std: 20.34715615644193
evaluation/target_1800_normalized_score_mean: 58.96347872252547
evaluation/target_1800_normalized_score_std: 17.09445619650414
time/total: 349.3184814453125
time/evaluation: 215.16211605072021
training/train_loss_mean: 0.15167413105145097
training/train_loss_std: 0.09697058524985966
training/action_error: 0.08835755288600922
================================================================================
Iteration 2
time/training: 133.70898509025574
evaluation/target_3600_normalized_score_mean: 37.61880436264787
evaluation/target_3600_normalized_score_std: 14.009060557427176
evaluation/target_1800_normalized_score_mean: 39.82241241466026
evaluation/target_1800_normalized_score_std: 15.873081163051687
time/total: 616.4923877716064
time/evaluation: 133.46378326416016
training/train_loss_mean: 0.08415445342585444
training/train_loss_std: 0.006973221677296352
training/action_error: 0.07674097269773483
================================================================================
Iteration 3
time/training: 133.13845539093018
evaluation/target_3600_normalized_score_mean: 45.62790257960825
evaluation/target_3600_normalized_score_std: 25.62556935860887
evaluation/target_1800_normalized_score_mean: 50.90988531410653
evaluation/target_1800_normalized_score_std: 27.477547118503033
time/total: 913.6415824890137
time/evaluation: 164.00971746444702
training/train_loss_mean: 0.0720337525550276
training/train_loss_std: 0.004476949887375541
training/action_error: 0.07469398528337479
================================================================================
Iteration 4
time/training: 132.623854637146
evaluation/target_3600_normalized_score_mean: 45.26562849585006
evaluation/target_3600_normalized_score_std: 23.671787706001663
evaluation/target_1800_normalized_score_mean: 50.25733379340632
evaluation/target_1800_normalized_score_std: 21.48541583206848
time/total: 1208.986171245575
time/evaluation: 162.71976780891418
training/train_loss_mean: 0.06631687210649252
training/train_loss_std: 0.003870259646067621
training/action_error: 0.06543370336294174
================================================================================
Iteration 5
time/training: 132.17477774620056
evaluation/target_3600_normalized_score_mean: 30.63567601399792
evaluation/target_3600_normalized_score_std: 13.30223826165778
evaluation/target_1800_normalized_score_mean: 33.08470360619728
evaluation/target_1800_normalized_score_std: 15.045000344089965
time/total: 1451.3557577133179
time/evaluation: 110.19397163391113
training/train_loss_mean: 0.06295454843193293
training/train_loss_std: 0.0036291465815917945
training/action_error: 0.07135915011167526
================================================================================
Iteration 6
time/training: 132.15511965751648
evaluation/target_3600_normalized_score_mean: 70.28488578573177
evaluation/target_3600_normalized_score_std: 24.357960979625787
evaluation/target_1800_normalized_score_mean: 75.3607485278224
evaluation/target_1800_normalized_score_std: 26.00476329114998
time/total: 1828.6408548355103
time/evaluation: 245.12915897369385
training/train_loss_mean: 0.060719601590186356
training/train_loss_std: 0.003490539203790776
training/action_error: 0.06606334447860718
================================================================================
Iteration 7
time/training: 132.40009140968323
evaluation/target_3600_normalized_score_mean: 54.273003831666465
evaluation/target_3600_normalized_score_std: 31.314795444080435
evaluation/target_1800_normalized_score_mean: 65.27287770051133
evaluation/target_1800_normalized_score_std: 31.364490147740465
time/total: 2163.6716783046722
time/evaluation: 202.62983059883118
training/train_loss_mean: 0.05905993681699038
training/train_loss_std: 0.0034140850547674717
training/action_error: 0.05996447056531906
================================================================================
Iteration 8
time/training: 132.6013503074646
evaluation/target_3600_normalized_score_mean: 42.877147531244844
evaluation/target_3600_normalized_score_std: 20.211020277882312
evaluation/target_1800_normalized_score_mean: 53.53022519793235
evaluation/target_1800_normalized_score_std: 28.092198245321583
time/total: 2458.1995611190796
time/evaluation: 161.9255814552307
training/train_loss_mean: 0.057746398735791446
training/train_loss_std: 0.0033188414220148223
training/action_error: 0.057706013321876526
================================================================================
Iteration 9
time/training: 132.4193992614746
evaluation/target_3600_normalized_score_mean: 53.899936983948955
evaluation/target_3600_normalized_score_std: 25.734849948474764
evaluation/target_1800_normalized_score_mean: 65.53342988872602
evaluation/target_1800_normalized_score_std: 30.04170283515784
time/total: 2787.83890748024
time/evaluation: 197.2190387248993
training/train_loss_mean: 0.05668308711759746
training/train_loss_std: 0.003287914436003427
training/action_error: 0.05941997841000557
================================================================================
Iteration 10
time/training: 132.36243844032288
evaluation/target_3600_normalized_score_mean: 74.781910000266
evaluation/target_3600_normalized_score_std: 34.31545359175891
evaluation/target_1800_normalized_score_mean: 75.8399984935645
evaluation/target_1800_normalized_score_std: 33.79899190392125
time/total: 3177.5174112319946
time/evaluation: 257.31510949134827
training/train_loss_mean: 0.055799739434570075
training/train_loss_std: 0.0032936033732909515
training/action_error: 0.05817028135061264
Sun Nov 16 05:29:32 PM EST 2025
