============================================================
start time: 25-12-08-11-05-38
============================================================
dataset size: 1327
returns max : 3908.8544921875
returns mean: 2817.7890625
returns std : 877.09326171875
returns min : 1350.3359375
Using Minari eval environment: Hopper-v5
Running initial evaluation before training...
Iteration 1/15 - last training loss: 2.6006, last eval raw return: 419.66, last eval normalized score: 13.52
Iteration 2/15 - last training loss: 2.6694, last eval raw return: 610.91, last eval normalized score: 19.39
Iteration 3/15 - last training loss: 2.7270, last eval raw return: 667.65, last eval normalized score: 21.14
Iteration 4/15 - last training loss: 2.7568, last eval raw return: 810.78, last eval normalized score: 25.53
Iteration 5/15 - last training loss: 2.7753, last eval raw return: 702.24, last eval normalized score: 22.20
Iteration 6/15 - last training loss: 2.7974, last eval raw return: 733.11, last eval normalized score: 23.15
Iteration 7/15 - last training loss: 2.7981, last eval raw return: 688.76, last eval normalized score: 21.79
Iteration 8/15 - last training loss: 2.7905, last eval raw return: 801.12, last eval normalized score: 25.24
Iteration 9/15 - last training loss: 2.7453, last eval raw return: 708.48, last eval normalized score: 22.39
Iteration 10/15 - last training loss: 2.5400, last eval raw return: 721.20, last eval normalized score: 22.78
Iteration 11/15 - last training loss: 1.6291, last eval raw return: 884.06, last eval normalized score: 27.79
Iteration 12/15 - last training loss: -0.9614, last eval raw return: 940.03, last eval normalized score: 29.51
Iteration 13/15 - last training loss: -0.9635, last eval raw return: 967.94, last eval normalized score: 30.36
Iteration 14/15 - last training loss: -0.9675, last eval raw return: 941.24, last eval normalized score: 29.54
Iteration 15/15 - last training loss: -1.0571, last eval raw return: 917.42, last eval normalized score: 28.81
Evaluation scores over iterations: [0.7368186877581773, 13.51748950002006, 19.393815721437345, 21.13722505572072, 25.534805154852563, 22.199942481283816, 23.148487016589534, 21.785593922842843, 25.23813497432409, 22.391615097978658, 22.782357372019337, 27.78664851307237, 29.506351734346964, 30.36395436084809, 29.54358084435017, 28.811630023381017]
Raw returns over iterations: [3.7079919498420653, 419.6641645989359, 610.9134503526359, 667.6539677090075, 810.776391705544, 702.2408747217929, 733.1119424684439, 688.7556012926062, 801.1210461728708, 708.4789986210121, 721.1959884558672, 884.0642619941478, 940.0332467619436, 967.9445443310017, 941.2448950655058, 917.4230263600238]
Saved raw return evaluation plot to sbatch_scripts/logs/tau_lr/K_20/enc_6/tau_0.8/lr_3e-4/plots/hopper-medium-v2_eval_raw_return_25-12-08-11-05-38.png
Saved normalized evaluation plot to sbatch_scripts/logs/tau_lr/K_20/enc_6/tau_0.8/lr_3e-4/plots/hopper-medium-v2_eval_25-12-08-11-05-38.png
============================================================
finished training!
finished training at: 25-12-08-12-18-29
============================================================
All plots for this run saved under: sbatch_scripts/logs/tau_lr/K_20/enc_6/tau_0.8/lr_3e-4/plots
Saved per-iteration training loss plot to sbatch_scripts/logs/tau_lr/K_20/enc_6/tau_0.8/lr_3e-4/plots/hopper-medium-v2_training_losses_25-12-08-11-05-38.png
Saved per-iteration training stats plot to sbatch_scripts/logs/tau_lr/K_20/enc_6/tau_0.8/lr_3e-4/plots/hopper-medium-v2_training_stats_25-12-08-11-05-38.png
Saved per-update training loss plot to sbatch_scripts/logs/tau_lr/K_20/enc_6/tau_0.8/lr_3e-4/plots/hopper-medium-v2_training_losses_steps_25-12-08-11-05-38.png
Saved per-update training stats plot to sbatch_scripts/logs/tau_lr/K_20/enc_6/tau_0.8/lr_3e-4/plots/hopper-medium-v2_training_stats_steps_25-12-08-11-05-38.png
