============================================================
start time: 25-12-07-13-18-55
============================================================
dataset size: 1327
returns max : 3908.8544921875
returns mean: 2817.7890625
returns std : 877.09326171875
returns min : 1350.3359375
Using Minari eval environment: Hopper-v5
Running initial evaluation before training...
Iteration 1/20 - last training loss: 2.6124, last eval raw return: 924.97, last eval normalized score: 29.04
Iteration 2/20 - last training loss: 2.6726, last eval raw return: 1673.04, last eval normalized score: 52.03
Iteration 3/20 - last training loss: 2.7296, last eval raw return: 1962.39, last eval normalized score: 60.92
Iteration 4/20 - last training loss: 2.7607, last eval raw return: 1933.60, last eval normalized score: 60.03
Iteration 5/20 - last training loss: 2.7877, last eval raw return: 1299.12, last eval normalized score: 40.54
Iteration 6/20 - last training loss: 2.7926, last eval raw return: 1659.69, last eval normalized score: 51.62
Iteration 7/20 - last training loss: 2.6991, last eval raw return: 2606.28, last eval normalized score: 80.70
Iteration 8/20 - last training loss: 2.0738, last eval raw return: 1236.62, last eval normalized score: 38.62
Iteration 9/20 - last training loss: -0.5192, last eval raw return: 1413.13, last eval normalized score: 44.04
Iteration 10/20 - last training loss: -0.5637, last eval raw return: 1347.90, last eval normalized score: 42.04
Iteration 11/20 - last training loss: -0.5527, last eval raw return: 1254.31, last eval normalized score: 39.16
Iteration 12/20 - last training loss: -0.5595, last eval raw return: 1339.02, last eval normalized score: 41.77
Iteration 13/20 - last training loss: -0.7426, last eval raw return: 1288.54, last eval normalized score: 40.21
Iteration 14/20 - last training loss: -0.6158, last eval raw return: 1283.93, last eval normalized score: 40.07
Iteration 15/20 - last training loss: -0.5575, last eval raw return: 1300.37, last eval normalized score: 40.58
Iteration 16/20 - last training loss: -0.5809, last eval raw return: 1282.81, last eval normalized score: 40.04
Iteration 17/20 - last training loss: -0.6728, last eval raw return: 1329.16, last eval normalized score: 41.46
Iteration 18/20 - last training loss: -0.6857, last eval raw return: 1265.52, last eval normalized score: 39.51
Iteration 19/20 - last training loss: -0.5218, last eval raw return: 1265.73, last eval normalized score: 39.51
Iteration 20/20 - last training loss: -0.5748, last eval raw return: 1251.69, last eval normalized score: 39.08
Evaluation scores over iterations: [1.0554496366742065, 29.04355567100845, 52.02867281230841, 60.919155198245456, 60.03465036653671, 40.53957679749274, 51.61859135552049, 80.70346239981811, 38.619347967926466, 44.04277269500502, 42.03846673847666, 39.16281057557233, 41.765557034803415, 40.21464923346685, 40.07286922893114, 40.57792634666312, 40.03841820443301, 41.462651080069655, 39.507193723612914, 39.51366345613352, 39.0821821640882]
Raw returns over iterations: [14.07806656842185, 924.971214255898, 1673.038471008454, 1962.3856485220645, 1933.598799232885, 1299.1175340154048, 1659.6920734878943, 2606.2802314405685, 1236.6222983357152, 1413.1315774857355, 1347.8999909170982, 1254.309681852188, 1339.0179472836912, 1288.5425315053071, 1283.92819874366, 1300.3656478217963, 1282.806965241555, 1329.1596539707305, 1265.5178804114043, 1265.7284425342275, 1251.6855719020643]
Saved raw return evaluation plot to sbatch_scripts/logs/grid_array/K_5/enc_4/lr_4e-4/te_0/plots/hopper-medium-v2_eval_raw_return_25-12-07-13-18-55.png
Saved normalized evaluation plot to sbatch_scripts/logs/grid_array/K_5/enc_4/lr_4e-4/te_0/plots/hopper-medium-v2_eval_25-12-07-13-18-55.png
============================================================
finished training!
finished training at: 25-12-07-13-58-14
============================================================
All plots for this run saved under: sbatch_scripts/logs/grid_array/K_5/enc_4/lr_4e-4/te_0/plots
Saved per-iteration training loss plot to sbatch_scripts/logs/grid_array/K_5/enc_4/lr_4e-4/te_0/plots/hopper-medium-v2_training_losses_25-12-07-13-18-55.png
Saved per-iteration training stats plot to sbatch_scripts/logs/grid_array/K_5/enc_4/lr_4e-4/te_0/plots/hopper-medium-v2_training_stats_25-12-07-13-18-55.png
Saved per-update training loss plot to sbatch_scripts/logs/grid_array/K_5/enc_4/lr_4e-4/te_0/plots/hopper-medium-v2_training_losses_steps_25-12-07-13-18-55.png
Saved per-update training stats plot to sbatch_scripts/logs/grid_array/K_5/enc_4/lr_4e-4/te_0/plots/hopper-medium-v2_training_stats_steps_25-12-07-13-18-55.png
