============================================================
start time: 25-12-07-15-10-47
============================================================
dataset size: 1327
returns max : 3908.8544921875
returns mean: 2817.7890625
returns std : 877.09326171875
returns min : 1350.3359375
Using Minari eval environment: Hopper-v5
Running initial evaluation before training...
Iteration 1/20 - last training loss: 2.5987, last eval raw return: 1287.07, last eval normalized score: 40.17
Iteration 2/20 - last training loss: 2.6665, last eval raw return: 916.20, last eval normalized score: 28.77
Iteration 3/20 - last training loss: 2.7185, last eval raw return: 1764.62, last eval normalized score: 54.84
Iteration 4/20 - last training loss: 2.7507, last eval raw return: 2227.77, last eval normalized score: 69.07
Iteration 5/20 - last training loss: 2.7747, last eval raw return: 1678.61, last eval normalized score: 52.20
Iteration 6/20 - last training loss: 2.7788, last eval raw return: 2590.79, last eval normalized score: 80.23
Iteration 7/20 - last training loss: 2.6927, last eval raw return: 2468.31, last eval normalized score: 76.46
Iteration 8/20 - last training loss: 2.0555, last eval raw return: 1784.57, last eval normalized score: 55.46
Iteration 9/20 - last training loss: -0.8001, last eval raw return: 1826.39, last eval normalized score: 56.74
Iteration 10/20 - last training loss: -0.8748, last eval raw return: 1400.91, last eval normalized score: 43.67
Iteration 11/20 - last training loss: -0.9035, last eval raw return: 1581.54, last eval normalized score: 49.22
Iteration 12/20 - last training loss: -0.9169, last eval raw return: 1409.08, last eval normalized score: 43.92
Iteration 13/20 - last training loss: -1.0325, last eval raw return: 1310.69, last eval normalized score: 40.90
Iteration 14/20 - last training loss: -1.1245, last eval raw return: 1205.24, last eval normalized score: 37.66
Iteration 15/20 - last training loss: -1.0447, last eval raw return: 1073.94, last eval normalized score: 33.62
Iteration 16/20 - last training loss: -1.0874, last eval raw return: 1038.23, last eval normalized score: 32.52
Iteration 17/20 - last training loss: -1.1566, last eval raw return: 1040.17, last eval normalized score: 32.58
Iteration 18/20 - last training loss: -1.1511, last eval raw return: 993.03, last eval normalized score: 31.13
Iteration 19/20 - last training loss: -1.1507, last eval raw return: 787.99, last eval normalized score: 24.83
Iteration 20/20 - last training loss: -1.2240, last eval raw return: 788.92, last eval normalized score: 24.86
Evaluation scores over iterations: [1.08389846508628, 40.169464770153695, 28.774050871423746, 54.84261466570683, 69.07321755872277, 52.199997107866636, 80.22746660150172, 76.46429265969392, 55.45573230163483, 56.740457592105656, 43.66711875696892, 49.217278453538306, 43.91828193299388, 40.895178463878395, 37.655236753299235, 33.62084189213923, 32.52357779408263, 32.58306629494378, 31.134780515486565, 24.834623749636936, 24.863198897441105]
Raw returns over iterations: [15.00395425901816, 1287.071970476154, 916.1999856879684, 1764.6202432479631, 2227.7655038385888, 1678.6143440834285, 2590.7886040156, 2468.3133871165464, 1784.5746000239465, 1826.3869135229404, 1400.905648455771, 1581.53960882359, 1409.0799356230375, 1310.6908473657109, 1205.2446017550583, 1073.9423039294015, 1038.2310504813431, 1040.16714675503, 993.031638879562, 787.9884816066364, 788.9184804531836]
Saved raw return evaluation plot to sbatch_scripts/logs/grid_array/K_20/enc_4/lr_4e-4/te_-1/plots/hopper-medium-v2_eval_raw_return_25-12-07-15-10-47.png
Saved normalized evaluation plot to sbatch_scripts/logs/grid_array/K_20/enc_4/lr_4e-4/te_-1/plots/hopper-medium-v2_eval_25-12-07-15-10-47.png
============================================================
finished training!
finished training at: 25-12-07-16-19-53
============================================================
All plots for this run saved under: sbatch_scripts/logs/grid_array/K_20/enc_4/lr_4e-4/te_-1/plots
Saved per-iteration training loss plot to sbatch_scripts/logs/grid_array/K_20/enc_4/lr_4e-4/te_-1/plots/hopper-medium-v2_training_losses_25-12-07-15-10-47.png
Saved per-iteration training stats plot to sbatch_scripts/logs/grid_array/K_20/enc_4/lr_4e-4/te_-1/plots/hopper-medium-v2_training_stats_25-12-07-15-10-47.png
Saved per-update training loss plot to sbatch_scripts/logs/grid_array/K_20/enc_4/lr_4e-4/te_-1/plots/hopper-medium-v2_training_losses_steps_25-12-07-15-10-47.png
Saved per-update training stats plot to sbatch_scripts/logs/grid_array/K_20/enc_4/lr_4e-4/te_-1/plots/hopper-medium-v2_training_stats_steps_25-12-07-15-10-47.png
