============================================================
start time: 25-12-07-16-39-44
============================================================
dataset size: 1327
returns max : 3908.8544921875
returns mean: 2817.7890625
returns std : 877.09326171875
returns min : 1350.3359375
Using Minari eval environment: Hopper-v5
Running initial evaluation before training...
Iteration 1/20 - last training loss: 2.5878, last eval raw return: 437.64, last eval normalized score: 14.07
Iteration 2/20 - last training loss: 2.6623, last eval raw return: 3463.81, last eval normalized score: 107.05
Iteration 3/20 - last training loss: 2.7209, last eval raw return: 3405.13, last eval normalized score: 105.25
Iteration 4/20 - last training loss: 2.7518, last eval raw return: 1602.54, last eval normalized score: 49.86
Iteration 5/20 - last training loss: 2.7686, last eval raw return: 1357.21, last eval normalized score: 42.32
Iteration 6/20 - last training loss: 2.7781, last eval raw return: 1958.20, last eval normalized score: 60.79
Iteration 7/20 - last training loss: 2.6936, last eval raw return: 1549.77, last eval normalized score: 48.24
Iteration 8/20 - last training loss: 2.0516, last eval raw return: 1325.10, last eval normalized score: 41.34
Iteration 9/20 - last training loss: -0.9276, last eval raw return: 1617.70, last eval normalized score: 50.33
Iteration 10/20 - last training loss: -0.9923, last eval raw return: 1342.16, last eval normalized score: 41.86
Iteration 11/20 - last training loss: -1.0063, last eval raw return: 1192.84, last eval normalized score: 37.27
Iteration 12/20 - last training loss: -1.0952, last eval raw return: 1221.53, last eval normalized score: 38.16
Iteration 13/20 - last training loss: -1.1154, last eval raw return: 1108.78, last eval normalized score: 34.69
Iteration 14/20 - last training loss: -1.0820, last eval raw return: 1079.65, last eval normalized score: 33.80
Iteration 15/20 - last training loss: -1.1726, last eval raw return: 991.76, last eval normalized score: 31.10
Iteration 16/20 - last training loss: -1.1723, last eval raw return: 976.42, last eval normalized score: 30.62
Iteration 17/20 - last training loss: -1.0783, last eval raw return: 1021.22, last eval normalized score: 32.00
Iteration 18/20 - last training loss: -0.9887, last eval raw return: 945.38, last eval normalized score: 29.67
Iteration 19/20 - last training loss: -0.9354, last eval raw return: 872.00, last eval normalized score: 27.42
Iteration 20/20 - last training loss: -0.9213, last eval raw return: 963.79, last eval normalized score: 30.24
Evaluation scores over iterations: [0.7368186877581773, 14.06992959490409, 107.05186919133342, 105.2489256673154, 49.86248257031953, 42.324679509550535, 60.79048870705762, 48.24110512814729, 41.337958818085355, 50.32834166532636, 41.86201877012563, 37.274060867800024, 38.15550275797315, 34.69135147503293, 33.79631839177607, 31.095697049109035, 30.624334066950265, 32.00097300214855, 29.67065541866844, 27.415946698368455, 30.236310753136593]
Raw returns over iterations: [3.7079919498420653, 437.6437269287472, 3463.8081816859653, 3405.1300810784837, 1602.5382433190716, 1357.2149924978416, 1958.19810453405, 1549.7693421266165, 1325.1014541457114, 1617.6999644054874, 1342.1573642064104, 1192.8389569522624, 1221.5261205945055, 1108.782812336631, 1079.6533134883655, 991.7596392070049, 976.4187901336435, 1021.2224996584536, 945.380628967965, 871.9995033986617, 963.7902908253205]
Saved raw return evaluation plot to sbatch_scripts/logs/grid_array/K_20/enc_6/lr_4e-4/te_0/plots/hopper-medium-v2_eval_raw_return_25-12-07-16-39-44.png
Saved normalized evaluation plot to sbatch_scripts/logs/grid_array/K_20/enc_6/lr_4e-4/te_0/plots/hopper-medium-v2_eval_25-12-07-16-39-44.png
============================================================
finished training!
finished training at: 25-12-07-18-33-05
============================================================
All plots for this run saved under: sbatch_scripts/logs/grid_array/K_20/enc_6/lr_4e-4/te_0/plots
Saved per-iteration training loss plot to sbatch_scripts/logs/grid_array/K_20/enc_6/lr_4e-4/te_0/plots/hopper-medium-v2_training_losses_25-12-07-16-39-44.png
Saved per-iteration training stats plot to sbatch_scripts/logs/grid_array/K_20/enc_6/lr_4e-4/te_0/plots/hopper-medium-v2_training_stats_25-12-07-16-39-44.png
Saved per-update training loss plot to sbatch_scripts/logs/grid_array/K_20/enc_6/lr_4e-4/te_0/plots/hopper-medium-v2_training_losses_steps_25-12-07-16-39-44.png
Saved per-update training stats plot to sbatch_scripts/logs/grid_array/K_20/enc_6/lr_4e-4/te_0/plots/hopper-medium-v2_training_stats_steps_25-12-07-16-39-44.png
