============================================================
start time: 25-12-08-11-05-38
============================================================
dataset size: 1327
returns max : 3908.8544921875
returns mean: 2817.7890625
returns std : 877.09326171875
returns min : 1350.3359375
Using Minari eval environment: Hopper-v5
Running initial evaluation before training...
Iteration 1/15 - last training loss: 2.6095, last eval raw return: 417.38, last eval normalized score: 13.45
Iteration 2/15 - last training loss: 2.6756, last eval raw return: 620.71, last eval normalized score: 19.69
Iteration 3/15 - last training loss: 2.7299, last eval raw return: 1002.70, last eval normalized score: 31.43
Iteration 4/15 - last training loss: 2.7596, last eval raw return: 1279.89, last eval normalized score: 39.95
Iteration 5/15 - last training loss: 2.7777, last eval raw return: 1432.96, last eval normalized score: 44.65
Iteration 6/15 - last training loss: 2.8010, last eval raw return: 2645.15, last eval normalized score: 81.90
Iteration 7/15 - last training loss: 2.8036, last eval raw return: 1598.03, last eval normalized score: 49.72
Iteration 8/15 - last training loss: 2.8060, last eval raw return: 1601.54, last eval normalized score: 49.83
Iteration 9/15 - last training loss: 2.8082, last eval raw return: 1722.52, last eval normalized score: 53.55
Iteration 10/15 - last training loss: 2.8102, last eval raw return: 1165.63, last eval normalized score: 36.44
Iteration 11/15 - last training loss: 2.8067, last eval raw return: 1170.81, last eval normalized score: 36.60
Iteration 12/15 - last training loss: 2.7984, last eval raw return: 1363.37, last eval normalized score: 42.51
Iteration 13/15 - last training loss: 2.7792, last eval raw return: 1424.88, last eval normalized score: 44.40
Iteration 14/15 - last training loss: 2.7267, last eval raw return: 1475.22, last eval normalized score: 45.95
Iteration 15/15 - last training loss: 2.5800, last eval raw return: 1455.46, last eval normalized score: 45.34
Evaluation scores over iterations: [0.7368186877581773, 13.44730795253846, 19.69481728843646, 31.431898908080193, 39.94866243454588, 44.65188500336334, 81.89783139786907, 49.7239075459548, 49.83166151578749, 53.54917220654792, 36.43806915733636, 36.59704594779778, 42.5136621228732, 44.403735720831264, 45.95038875186043, 45.34349762420905]
Raw returns over iterations: [3.7079919498420653, 417.38005539137924, 620.7097639898051, 1002.7015717979755, 1279.885798812669, 1432.9555779799116, 2645.151834070641, 1598.0282189544503, 1601.5351498141629, 1722.5242231910663, 1165.631002271416, 1170.8050168651514, 1363.3655682923063, 1424.8793801555664, 1475.2163213578847, 1455.4646107958408]
Saved raw return evaluation plot to sbatch_scripts/logs/tau_lr/K_20/enc_6/tau_0.99/lr_2e-4/plots/hopper-medium-v2_eval_raw_return_25-12-08-11-05-38.png
Saved normalized evaluation plot to sbatch_scripts/logs/tau_lr/K_20/enc_6/tau_0.99/lr_2e-4/plots/hopper-medium-v2_eval_25-12-08-11-05-38.png
============================================================
finished training!
finished training at: 25-12-08-12-14-54
============================================================
All plots for this run saved under: sbatch_scripts/logs/tau_lr/K_20/enc_6/tau_0.99/lr_2e-4/plots
Saved per-iteration training loss plot to sbatch_scripts/logs/tau_lr/K_20/enc_6/tau_0.99/lr_2e-4/plots/hopper-medium-v2_training_losses_25-12-08-11-05-38.png
Saved per-iteration training stats plot to sbatch_scripts/logs/tau_lr/K_20/enc_6/tau_0.99/lr_2e-4/plots/hopper-medium-v2_training_stats_25-12-08-11-05-38.png
Saved per-update training loss plot to sbatch_scripts/logs/tau_lr/K_20/enc_6/tau_0.99/lr_2e-4/plots/hopper-medium-v2_training_losses_steps_25-12-08-11-05-38.png
Saved per-update training stats plot to sbatch_scripts/logs/tau_lr/K_20/enc_6/tau_0.99/lr_2e-4/plots/hopper-medium-v2_training_stats_steps_25-12-08-11-05-38.png
