============================================================
start time: 25-12-07-16-04-31
============================================================
dataset size: 1327
returns max : 3908.8544921875
returns mean: 2817.7890625
returns std : 877.09326171875
returns min : 1350.3359375
Using Minari eval environment: Hopper-v5
Running initial evaluation before training...
Iteration 1/20 - last training loss: 2.6387, last eval raw return: 438.61, last eval normalized score: 14.10
Iteration 2/20 - last training loss: 2.6934, last eval raw return: 430.68, last eval normalized score: 13.86
Iteration 3/20 - last training loss: 2.7438, last eval raw return: 508.30, last eval normalized score: 16.24
Iteration 4/20 - last training loss: 2.7699, last eval raw return: 971.53, last eval normalized score: 30.47
Iteration 5/20 - last training loss: 2.7873, last eval raw return: 1300.65, last eval normalized score: 40.59
Iteration 6/20 - last training loss: 2.8102, last eval raw return: 1434.85, last eval normalized score: 44.71
Iteration 7/20 - last training loss: 2.8120, last eval raw return: 1655.40, last eval normalized score: 51.49
Iteration 8/20 - last training loss: 2.8139, last eval raw return: 1696.68, last eval normalized score: 52.75
Iteration 9/20 - last training loss: 2.8161, last eval raw return: 1759.63, last eval normalized score: 54.69
Iteration 10/20 - last training loss: 2.8195, last eval raw return: 1374.16, last eval normalized score: 42.85
Iteration 11/20 - last training loss: 2.8195, last eval raw return: 1371.01, last eval normalized score: 42.75
Iteration 12/20 - last training loss: 2.8171, last eval raw return: 1259.98, last eval normalized score: 39.34
Iteration 13/20 - last training loss: 2.8194, last eval raw return: 1283.62, last eval normalized score: 40.06
Iteration 14/20 - last training loss: 2.8201, last eval raw return: 1180.02, last eval normalized score: 36.88
Iteration 15/20 - last training loss: 2.8182, last eval raw return: 1200.02, last eval normalized score: 37.49
Iteration 16/20 - last training loss: 2.8167, last eval raw return: 1155.38, last eval normalized score: 36.12
Iteration 17/20 - last training loss: 2.8175, last eval raw return: 1261.65, last eval normalized score: 39.39
Iteration 18/20 - last training loss: 2.8178, last eval raw return: 1220.94, last eval normalized score: 38.14
Iteration 19/20 - last training loss: 2.8135, last eval raw return: 1221.88, last eval normalized score: 38.17
Iteration 20/20 - last training loss: 2.8144, last eval raw return: 1264.32, last eval normalized score: 39.47
Evaluation scores over iterations: [0.7368186877581773, 14.099474701504905, 13.855956534192723, 16.240986884079803, 30.47417155267856, 40.586601458523816, 44.71016013554706, 51.48660960292422, 52.754972280046466, 54.68926274327073, 42.84546885615163, 42.74861470520289, 39.3370833991785, 40.06348051938204, 36.88020557098875, 37.49463043088078, 36.123131661778714, 39.38844758313999, 38.13734908780341, 38.16627333787335, 39.470371593965474]
Raw returns over iterations: [3.7079919498420653, 438.60529378566, 430.67981895467426, 508.30235618794376, 971.5316425316649, 1300.6479856098424, 1434.8521842926652, 1655.3966319202423, 1696.6764123368193, 1759.6292940511723, 1374.1644583397115, 1371.0122699666908, 1259.9815169044161, 1283.622636402878, 1180.020651540467, 1200.0175528655482, 1155.3811337629365, 1261.6532014103163, 1220.9352962728199, 1221.8766569050251, 1264.3194775777874]
Saved raw return evaluation plot to sbatch_scripts/logs/grid_array/K_20/enc_6/lr_1e-4/te_0/plots/hopper-medium-v2_eval_raw_return_25-12-07-16-04-31.png
Saved normalized evaluation plot to sbatch_scripts/logs/grid_array/K_20/enc_6/lr_1e-4/te_0/plots/hopper-medium-v2_eval_25-12-07-16-04-31.png
============================================================
finished training!
finished training at: 25-12-07-17-36-21
============================================================
All plots for this run saved under: sbatch_scripts/logs/grid_array/K_20/enc_6/lr_1e-4/te_0/plots
Saved per-iteration training loss plot to sbatch_scripts/logs/grid_array/K_20/enc_6/lr_1e-4/te_0/plots/hopper-medium-v2_training_losses_25-12-07-16-04-31.png
Saved per-iteration training stats plot to sbatch_scripts/logs/grid_array/K_20/enc_6/lr_1e-4/te_0/plots/hopper-medium-v2_training_stats_25-12-07-16-04-31.png
Saved per-update training loss plot to sbatch_scripts/logs/grid_array/K_20/enc_6/lr_1e-4/te_0/plots/hopper-medium-v2_training_losses_steps_25-12-07-16-04-31.png
Saved per-update training stats plot to sbatch_scripts/logs/grid_array/K_20/enc_6/lr_1e-4/te_0/plots/hopper-medium-v2_training_stats_steps_25-12-07-16-04-31.png
