============================================================
start time: 25-12-07-13-18-56
============================================================
dataset size: 1327
returns max : 3908.8544921875
returns mean: 2817.7890625
returns std : 877.09326171875
returns min : 1350.3359375
Using Minari eval environment: Hopper-v5
Running initial evaluation before training...
Iteration 1/20 - last training loss: 2.6597, last eval raw return: 693.68, last eval normalized score: 21.94
Iteration 2/20 - last training loss: 2.7094, last eval raw return: 734.48, last eval normalized score: 23.19
Iteration 3/20 - last training loss: 2.7599, last eval raw return: 1015.52, last eval normalized score: 31.83
Iteration 4/20 - last training loss: 2.7875, last eval raw return: 1085.76, last eval normalized score: 33.98
Iteration 5/20 - last training loss: 2.8160, last eval raw return: 1041.86, last eval normalized score: 32.64
Iteration 6/20 - last training loss: 2.8289, last eval raw return: 1124.03, last eval normalized score: 35.16
Iteration 7/20 - last training loss: 2.8204, last eval raw return: 1787.77, last eval normalized score: 55.55
Iteration 8/20 - last training loss: 2.8286, last eval raw return: 1312.24, last eval normalized score: 40.94
Iteration 9/20 - last training loss: 2.8301, last eval raw return: 1576.95, last eval normalized score: 49.08
Iteration 10/20 - last training loss: 2.8272, last eval raw return: 1577.26, last eval normalized score: 49.09
Iteration 11/20 - last training loss: 2.8287, last eval raw return: 1727.77, last eval normalized score: 53.71
Iteration 12/20 - last training loss: 2.8329, last eval raw return: 2011.58, last eval normalized score: 62.43
Iteration 13/20 - last training loss: 2.8242, last eval raw return: 2080.10, last eval normalized score: 64.54
Iteration 14/20 - last training loss: 2.8290, last eval raw return: 1905.07, last eval normalized score: 59.16
Iteration 15/20 - last training loss: 2.8317, last eval raw return: 2169.58, last eval normalized score: 67.29
Iteration 16/20 - last training loss: 2.8320, last eval raw return: 1860.04, last eval normalized score: 57.77
Iteration 17/20 - last training loss: 2.8230, last eval raw return: 1789.20, last eval normalized score: 55.60
Iteration 18/20 - last training loss: 2.8231, last eval raw return: 2172.69, last eval normalized score: 67.38
Iteration 19/20 - last training loss: 2.8269, last eval raw return: 2638.55, last eval normalized score: 81.70
Iteration 20/20 - last training loss: 2.8252, last eval raw return: 2493.94, last eval normalized score: 77.25
Evaluation scores over iterations: [1.0554496366742065, 21.93701250635603, 23.190589657441958, 31.82561179539862, 33.98392933390155, 32.63505277033557, 35.15996694536116, 55.554057679430315, 40.94262541205369, 49.076350611091556, 49.08564937591493, 53.710471561864246, 62.430592421255646, 64.53611908986322, 59.15792763879977, 67.28540485859493, 57.77441759262282, 55.597979415868316, 67.38087500412631, 81.69508820778472, 77.25184635657814]
Raw returns over iterations: [14.07806656842185, 693.6836285762498, 734.4822033573004, 1015.5152423898567, 1085.759247251931, 1041.8590841854768, 1124.0342416508788, 1787.7746705384648, 1312.2350426005917, 1576.9530102932843, 1577.255645317933, 1727.7738273373348, 2011.5764657896154, 2080.1023536205066, 1905.0652241443179, 2169.5798468349553, 1860.03788934455, 1789.204135208451, 2172.6869917509625, 2638.5534103558825, 2493.9448916223437]
Saved raw return evaluation plot to sbatch_scripts/logs/grid_array/K_5/enc_4/lr_1e-4/te_1/plots/hopper-medium-v2_eval_raw_return_25-12-07-13-18-56.png
Saved normalized evaluation plot to sbatch_scripts/logs/grid_array/K_5/enc_4/lr_1e-4/te_1/plots/hopper-medium-v2_eval_25-12-07-13-18-56.png
============================================================
finished training!
finished training at: 25-12-07-14-22-43
============================================================
All plots for this run saved under: sbatch_scripts/logs/grid_array/K_5/enc_4/lr_1e-4/te_1/plots
Saved per-iteration training loss plot to sbatch_scripts/logs/grid_array/K_5/enc_4/lr_1e-4/te_1/plots/hopper-medium-v2_training_losses_25-12-07-13-18-56.png
Saved per-iteration training stats plot to sbatch_scripts/logs/grid_array/K_5/enc_4/lr_1e-4/te_1/plots/hopper-medium-v2_training_stats_25-12-07-13-18-56.png
Saved per-update training loss plot to sbatch_scripts/logs/grid_array/K_5/enc_4/lr_1e-4/te_1/plots/hopper-medium-v2_training_losses_steps_25-12-07-13-18-56.png
Saved per-update training stats plot to sbatch_scripts/logs/grid_array/K_5/enc_4/lr_1e-4/te_1/plots/hopper-medium-v2_training_stats_steps_25-12-07-13-18-56.png
