============================================================
start time: 25-12-07-14-22-49
============================================================
dataset size: 1327
returns max : 3908.8544921875
returns mean: 2817.7890625
returns std : 877.09326171875
returns min : 1350.3359375
Using Minari eval environment: Hopper-v5
Running initial evaluation before training...
Iteration 1/20 - last training loss: 2.6543, last eval raw return: 239.52, last eval normalized score: 7.98
Iteration 2/20 - last training loss: 2.7034, last eval raw return: 1185.21, last eval normalized score: 37.04
Iteration 3/20 - last training loss: 2.7450, last eval raw return: 1237.88, last eval normalized score: 38.66
Iteration 4/20 - last training loss: 2.7741, last eval raw return: 1619.39, last eval normalized score: 50.38
Iteration 5/20 - last training loss: 2.7976, last eval raw return: 1871.08, last eval normalized score: 58.11
Iteration 6/20 - last training loss: 2.8091, last eval raw return: 1952.73, last eval normalized score: 60.62
Iteration 7/20 - last training loss: 2.8116, last eval raw return: 2299.04, last eval normalized score: 71.26
Iteration 8/20 - last training loss: 2.8159, last eval raw return: 1556.43, last eval normalized score: 48.45
Iteration 9/20 - last training loss: 2.8228, last eval raw return: 1806.29, last eval normalized score: 56.12
Iteration 10/20 - last training loss: 2.8206, last eval raw return: 2339.72, last eval normalized score: 72.51
Iteration 11/20 - last training loss: 2.8222, last eval raw return: 2173.80, last eval normalized score: 67.41
Iteration 12/20 - last training loss: 2.8217, last eval raw return: 2871.18, last eval normalized score: 88.84
Iteration 13/20 - last training loss: 2.8202, last eval raw return: 1792.12, last eval normalized score: 55.69
Iteration 14/20 - last training loss: 2.8163, last eval raw return: 2742.52, last eval normalized score: 84.89
Iteration 15/20 - last training loss: 2.8227, last eval raw return: 2468.49, last eval normalized score: 76.47
Iteration 16/20 - last training loss: 2.8204, last eval raw return: 1429.85, last eval normalized score: 44.56
Iteration 17/20 - last training loss: 2.8162, last eval raw return: 1628.89, last eval normalized score: 50.67
Iteration 18/20 - last training loss: 2.8155, last eval raw return: 1343.31, last eval normalized score: 41.90
Iteration 19/20 - last training loss: 2.8170, last eval raw return: 1463.64, last eval normalized score: 45.59
Iteration 20/20 - last training loss: 2.8149, last eval raw return: 1518.09, last eval normalized score: 47.27
Evaluation scores over iterations: [1.08389846508628, 7.982308731741979, 37.03976858257023, 38.657860201088354, 50.38040667211578, 58.113664889262985, 60.62248051315662, 71.26328122270301, 48.445712315378856, 56.12298050001149, 72.51310643668756, 67.41495867237967, 88.84275743585312, 55.68769291955159, 84.88944313567923, 76.46961707292171, 44.556494899799546, 50.67229249709837, 41.89728740540458, 45.59475847335947, 47.267675568649715]
Raw returns over iterations: [15.00395425901816, 239.5177042828712, 1185.2137451244218, 1237.875706810239, 1619.3944576970525, 1871.0789379064622, 1952.7301563852175, 2299.0427093083576, 1556.4284309762947, 1806.2906750939244, 2339.7191745836058, 2173.7962693784643, 2871.1794735056037, 1792.123926053172, 2742.51600116254, 2468.4866739948616, 1429.8510380876137, 1628.8940929191565, 1343.3052074425507, 1463.6420768055982, 1518.0883732745249]
Saved raw return evaluation plot to sbatch_scripts/logs/grid_array/K_20/enc_4/lr_1e-4/te_0/plots/hopper-medium-v2_eval_raw_return_25-12-07-14-22-49.png
Saved normalized evaluation plot to sbatch_scripts/logs/grid_array/K_20/enc_4/lr_1e-4/te_0/plots/hopper-medium-v2_eval_25-12-07-14-22-49.png
============================================================
finished training!
finished training at: 25-12-07-15-32-05
============================================================
All plots for this run saved under: sbatch_scripts/logs/grid_array/K_20/enc_4/lr_1e-4/te_0/plots
Saved per-iteration training loss plot to sbatch_scripts/logs/grid_array/K_20/enc_4/lr_1e-4/te_0/plots/hopper-medium-v2_training_losses_25-12-07-14-22-49.png
Saved per-iteration training stats plot to sbatch_scripts/logs/grid_array/K_20/enc_4/lr_1e-4/te_0/plots/hopper-medium-v2_training_stats_25-12-07-14-22-49.png
Saved per-update training loss plot to sbatch_scripts/logs/grid_array/K_20/enc_4/lr_1e-4/te_0/plots/hopper-medium-v2_training_losses_steps_25-12-07-14-22-49.png
Saved per-update training stats plot to sbatch_scripts/logs/grid_array/K_20/enc_4/lr_1e-4/te_0/plots/hopper-medium-v2_training_stats_steps_25-12-07-14-22-49.png
