============================================================
start time: 25-12-07-17-20-55
============================================================
dataset size: 1327
returns max : 3908.8544921875
returns mean: 2817.7890625
returns std : 877.09326171875
returns min : 1350.3359375
Using Minari eval environment: Hopper-v5
Running initial evaluation before training...
Iteration 1/20 - last training loss: 2.5878, last eval raw return: 437.64, last eval normalized score: 14.07
Iteration 2/20 - last training loss: 2.6623, last eval raw return: 3463.89, last eval normalized score: 107.05
Iteration 3/20 - last training loss: 2.7209, last eval raw return: 3404.39, last eval normalized score: 105.23
Iteration 4/20 - last training loss: 2.7518, last eval raw return: 1602.54, last eval normalized score: 49.86
Iteration 5/20 - last training loss: 2.7686, last eval raw return: 1357.22, last eval normalized score: 42.32
Iteration 6/20 - last training loss: 2.7781, last eval raw return: 1955.99, last eval normalized score: 60.72
Iteration 7/20 - last training loss: 2.6936, last eval raw return: 1549.73, last eval normalized score: 48.24
Iteration 8/20 - last training loss: 2.0516, last eval raw return: 1325.10, last eval normalized score: 41.34
Iteration 9/20 - last training loss: -0.9273, last eval raw return: 1621.13, last eval normalized score: 50.43
Iteration 10/20 - last training loss: -0.9914, last eval raw return: 1342.12, last eval normalized score: 41.86
Iteration 11/20 - last training loss: -1.0047, last eval raw return: 1192.84, last eval normalized score: 37.27
Iteration 12/20 - last training loss: -1.0923, last eval raw return: 1221.54, last eval normalized score: 38.16
Iteration 13/20 - last training loss: -1.1103, last eval raw return: 1108.79, last eval normalized score: 34.69
Iteration 14/20 - last training loss: -1.0734, last eval raw return: 1076.04, last eval normalized score: 33.69
Iteration 15/20 - last training loss: -1.1567, last eval raw return: 991.79, last eval normalized score: 31.10
Iteration 16/20 - last training loss: -1.1453, last eval raw return: 977.57, last eval normalized score: 30.66
Iteration 17/20 - last training loss: -1.0383, last eval raw return: 1029.27, last eval normalized score: 32.25
Iteration 18/20 - last training loss: -0.9371, last eval raw return: 943.03, last eval normalized score: 29.60
Iteration 19/20 - last training loss: -0.9048, last eval raw return: 859.78, last eval normalized score: 27.04
Iteration 20/20 - last training loss: -1.0033, last eval raw return: 949.88, last eval normalized score: 29.81
Evaluation scores over iterations: [0.7368186877581773, 14.069929467811972, 107.05449884653724, 105.22619834842996, 49.86241432077133, 42.32472924507205, 60.722614461235395, 48.23992444456222, 41.337961293078564, 50.433870479823305, 41.860764993458005, 37.27409327411999, 38.15588049535759, 34.69171917651584, 33.68530280776217, 31.096741922282067, 30.65958154022387, 32.24819736527732, 29.598562981545516, 27.04048776890816, 29.80898876429264]
Raw returns over iterations: [3.7079919498420653, 437.64372279244236, 3463.8937657159454, 3404.3904040523694, 1602.5360220881776, 1357.2166111763506, 1955.989088127292, 1549.7309159256472, 1325.1015346961549, 1621.1344759759002, 1342.1165591382194, 1192.840011639377, 1221.5384143308052, 1108.7947794472586, 1076.040231036815, 991.7936453599169, 977.5659446370186, 1029.2685953120554, 943.0343284753628, 859.7799210637975, 949.8827877232301]
Saved raw return evaluation plot to sbatch_scripts/logs/grid_array/K_20/enc_6/lr_4e-4/te_1/plots/hopper-medium-v2_eval_raw_return_25-12-07-17-20-55.png
Saved normalized evaluation plot to sbatch_scripts/logs/grid_array/K_20/enc_6/lr_4e-4/te_1/plots/hopper-medium-v2_eval_25-12-07-17-20-55.png
============================================================
finished training!
finished training at: 25-12-07-18-53-37
============================================================
All plots for this run saved under: sbatch_scripts/logs/grid_array/K_20/enc_6/lr_4e-4/te_1/plots
Saved per-iteration training loss plot to sbatch_scripts/logs/grid_array/K_20/enc_6/lr_4e-4/te_1/plots/hopper-medium-v2_training_losses_25-12-07-17-20-55.png
Saved per-iteration training stats plot to sbatch_scripts/logs/grid_array/K_20/enc_6/lr_4e-4/te_1/plots/hopper-medium-v2_training_stats_25-12-07-17-20-55.png
Saved per-update training loss plot to sbatch_scripts/logs/grid_array/K_20/enc_6/lr_4e-4/te_1/plots/hopper-medium-v2_training_losses_steps_25-12-07-17-20-55.png
Saved per-update training stats plot to sbatch_scripts/logs/grid_array/K_20/enc_6/lr_4e-4/te_1/plots/hopper-medium-v2_training_stats_steps_25-12-07-17-20-55.png
