Running Decision Transformer (DT) Hopper-medium experiment on babel-t5-32
Sun Nov 16 17:04:59 EST 2025
Using Minari eval environment from 'mujoco/hopper/medium-v0' (env id: Hopper-v5)
==================================================
Starting new experiment: hopper medium
1327 trajectories, 999404 timesteps found
Average return: 2817.79, std: 877.09
Max return: 3908.85, min: 1350.34
==================================================
================================================================================
Iteration 1
time/training: 138.7045500278473
evaluation/target_3600_normalized_score_mean: 32.31479535826867
evaluation/target_3600_normalized_score_std: 10.068749970312105
evaluation/target_1800_normalized_score_mean: 35.645543325885754
evaluation/target_1800_normalized_score_std: 10.691952311703298
time/total: 262.24533247947693
time/evaluation: 123.53919124603271
training/train_loss_mean: 0.2417287078253925
training/train_loss_std: 0.13037275116728053
training/action_error: 0.13478659093379974
