============================================================
start time: 25-12-08-11-05-38
============================================================
dataset size: 1327
returns max : 3908.8544921875
returns mean: 2817.7890625
returns std : 877.09326171875
returns min : 1350.3359375
Using Minari eval environment: Hopper-v5
Running initial evaluation before training...
Iteration 1/15 - last training loss: 2.5916, last eval raw return: 410.24, last eval normalized score: 13.23
Iteration 2/15 - last training loss: 2.6643, last eval raw return: 778.95, last eval normalized score: 24.56
Iteration 3/15 - last training loss: 2.7224, last eval raw return: 717.34, last eval normalized score: 22.66
Iteration 4/15 - last training loss: 2.7533, last eval raw return: 928.82, last eval normalized score: 29.16
Iteration 5/15 - last training loss: 2.7695, last eval raw return: 904.28, last eval normalized score: 28.41
Iteration 6/15 - last training loss: 2.7789, last eval raw return: 917.96, last eval normalized score: 28.83
Iteration 7/15 - last training loss: 2.6950, last eval raw return: 782.94, last eval normalized score: 24.68
Iteration 8/15 - last training loss: 2.0542, last eval raw return: 972.73, last eval normalized score: 30.51
Iteration 9/15 - last training loss: -0.9107, last eval raw return: 1025.49, last eval normalized score: 32.13
Iteration 10/15 - last training loss: -0.9805, last eval raw return: 986.11, last eval normalized score: 30.92
Iteration 11/15 - last training loss: -1.0273, last eval raw return: 1031.41, last eval normalized score: 32.31
Iteration 12/15 - last training loss: -1.1157, last eval raw return: 1014.22, last eval normalized score: 31.79
Iteration 13/15 - last training loss: -1.1420, last eval raw return: 871.62, last eval normalized score: 27.40
Iteration 14/15 - last training loss: -1.1451, last eval raw return: 1089.31, last eval normalized score: 34.09
Iteration 15/15 - last training loss: -1.2267, last eval raw return: 819.47, last eval normalized score: 25.80
Evaluation scores over iterations: [0.7368186877581773, 13.228049013661636, 24.55677280803917, 22.663805135226983, 29.161719774630228, 28.40774829952074, 28.828149448260376, 24.679477803898596, 30.510867127902223, 32.13198523795132, 30.92224175545706, 32.313898242331746, 31.785824712080796, 27.404172204224807, 34.092922007144345, 25.801992358823213]
Raw returns over iterations: [3.7079919498420653, 410.2441146904573, 778.9456218122137, 717.3376201902653, 928.8169504468239, 904.2784036303105, 917.9606629870925, 782.939144624306, 972.7259265600549, 1025.4863876010522, 986.1144112582513, 1031.406877860811, 1014.2203429952275, 871.6162939732087, 1089.30649260977, 819.4721924484764]
Saved raw return evaluation plot to sbatch_scripts/logs/tau_lr/K_20/enc_6/tau_0.9/lr_4e-4/plots/hopper-medium-v2_eval_raw_return_25-12-08-11-05-38.png
Saved normalized evaluation plot to sbatch_scripts/logs/tau_lr/K_20/enc_6/tau_0.9/lr_4e-4/plots/hopper-medium-v2_eval_25-12-08-11-05-38.png
============================================================
finished training!
finished training at: 25-12-08-12-14-00
============================================================
All plots for this run saved under: sbatch_scripts/logs/tau_lr/K_20/enc_6/tau_0.9/lr_4e-4/plots
Saved per-iteration training loss plot to sbatch_scripts/logs/tau_lr/K_20/enc_6/tau_0.9/lr_4e-4/plots/hopper-medium-v2_training_losses_25-12-08-11-05-38.png
Saved per-iteration training stats plot to sbatch_scripts/logs/tau_lr/K_20/enc_6/tau_0.9/lr_4e-4/plots/hopper-medium-v2_training_stats_25-12-08-11-05-38.png
Saved per-update training loss plot to sbatch_scripts/logs/tau_lr/K_20/enc_6/tau_0.9/lr_4e-4/plots/hopper-medium-v2_training_losses_steps_25-12-08-11-05-38.png
Saved per-update training stats plot to sbatch_scripts/logs/tau_lr/K_20/enc_6/tau_0.9/lr_4e-4/plots/hopper-medium-v2_training_stats_steps_25-12-08-11-05-38.png
