Running online Reinformer (Hopper-medium) moderate on babel-m5-24
beta_rl=0.20, adv_scale=2.0
Tue Dec  9 07:50:06 EST 2025
============================================================
start time: 25-12-09-07-50-09
============================================================
dataset size: 1327
returns max : 3908.8544921875
returns mean: 2817.7890625
returns std : 877.09326171875
returns min : 1350.3359375
Using Minari eval environment: Hopper-v5
Loaded pretrained model from models/reinformer_hopper_medium_offline.pt
[Online step 200] loss=3.0427, rtg_loss=0.0002, action_loss=2.4199, temp_loss=0.1232, entropy=4.2567, temp=0.0980, grad_norm=0.2500, adv_mean=-5.662441182607836e-08, adv_std=0.9996092319488525, weights_mean=1.0988277196884155, weights_max=2.5268852710723877
[Online] Iteration 1/50 - last training loss: 3.0350, last eval raw return: 2441.02, last eval normalized score: 75.63
[Online step 400] loss=3.0559, rtg_loss=0.0002, action_loss=2.4316, temp_loss=0.1208, entropy=4.2567, temp=0.0961, grad_norm=0.2500, adv_mean=1.639127766850379e-08, adv_std=0.9996093511581421, weights_mean=1.098215937614441, weights_max=2.297532558441162
[Online step 600] loss=3.0490, rtg_loss=0.0002, action_loss=2.4275, temp_loss=0.1185, entropy=4.2567, temp=0.0942, grad_norm=0.2500, adv_mean=1.1324882365215672e-07, adv_std=0.9996092319488525, weights_mean=1.0984030961990356, weights_max=2.306121587753296
[Online] Iteration 2/50 - last training loss: 3.0490, last eval raw return: 1863.53, last eval normalized score: 57.88
[Online step 800] loss=3.0608, rtg_loss=0.0002, action_loss=2.4394, temp_loss=0.1162, entropy=4.2567, temp=0.0924, grad_norm=0.2500, adv_mean=5.327165197854811e-08, adv_std=0.9996093511581421, weights_mean=1.0976265668869019, weights_max=2.215200185775757
[Online] Iteration 3/50 - last training loss: 3.0736, last eval raw return: 2421.16, last eval normalized score: 75.02
[Online step 1000] loss=3.0710, rtg_loss=0.0002, action_loss=2.4496, temp_loss=0.1140, entropy=4.2567, temp=0.0907, grad_norm=0.2500, adv_mean=5.9604645663569045e-09, adv_std=0.9996092319488525, weights_mean=1.0974019765853882, weights_max=2.324680805206299
[Online step 1200] loss=3.0805, rtg_loss=0.0002, action_loss=2.4596, temp_loss=0.1118, entropy=4.2567, temp=0.0890, grad_norm=0.2500, adv_mean=-7.525086687110161e-08, adv_std=0.9996093511581421, weights_mean=1.096130609512329, weights_max=2.2375357151031494
[Online] Iteration 4/50 - last training loss: 3.0805, last eval raw return: 1933.62, last eval normalized score: 60.04
[Online step 1400] loss=3.0897, rtg_loss=0.0002, action_loss=2.4685, temp_loss=0.1097, entropy=4.2567, temp=0.0873, grad_norm=0.2500, adv_mean=-1.0877847955725883e-07, adv_std=0.9996092319488525, weights_mean=1.096382975578308, weights_max=2.37204909324646
[Online] Iteration 5/50 - last training loss: 3.0947, last eval raw return: 2187.19, last eval normalized score: 67.83
[Online step 1600] loss=3.1044, rtg_loss=0.0002, action_loss=2.4821, temp_loss=0.1076, entropy=4.2567, temp=0.0856, grad_norm=0.2500, adv_mean=-1.7881394143159923e-08, adv_std=0.9996094107627869, weights_mean=1.0959328413009644, weights_max=2.329447031021118
[Online step 1800] loss=3.1089, rtg_loss=0.0002, action_loss=2.4846, temp_loss=0.1056, entropy=4.2567, temp=0.0840, grad_norm=0.2500, adv_mean=8.940697071579962e-09, adv_std=0.9996092915534973, weights_mean=1.0988391637802124, weights_max=2.3883538246154785
[Online] Iteration 6/50 - last training loss: 3.1089, last eval raw return: 1821.18, last eval normalized score: 56.58
[Online step 2000] loss=3.1067, rtg_loss=0.0002, action_loss=2.4854, temp_loss=0.1037, entropy=4.2567, temp=0.0825, grad_norm=0.2500, adv_mean=4.9918892131017856e-08, adv_std=0.9996092319488525, weights_mean=1.0958120822906494, weights_max=2.4457244873046875
[Online] Iteration 7/50 - last training loss: 3.1146, last eval raw return: 2245.58, last eval normalized score: 69.62
[Online step 2200] loss=3.1035, rtg_loss=0.0002, action_loss=2.4825, temp_loss=0.1017, entropy=4.2567, temp=0.0810, grad_norm=0.2500, adv_mean=1.3858080194495415e-07, adv_std=0.9996092915534973, weights_mean=1.097804069519043, weights_max=2.205538511276245
[Online step 2400] loss=3.1236, rtg_loss=0.0002, action_loss=2.5028, temp_loss=0.0999, entropy=4.2567, temp=0.0795, grad_norm=0.2500, adv_mean=1.6838312433264946e-07, adv_std=0.9996092319488525, weights_mean=1.096025824546814, weights_max=2.556769847869873
[Online] Iteration 8/50 - last training loss: 3.1236, last eval raw return: 1554.00, last eval normalized score: 48.37
[Online step 2600] loss=3.1455, rtg_loss=0.0002, action_loss=2.5223, temp_loss=0.0980, entropy=4.2567, temp=0.0780, grad_norm=0.2500, adv_mean=0.0, adv_std=0.9996092915534973, weights_mean=1.0960317850112915, weights_max=2.372459650039673
[Online] Iteration 9/50 - last training loss: 3.1449, last eval raw return: 2390.01, last eval normalized score: 74.06
[Online step 2800] loss=3.1398, rtg_loss=0.0002, action_loss=2.5170, temp_loss=0.0962, entropy=4.2567, temp=0.0766, grad_norm=0.2500, adv_mean=-7.078051478259795e-09, adv_std=0.9996092915534973, weights_mean=1.0971373319625854, weights_max=2.463324785232544
[Online step 3000] loss=3.1471, rtg_loss=0.0002, action_loss=2.5245, temp_loss=0.0945, entropy=4.2567, temp=0.0752, grad_norm=0.2500, adv_mean=-4.395842623239332e-08, adv_std=0.9996092915534973, weights_mean=1.096048355102539, weights_max=2.1652004718780518
[Online] Iteration 10/50 - last training loss: 3.1471, last eval raw return: 2884.37, last eval normalized score: 89.25
[Online step 3200] loss=3.1633, rtg_loss=0.0002, action_loss=2.5409, temp_loss=0.0928, entropy=4.2567, temp=0.0738, grad_norm=0.2500, adv_mean=-6.854534007061375e-08, adv_std=0.9996092915534973, weights_mean=1.0936230421066284, weights_max=2.0665838718414307
[Online] Iteration 11/50 - last training loss: 3.1502, last eval raw return: 2254.97, last eval normalized score: 69.91
[Online step 3400] loss=3.1582, rtg_loss=0.0002, action_loss=2.5354, temp_loss=0.0911, entropy=4.2567, temp=0.0725, grad_norm=0.2500, adv_mean=-6.109475947368992e-08, adv_std=0.9996092319488525, weights_mean=1.0972660779953003, weights_max=2.075540542602539
[Online step 3600] loss=3.1741, rtg_loss=0.0003, action_loss=2.5520, temp_loss=0.0894, entropy=4.2567, temp=0.0711, grad_norm=0.2500, adv_mean=7.525086687110161e-08, adv_std=0.9996092319488525, weights_mean=1.0957509279251099, weights_max=2.830674409866333
[Online] Iteration 12/50 - last training loss: 3.1741, last eval raw return: 3032.09, last eval normalized score: 93.79
[Online step 3800] loss=3.1741, rtg_loss=0.0002, action_loss=2.5526, temp_loss=0.0878, entropy=4.2567, temp=0.0699, grad_norm=0.2500, adv_mean=5.3085386753082275e-08, adv_std=0.9996092915534973, weights_mean=1.0949915647506714, weights_max=2.23675274848938
[Online] Iteration 13/50 - last training loss: 3.1781, last eval raw return: 1945.92, last eval normalized score: 60.41
[Online step 4000] loss=3.1663, rtg_loss=0.0002, action_loss=2.5455, temp_loss=0.0862, entropy=4.2567, temp=0.0686, grad_norm=0.2500, adv_mean=-3.8743021235632114e-08, adv_std=0.9996092915534973, weights_mean=1.095362663269043, weights_max=2.7081634998321533
[Online step 4200] loss=3.2015, rtg_loss=0.0002, action_loss=2.5778, temp_loss=0.0846, entropy=4.2567, temp=0.0674, grad_norm=0.2500, adv_mean=7.301569127093899e-08, adv_std=0.9996092915534973, weights_mean=1.0939327478408813, weights_max=2.3428032398223877
[Online] Iteration 14/50 - last training loss: 3.2015, last eval raw return: 2547.55, last eval normalized score: 78.90
[Online step 4400] loss=3.2088, rtg_loss=0.0002, action_loss=2.5855, temp_loss=0.0831, entropy=4.2567, temp=0.0661, grad_norm=0.2500, adv_mean=-2.6822091214739885e-08, adv_std=0.9996092915534973, weights_mean=1.0964789390563965, weights_max=2.1036248207092285
[Online] Iteration 15/50 - last training loss: 3.2029, last eval raw return: 2767.45, last eval normalized score: 85.66
[Online step 4600] loss=3.2227, rtg_loss=0.0003, action_loss=2.5984, temp_loss=0.0816, entropy=4.2567, temp=0.0649, grad_norm=0.2500, adv_mean=-8.642673776648735e-08, adv_std=0.9996092915534973, weights_mean=1.0944217443466187, weights_max=2.2873318195343018
[Online step 4800] loss=3.1927, rtg_loss=0.0003, action_loss=2.5701, temp_loss=0.0801, entropy=4.2567, temp=0.0638, grad_norm=0.2500, adv_mean=9.834766245830906e-08, adv_std=0.9996093511581421, weights_mean=1.0971096754074097, weights_max=2.274317502975464
[Online] Iteration 16/50 - last training loss: 3.1927, last eval raw return: 1609.93, last eval normalized score: 50.09
[Online step 5000] loss=3.2174, rtg_loss=0.0003, action_loss=2.5932, temp_loss=0.0787, entropy=4.2567, temp=0.0626, grad_norm=0.2500, adv_mean=4.3213368883243675e-08, adv_std=0.9996092915534973, weights_mean=1.096483588218689, weights_max=2.396116018295288
[Online] Iteration 17/50 - last training loss: 3.2000, last eval raw return: 1283.64, last eval normalized score: 40.06
[Online step 5200] loss=3.2143, rtg_loss=0.0002, action_loss=2.5910, temp_loss=0.0773, entropy=4.2567, temp=0.0615, grad_norm=0.2500, adv_mean=8.419156216632473e-08, adv_std=0.9996092915534973, weights_mean=1.0970985889434814, weights_max=2.3928372859954834
[Online step 5400] loss=3.2230, rtg_loss=0.0003, action_loss=2.6008, temp_loss=0.0759, entropy=4.2567, temp=0.0604, grad_norm=0.2500, adv_mean=-9.313225746154785e-09, adv_std=0.9996092319488525, weights_mean=1.0947455167770386, weights_max=2.4650776386260986
[Online] Iteration 18/50 - last training loss: 3.2230, last eval raw return: 1269.12, last eval normalized score: 39.62
[Online step 5600] loss=3.2241, rtg_loss=0.0002, action_loss=2.6016, temp_loss=0.0745, entropy=4.2567, temp=0.0593, grad_norm=0.2500, adv_mean=7.152557657263969e-08, adv_std=0.9996092915534973, weights_mean=1.0951546430587769, weights_max=2.230658769607544
[Online] Iteration 19/50 - last training loss: 3.2274, last eval raw return: 1365.01, last eval normalized score: 42.56
[Online step 5800] loss=3.2159, rtg_loss=0.0002, action_loss=2.5948, temp_loss=0.0732, entropy=4.2567, temp=0.0582, grad_norm=0.2500, adv_mean=9.387731836341118e-08, adv_std=0.9996093511581421, weights_mean=1.0960688591003418, weights_max=2.253709316253662
[Online step 6000] loss=3.2525, rtg_loss=0.0003, action_loss=2.6299, temp_loss=0.0719, entropy=4.2567, temp=0.0572, grad_norm=0.2500, adv_mean=-8.940697071579962e-09, adv_std=0.9996094703674316, weights_mean=1.0930759906768799, weights_max=2.1014232635498047
[Online] Iteration 20/50 - last training loss: 3.2525, last eval raw return: 2156.55, last eval normalized score: 66.88
[Online step 6200] loss=3.2298, rtg_loss=0.0002, action_loss=2.6066, temp_loss=0.0706, entropy=4.2567, temp=0.0562, grad_norm=0.2500, adv_mean=9.238720366511188e-08, adv_std=0.9996092915534973, weights_mean=1.0989971160888672, weights_max=2.5857889652252197
[Online] Iteration 21/50 - last training loss: 3.2375, last eval raw return: 16.46, last eval normalized score: 1.13
[Online step 6400] loss=3.2385, rtg_loss=0.0002, action_loss=2.6164, temp_loss=0.0693, entropy=4.2567, temp=0.0551, grad_norm=0.2500, adv_mean=-1.4901161415892261e-09, adv_std=0.9996092319488525, weights_mean=1.095629096031189, weights_max=2.306269407272339
[Online step 6600] loss=3.2438, rtg_loss=0.0002, action_loss=2.6225, temp_loss=0.0681, entropy=4.2567, temp=0.0542, grad_norm=0.2500, adv_mean=8.791685246478664e-08, adv_std=0.9996092319488525, weights_mean=1.0941002368927002, weights_max=2.1073696613311768
[Online] Iteration 22/50 - last training loss: 3.2438, last eval raw return: 14.61, last eval normalized score: 1.07
[Online step 6800] loss=3.2609, rtg_loss=0.0002, action_loss=2.6377, temp_loss=0.0668, entropy=4.2567, temp=0.0532, grad_norm=0.2500, adv_mean=3.5762788286319847e-08, adv_std=0.9996092319488525, weights_mean=1.0954599380493164, weights_max=2.3694729804992676
[Online] Iteration 23/50 - last training loss: 3.2488, last eval raw return: 14.67, last eval normalized score: 1.07
[Online step 7000] loss=3.2342, rtg_loss=0.0002, action_loss=2.6129, temp_loss=0.0656, entropy=4.2567, temp=0.0522, grad_norm=0.2500, adv_mean=-1.2964009954430367e-07, adv_std=0.9996092319488525, weights_mean=1.0972068309783936, weights_max=2.7329015731811523
[Online step 7200] loss=3.2543, rtg_loss=0.0002, action_loss=2.6323, temp_loss=0.0645, entropy=4.2567, temp=0.0513, grad_norm=0.2500, adv_mean=6.556511067401516e-08, adv_std=0.9996092915534973, weights_mean=1.0948418378829956, weights_max=2.9051475524902344
[Online] Iteration 24/50 - last training loss: 3.2543, last eval raw return: 13.08, last eval normalized score: 1.02
[Online step 7400] loss=3.2685, rtg_loss=0.0002, action_loss=2.6459, temp_loss=0.0633, entropy=4.2567, temp=0.0504, grad_norm=0.2500, adv_mean=6.109475947368992e-08, adv_std=0.9996092915534973, weights_mean=1.0933430194854736, weights_max=2.2397947311401367
[Online] Iteration 25/50 - last training loss: 3.2697, last eval raw return: 14.43, last eval normalized score: 1.07
[Online step 7600] loss=3.2901, rtg_loss=0.0003, action_loss=2.6648, temp_loss=0.0622, entropy=4.2567, temp=0.0495, grad_norm=0.2500, adv_mean=8.940697071579962e-09, adv_std=0.9996094107627869, weights_mean=1.0942286252975464, weights_max=2.4398751258850098
[Online step 7800] loss=3.2558, rtg_loss=0.0002, action_loss=2.6344, temp_loss=0.0610, entropy=4.2567, temp=0.0486, grad_norm=0.2500, adv_mean=4.3213368883243675e-08, adv_std=0.9996092319488525, weights_mean=1.0960123538970947, weights_max=2.255781888961792
[Online] Iteration 26/50 - last training loss: 3.2558, last eval raw return: 14.16, last eval normalized score: 1.06
[Online step 8000] loss=3.2940, rtg_loss=0.0002, action_loss=2.6688, temp_loss=0.0599, entropy=4.2567, temp=0.0477, grad_norm=0.2500, adv_mean=1.6391277313232422e-07, adv_std=0.9996093511581421, weights_mean=1.096292495727539, weights_max=2.0993850231170654
[Online] Iteration 27/50 - last training loss: 3.3068, last eval raw return: 12.72, last eval normalized score: 1.01
[Online step 8200] loss=3.2812, rtg_loss=0.0003, action_loss=2.6604, temp_loss=0.0589, entropy=4.2567, temp=0.0468, grad_norm=0.2500, adv_mean=1.2665987370041876e-08, adv_std=0.9996092319488525, weights_mean=1.0921353101730347, weights_max=2.3192434310913086
[Online step 8400] loss=3.2861, rtg_loss=0.0003, action_loss=2.6629, temp_loss=0.0578, entropy=4.2567, temp=0.0460, grad_norm=0.2500, adv_mean=1.4901161415892261e-09, adv_std=0.9996093511581421, weights_mean=1.094705581665039, weights_max=2.558948278427124
[Online] Iteration 28/50 - last training loss: 3.2861, last eval raw return: 12.61, last eval normalized score: 1.01
[Online step 8600] loss=3.2858, rtg_loss=0.0002, action_loss=2.6652, temp_loss=0.0568, entropy=4.2567, temp=0.0452, grad_norm=0.2500, adv_mean=1.7881393432617188e-07, adv_std=0.9996092319488525, weights_mean=1.0920237302780151, weights_max=2.0344603061676025
[Online] Iteration 29/50 - last training loss: 3.2991, last eval raw return: 710.86, last eval normalized score: 22.46
[Online step 8800] loss=3.2961, rtg_loss=0.0003, action_loss=2.6729, temp_loss=0.0558, entropy=4.2567, temp=0.0444, grad_norm=0.2500, adv_mean=1.1548399925231934e-07, adv_std=0.9996092915534973, weights_mean=1.0955880880355835, weights_max=2.435882568359375
[Online step 9000] loss=3.3003, rtg_loss=0.0002, action_loss=2.6767, temp_loss=0.0548, entropy=4.2567, temp=0.0436, grad_norm=0.2500, adv_mean=1.4901161193847656e-07, adv_std=0.9996092319488525, weights_mean=1.09557044506073, weights_max=1.9845536947250366
[Online] Iteration 30/50 - last training loss: 3.3003, last eval raw return: 12.68, last eval normalized score: 1.01
[Online step 9200] loss=3.2968, rtg_loss=0.0003, action_loss=2.6765, temp_loss=0.0538, entropy=4.2567, temp=0.0428, grad_norm=0.2500, adv_mean=4.17232506322307e-08, adv_std=0.9996092319488525, weights_mean=1.09084951877594, weights_max=2.0303075313568115
[Online] Iteration 31/50 - last training loss: 3.2905, last eval raw return: 11.01, last eval normalized score: 0.96
[Online step 9400] loss=3.2855, rtg_loss=0.0002, action_loss=2.6629, temp_loss=0.0528, entropy=4.2566, temp=0.0420, grad_norm=0.2500, adv_mean=-2.9243528487654658e-08, adv_std=0.9996092319488525, weights_mean=1.0976301431655884, weights_max=2.505293846130371
[Online step 9600] loss=3.3186, rtg_loss=0.0004, action_loss=2.6972, temp_loss=0.0519, entropy=4.2566, temp=0.0413, grad_norm=0.2500, adv_mean=1.4901161415892261e-09, adv_std=0.9996092915534973, weights_mean=1.089873194694519, weights_max=2.211439371109009
[Online] Iteration 32/50 - last training loss: 3.3186, last eval raw return: 13.45, last eval normalized score: 1.04
[Online step 9800] loss=3.2998, rtg_loss=0.0002, action_loss=2.6751, temp_loss=0.0509, entropy=4.2566, temp=0.0405, grad_norm=0.2500, adv_mean=5.364418242947977e-08, adv_std=0.9996092319488525, weights_mean=1.0989693403244019, weights_max=2.11205792427063
[Online] Iteration 33/50 - last training loss: 3.2975, last eval raw return: 12.69, last eval normalized score: 1.01
[Online step 10000] loss=3.3197, rtg_loss=0.0002, action_loss=2.6973, temp_loss=0.0500, entropy=4.2566, temp=0.0398, grad_norm=0.2500, adv_mean=-3.091991018777662e-08, adv_std=0.9996092915534973, weights_mean=1.0934808254241943, weights_max=2.2481093406677246
[Online step 10200] loss=3.3322, rtg_loss=0.0003, action_loss=2.7070, temp_loss=0.0491, entropy=4.2566, temp=0.0391, grad_norm=0.2500, adv_mean=6.556511067401516e-08, adv_std=0.9996092915534973, weights_mean=1.0959584712982178, weights_max=2.9645633697509766
[Online] Iteration 34/50 - last training loss: 3.3322, last eval raw return: 506.21, last eval normalized score: 16.18
[Online step 10400] loss=3.3126, rtg_loss=0.0002, action_loss=2.6907, temp_loss=0.0482, entropy=4.2566, temp=0.0384, grad_norm=0.2500, adv_mean=1.5199184133507515e-07, adv_std=0.9996092915534973, weights_mean=1.0939968824386597, weights_max=2.2054240703582764
[Online] Iteration 35/50 - last training loss: 3.3469, last eval raw return: 644.92, last eval normalized score: 20.44
[Online step 10600] loss=3.3251, rtg_loss=0.0003, action_loss=2.7037, temp_loss=0.0474, entropy=4.2566, temp=0.0377, grad_norm=0.2500, adv_mean=-2.831220591303918e-08, adv_std=0.9996092915534973, weights_mean=1.091063141822815, weights_max=2.197349786758423
[Online step 10800] loss=3.3388, rtg_loss=0.0003, action_loss=2.7161, temp_loss=0.0465, entropy=4.2566, temp=0.0370, grad_norm=0.2500, adv_mean=-6.556511067401516e-08, adv_std=0.9996092915534973, weights_mean=1.0905805826187134, weights_max=2.1404531002044678
[Online] Iteration 36/50 - last training loss: 3.3388, last eval raw return: 165.25, last eval normalized score: 5.70
[Online step 11000] loss=3.3284, rtg_loss=0.0003, action_loss=2.7066, temp_loss=0.0457, entropy=4.2566, temp=0.0364, grad_norm=0.2500, adv_mean=1.0728836485895954e-07, adv_std=0.9996092319488525, weights_mean=1.0924463272094727, weights_max=2.2057597637176514
[Online] Iteration 37/50 - last training loss: 3.3241, last eval raw return: 188.34, last eval normalized score: 6.41
[Online step 11200] loss=3.3415, rtg_loss=0.0003, action_loss=2.7187, temp_loss=0.0449, entropy=4.2566, temp=0.0357, grad_norm=0.2500, adv_mean=-2.9802322387695312e-08, adv_std=0.9996092319488525, weights_mean=1.089124083518982, weights_max=2.204758405685425
[Online step 11400] loss=3.3214, rtg_loss=0.0003, action_loss=2.7009, temp_loss=0.0441, entropy=4.2566, temp=0.0351, grad_norm=0.2500, adv_mean=2.6822091214739885e-08, adv_std=0.9996092319488525, weights_mean=1.0933853387832642, weights_max=2.1848905086517334
[Online] Iteration 38/50 - last training loss: 3.3214, last eval raw return: 673.55, last eval normalized score: 21.32
[Online step 11600] loss=3.3230, rtg_loss=0.0002, action_loss=2.7009, temp_loss=0.0433, entropy=4.2566, temp=0.0344, grad_norm=0.2500, adv_mean=4.470348535789981e-09, adv_std=0.9996092319488525, weights_mean=1.0949758291244507, weights_max=2.219085931777954
[Online] Iteration 39/50 - last training loss: 3.3490, last eval raw return: 129.95, last eval normalized score: 4.62
[Online step 11800] loss=3.3488, rtg_loss=0.0003, action_loss=2.7248, temp_loss=0.0425, entropy=4.2566, temp=0.0338, grad_norm=0.2500, adv_mean=-5.960464477539063e-08, adv_std=0.9996093511581421, weights_mean=1.0944938659667969, weights_max=2.3353469371795654
[Online step 12000] loss=3.3674, rtg_loss=0.0003, action_loss=2.7442, temp_loss=0.0417, entropy=4.2566, temp=0.0332, grad_norm=0.2500, adv_mean=3.4272670035306874e-08, adv_std=0.9996094107627869, weights_mean=1.0920156240463257, weights_max=2.140296697616577
[Online] Iteration 40/50 - last training loss: 3.3674, last eval raw return: 12.87, last eval normalized score: 1.02
[Online step 12200] loss=3.3594, rtg_loss=0.0003, action_loss=2.7336, temp_loss=0.0410, entropy=4.2566, temp=0.0326, grad_norm=0.2500, adv_mean=3.2410024886075917e-08, adv_std=0.9996093511581421, weights_mean=1.0945261716842651, weights_max=2.5673656463623047
[Online] Iteration 41/50 - last training loss: 3.3665, last eval raw return: 545.07, last eval normalized score: 17.37
[Online step 12400] loss=3.3459, rtg_loss=0.0003, action_loss=2.7246, temp_loss=0.0402, entropy=4.2566, temp=0.0320, grad_norm=0.2500, adv_mean=2.533197474008375e-08, adv_std=0.9996092915534973, weights_mean=1.094359040260315, weights_max=2.348916530609131
[Online step 12600] loss=3.3560, rtg_loss=0.0003, action_loss=2.7349, temp_loss=0.0395, entropy=4.2566, temp=0.0314, grad_norm=0.2500, adv_mean=2.831220591303918e-08, adv_std=0.9996092915534973, weights_mean=1.0900213718414307, weights_max=2.3674581050872803
[Online] Iteration 42/50 - last training loss: 3.3560, last eval raw return: 128.40, last eval normalized score: 4.57
[Online step 12800] loss=3.4025, rtg_loss=0.0003, action_loss=2.7765, temp_loss=0.0388, entropy=4.2566, temp=0.0309, grad_norm=0.2500, adv_mean=6.556511067401516e-08, adv_std=0.9996094107627869, weights_mean=1.0914418697357178, weights_max=2.1541805267333984
[Online] Iteration 43/50 - last training loss: 3.3659, last eval raw return: 11.44, last eval normalized score: 0.97
[Online step 13000] loss=3.3496, rtg_loss=0.0002, action_loss=2.7281, temp_loss=0.0381, entropy=4.2566, temp=0.0303, grad_norm=0.2500, adv_mean=6.407499597571586e-08, adv_std=0.9996094107627869, weights_mean=1.0926390886306763, weights_max=2.1751585006713867
[Online step 13200] loss=3.3515, rtg_loss=0.0003, action_loss=2.7285, temp_loss=0.0374, entropy=4.2566, temp=0.0298, grad_norm=0.2500, adv_mean=5.9604645663569045e-09, adv_std=0.9996093511581421, weights_mean=1.0957257747650146, weights_max=2.2994141578674316
[Online] Iteration 44/50 - last training loss: 3.3515, last eval raw return: 81.18, last eval normalized score: 3.12
[Online step 13400] loss=3.3606, rtg_loss=0.0002, action_loss=2.7390, temp_loss=0.0368, entropy=4.2566, temp=0.0292, grad_norm=0.2500, adv_mean=4.7683716530855236e-08, adv_std=0.9996092915534973, weights_mean=1.0922205448150635, weights_max=2.067063808441162
[Online] Iteration 45/50 - last training loss: 3.3733, last eval raw return: 245.90, last eval normalized score: 8.18
[Online step 13600] loss=3.3683, rtg_loss=0.0003, action_loss=2.7466, temp_loss=0.0361, entropy=4.2566, temp=0.0287, grad_norm=0.2500, adv_mean=5.9604645663569045e-09, adv_std=0.9996092319488525, weights_mean=1.0911747217178345, weights_max=2.8618338108062744
[Online step 13800] loss=3.3444, rtg_loss=0.0003, action_loss=2.7234, temp_loss=0.0354, entropy=4.2566, temp=0.0282, grad_norm=0.2500, adv_mean=2.9802322387695312e-08, adv_std=0.9996093511581421, weights_mean=1.094538927078247, weights_max=2.6436257362365723
[Online] Iteration 46/50 - last training loss: 3.3444, last eval raw return: 12.43, last eval normalized score: 1.00
[Online step 14000] loss=3.3697, rtg_loss=0.0003, action_loss=2.7474, temp_loss=0.0348, entropy=4.2565, temp=0.0277, grad_norm=0.2500, adv_mean=-2.9802322387695312e-08, adv_std=0.9996092915534973, weights_mean=1.0918798446655273, weights_max=2.3777036666870117
[Online] Iteration 47/50 - last training loss: 3.3676, last eval raw return: 601.10, last eval normalized score: 19.09
[Online step 14200] loss=3.3674, rtg_loss=0.0003, action_loss=2.7468, temp_loss=0.0342, entropy=4.2565, temp=0.0272, grad_norm=0.2500, adv_mean=-2.2351741790771484e-08, adv_std=0.9996094107627869, weights_mean=1.08957040309906, weights_max=2.1430928707122803
[Online step 14400] loss=3.3598, rtg_loss=0.0002, action_loss=2.7393, temp_loss=0.0336, entropy=4.2565, temp=0.0267, grad_norm=0.2500, adv_mean=6.556511067401516e-08, adv_std=0.9996092915534973, weights_mean=1.092030644416809, weights_max=2.080758571624756
[Online] Iteration 48/50 - last training loss: 3.3598, last eval raw return: 424.72, last eval normalized score: 13.67
[Online step 14600] loss=3.3862, rtg_loss=0.0003, action_loss=2.7629, temp_loss=0.0330, entropy=4.2565, temp=0.0262, grad_norm=0.2500, adv_mean=1.4901161193847656e-08, adv_std=0.9996092319488525, weights_mean=1.0906918048858643, weights_max=2.6701648235321045
[Online] Iteration 49/50 - last training loss: 3.3523, last eval raw return: 49.60, last eval normalized score: 2.15
[Online step 14800] loss=3.3966, rtg_loss=0.0003, action_loss=2.7723, temp_loss=0.0324, entropy=4.2565, temp=0.0258, grad_norm=0.2500, adv_mean=1.4901161193847656e-08, adv_std=0.9996094107627869, weights_mean=1.0915701389312744, weights_max=2.080341100692749
[Online step 15000] loss=3.3693, rtg_loss=0.0003, action_loss=2.7482, temp_loss=0.0318, entropy=4.2565, temp=0.0253, grad_norm=0.2500, adv_mean=-5.2899121527616444e-08, adv_std=0.9996092915534973, weights_mean=1.092333197593689, weights_max=2.392284631729126
[Online] Iteration 50/50 - last training loss: 3.3693, last eval raw return: 134.21, last eval normalized score: 4.75
Evaluation scores over iterations: [75.62579849979933, 57.881802532230864, 75.01536772782022, 60.0351880169469, 67.82661569379562, 56.580445637678636, 69.62058134524374, 48.37095375169626, 74.05832376914057, 89.24804093030481, 69.90903131022971, 93.78675417127484, 60.41330816022794, 78.8990437092185, 85.65563505436043, 50.08948563432632, 40.06398663951466, 39.6179840015285, 42.564150598615434, 66.88499993609778, 1.1286229987519156, 1.071705344475909, 1.073556612930452, 1.0247787936139523, 1.0661360259868293, 1.057835710702971, 1.0138702304458602, 1.0102102851053325, 22.464734510336363, 1.0123407256871615, 0.9613227152593823, 1.036257299989778, 1.0127118119306722, 16.176564250988022, 20.43865941770331, 5.700333920576038, 6.409887005333402, 21.3182744766147, 4.615838079180721, 1.018393545478573, 17.370733497654665, 4.56813123354647, 0.9743151464963333, 3.1173282576650303, 8.178369247871627, 1.0046783982688865, 19.09242669451859, 13.672685639313615, 2.146927421418584, 4.746521988240238]
Raw returns over iterations: [2441.0239884095745, 1863.5328098487746, 2421.1570775635446, 1933.6162974542326, 2187.193944789056, 1821.1792087694696, 2245.5798540422993, 1553.995359467065, 2390.009389937681, 2884.3697178727652, 2254.967666716515, 3032.085422016743, 1945.9224909170837, 2547.5541204700703, 2767.4522711510863, 1609.9262221717381, 1283.6391084485444, 1269.1236301130773, 1365.0087522410297, 2156.5483791195065, 16.45954654524035, 14.607120332517786, 14.667371202930534, 13.079861804472799, 14.425862835394952, 14.155723072938818, 12.724834728730645, 12.605719161299692, 710.8587227651847, 12.675055890450388, 11.014637852505865, 13.453438094008083, 12.687133160559345, 506.2056750131869, 644.9186439218462, 165.24918407158845, 188.3421022573748, 673.5463520197858, 129.95348276865974, 12.87204928705322, 545.0707765900266, 128.4008289830583, 11.437485921289845, 81.18339712990512, 245.89863554186678, 12.425679904376784, 601.1045265522291, 424.71513516681307, 49.601000265939874, 134.20668508000216]
Saved raw return evaluation plot to plots/online/hopper_medium/moderate_beta_0.20_adv_2.0/job_5870103/hopper-medium-v2_eval_raw_return_25-12-09-07-50-09.png
Saved normalized evaluation plot to plots/online/hopper_medium/moderate_beta_0.20_adv_2.0/job_5870103/hopper-medium-v2_eval_25-12-09-07-50-09.png
Saved training loss plot to plots/online/hopper_medium/moderate_beta_0.20_adv_2.0/job_5870103/hopper-medium-v2_training_losses_25-12-09-07-50-09.png
Saved training stats plot to plots/online/hopper_medium/moderate_beta_0.20_adv_2.0/job_5870103/hopper-medium-v2_training_stats_25-12-09-07-50-09.png
============================================================
finished training!
finished training at: 25-12-09-07-59-22
============================================================
Tue Dec  9 07:59:23 EST 2025
Finished online-only Reinformer moderate run.
