Running online Reinformer (Hopper-medium) baseline on babel-n5-24
beta_rl=0.0, adv_scale=2.0
Tue Dec  9 06:49:46 EST 2025
============================================================
start time: 25-12-09-06-49-50
============================================================
dataset size: 1327
returns max : 3908.8544921875
returns mean: 2817.7890625
returns std : 877.09326171875
returns min : 1350.3359375
Using Minari eval environment: Hopper-v5
Loaded pretrained model from models/reinformer_hopper_medium_offline.pt
[Online step 200] loss=2.4201, rtg_loss=0.0002, action_loss=2.4199, temp_loss=0.1232, entropy=4.2567, temp=0.0980, grad_norm=0.2500, adv_mean=None, adv_std=None, weights_mean=None, weights_max=None
[Online] Iteration 1/50 - last training loss: 2.4148, last eval raw return: 2153.65, last eval normalized score: 66.80
[Online step 400] loss=2.4319, rtg_loss=0.0002, action_loss=2.4316, temp_loss=0.1208, entropy=4.2567, temp=0.0961, grad_norm=0.2500, adv_mean=None, adv_std=None, weights_mean=None, weights_max=None
[Online step 600] loss=2.4278, rtg_loss=0.0002, action_loss=2.4275, temp_loss=0.1185, entropy=4.2567, temp=0.0942, grad_norm=0.2500, adv_mean=None, adv_std=None, weights_mean=None, weights_max=None
[Online] Iteration 2/50 - last training loss: 2.4278, last eval raw return: 1826.18, last eval normalized score: 56.73
[Online step 800] loss=2.4395, rtg_loss=0.0002, action_loss=2.4393, temp_loss=0.1162, entropy=4.2567, temp=0.0924, grad_norm=0.2500, adv_mean=None, adv_std=None, weights_mean=None, weights_max=None
[Online] Iteration 3/50 - last training loss: 2.4507, last eval raw return: 2445.10, last eval normalized score: 75.75
[Online step 1000] loss=2.4498, rtg_loss=0.0002, action_loss=2.4496, temp_loss=0.1140, entropy=4.2567, temp=0.0907, grad_norm=0.2500, adv_mean=None, adv_std=None, weights_mean=None, weights_max=None
[Online step 1200] loss=2.4597, rtg_loss=0.0002, action_loss=2.4595, temp_loss=0.1118, entropy=4.2567, temp=0.0890, grad_norm=0.2500, adv_mean=None, adv_std=None, weights_mean=None, weights_max=None
[Online] Iteration 4/50 - last training loss: 2.4597, last eval raw return: 2085.01, last eval normalized score: 64.69
[Online step 1400] loss=2.4686, rtg_loss=0.0002, action_loss=2.4685, temp_loss=0.1097, entropy=4.2567, temp=0.0873, grad_norm=0.2500, adv_mean=None, adv_std=None, weights_mean=None, weights_max=None
[Online] Iteration 5/50 - last training loss: 2.4717, last eval raw return: 2263.84, last eval normalized score: 70.18
[Online step 1600] loss=2.4805, rtg_loss=0.0002, action_loss=2.4803, temp_loss=0.1076, entropy=4.2567, temp=0.0856, grad_norm=0.2500, adv_mean=None, adv_std=None, weights_mean=None, weights_max=None
[Online step 1800] loss=2.4860, rtg_loss=0.0002, action_loss=2.4858, temp_loss=0.1056, entropy=4.2567, temp=0.0840, grad_norm=0.2500, adv_mean=None, adv_std=None, weights_mean=None, weights_max=None
[Online] Iteration 6/50 - last training loss: 2.4860, last eval raw return: 1890.11, last eval normalized score: 58.70
[Online step 2000] loss=2.4847, rtg_loss=0.0002, action_loss=2.4845, temp_loss=0.1037, entropy=4.2567, temp=0.0825, grad_norm=0.2500, adv_mean=None, adv_std=None, weights_mean=None, weights_max=None
[Online] Iteration 7/50 - last training loss: 2.4909, last eval raw return: 2811.27, last eval normalized score: 87.00
[Online step 2200] loss=2.4829, rtg_loss=0.0002, action_loss=2.4827, temp_loss=0.1017, entropy=4.2567, temp=0.0810, grad_norm=0.2500, adv_mean=None, adv_std=None, weights_mean=None, weights_max=None
[Online step 2400] loss=2.5037, rtg_loss=0.0002, action_loss=2.5034, temp_loss=0.0999, entropy=4.2567, temp=0.0795, grad_norm=0.2500, adv_mean=None, adv_std=None, weights_mean=None, weights_max=None
[Online] Iteration 8/50 - last training loss: 2.5037, last eval raw return: 1547.18, last eval normalized score: 48.16
[Online step 2600] loss=2.5206, rtg_loss=0.0002, action_loss=2.5204, temp_loss=0.0980, entropy=4.2567, temp=0.0780, grad_norm=0.2500, adv_mean=None, adv_std=None, weights_mean=None, weights_max=None
[Online] Iteration 9/50 - last training loss: 2.5228, last eval raw return: 2704.74, last eval normalized score: 83.73
[Online step 2800] loss=2.5173, rtg_loss=0.0002, action_loss=2.5171, temp_loss=0.0962, entropy=4.2567, temp=0.0766, grad_norm=0.2500, adv_mean=None, adv_std=None, weights_mean=None, weights_max=None
[Online step 3000] loss=2.5264, rtg_loss=0.0002, action_loss=2.5262, temp_loss=0.0945, entropy=4.2567, temp=0.0752, grad_norm=0.2500, adv_mean=None, adv_std=None, weights_mean=None, weights_max=None
[Online] Iteration 10/50 - last training loss: 2.5264, last eval raw return: 2947.09, last eval normalized score: 91.18
[Online step 3200] loss=2.5496, rtg_loss=0.0002, action_loss=2.5494, temp_loss=0.0928, entropy=4.2567, temp=0.0738, grad_norm=0.2500, adv_mean=None, adv_std=None, weights_mean=None, weights_max=None
[Online] Iteration 11/50 - last training loss: 2.5302, last eval raw return: 2460.42, last eval normalized score: 76.22
[Online step 3400] loss=2.5507, rtg_loss=0.0002, action_loss=2.5504, temp_loss=0.0911, entropy=4.2567, temp=0.0725, grad_norm=0.2500, adv_mean=None, adv_std=None, weights_mean=None, weights_max=None
[Online step 3600] loss=2.5514, rtg_loss=0.0002, action_loss=2.5512, temp_loss=0.0894, entropy=4.2567, temp=0.0711, grad_norm=0.2500, adv_mean=None, adv_std=None, weights_mean=None, weights_max=None
[Online] Iteration 12/50 - last training loss: 2.5514, last eval raw return: 2683.13, last eval normalized score: 83.06
[Online step 3800] loss=2.5478, rtg_loss=0.0002, action_loss=2.5476, temp_loss=0.0878, entropy=4.2567, temp=0.0699, grad_norm=0.2500, adv_mean=None, adv_std=None, weights_mean=None, weights_max=None
[Online] Iteration 13/50 - last training loss: 2.5519, last eval raw return: 2513.54, last eval normalized score: 77.85
[Online step 4000] loss=2.5492, rtg_loss=0.0002, action_loss=2.5490, temp_loss=0.0862, entropy=4.2567, temp=0.0686, grad_norm=0.2500, adv_mean=None, adv_std=None, weights_mean=None, weights_max=None
[Online step 4200] loss=2.5676, rtg_loss=0.0002, action_loss=2.5674, temp_loss=0.0846, entropy=4.2567, temp=0.0674, grad_norm=0.2500, adv_mean=None, adv_std=None, weights_mean=None, weights_max=None
[Online] Iteration 14/50 - last training loss: 2.5676, last eval raw return: 2558.40, last eval normalized score: 79.23
[Online step 4400] loss=2.5886, rtg_loss=0.0002, action_loss=2.5883, temp_loss=0.0831, entropy=4.2567, temp=0.0661, grad_norm=0.2500, adv_mean=None, adv_std=None, weights_mean=None, weights_max=None
[Online] Iteration 15/50 - last training loss: 2.5762, last eval raw return: 3061.35, last eval normalized score: 94.69
[Online step 4600] loss=2.5963, rtg_loss=0.0003, action_loss=2.5961, temp_loss=0.0816, entropy=4.2567, temp=0.0649, grad_norm=0.2500, adv_mean=None, adv_std=None, weights_mean=None, weights_max=None
[Online step 4800] loss=2.5771, rtg_loss=0.0003, action_loss=2.5769, temp_loss=0.0801, entropy=4.2567, temp=0.0638, grad_norm=0.2500, adv_mean=None, adv_std=None, weights_mean=None, weights_max=None
[Online] Iteration 16/50 - last training loss: 2.5771, last eval raw return: 2611.53, last eval normalized score: 80.86
[Online step 5000] loss=2.5810, rtg_loss=0.0002, action_loss=2.5808, temp_loss=0.0787, entropy=4.2567, temp=0.0626, grad_norm=0.2500, adv_mean=None, adv_std=None, weights_mean=None, weights_max=None
[Online] Iteration 17/50 - last training loss: 2.5892, last eval raw return: 2843.53, last eval normalized score: 87.99
[Online step 5200] loss=2.5953, rtg_loss=0.0002, action_loss=2.5951, temp_loss=0.0773, entropy=4.2567, temp=0.0615, grad_norm=0.2500, adv_mean=None, adv_std=None, weights_mean=None, weights_max=None
[Online step 5400] loss=2.6112, rtg_loss=0.0003, action_loss=2.6109, temp_loss=0.0759, entropy=4.2567, temp=0.0604, grad_norm=0.2500, adv_mean=None, adv_std=None, weights_mean=None, weights_max=None
[Online] Iteration 18/50 - last training loss: 2.6112, last eval raw return: 2717.74, last eval normalized score: 84.13
[Online step 5600] loss=2.6094, rtg_loss=0.0002, action_loss=2.6092, temp_loss=0.0745, entropy=4.2567, temp=0.0593, grad_norm=0.2500, adv_mean=None, adv_std=None, weights_mean=None, weights_max=None
[Online] Iteration 19/50 - last training loss: 2.6124, last eval raw return: 2667.69, last eval normalized score: 82.59
[Online step 5800] loss=2.5979, rtg_loss=0.0002, action_loss=2.5977, temp_loss=0.0732, entropy=4.2567, temp=0.0582, grad_norm=0.2500, adv_mean=None, adv_std=None, weights_mean=None, weights_max=None
[Online step 6000] loss=2.6229, rtg_loss=0.0003, action_loss=2.6226, temp_loss=0.0719, entropy=4.2567, temp=0.0572, grad_norm=0.2500, adv_mean=None, adv_std=None, weights_mean=None, weights_max=None
[Online] Iteration 20/50 - last training loss: 2.6229, last eval raw return: 14.34, last eval normalized score: 1.06
[Online step 6200] loss=2.6116, rtg_loss=0.0002, action_loss=2.6114, temp_loss=0.0706, entropy=4.2567, temp=0.0562, grad_norm=0.2500, adv_mean=None, adv_std=None, weights_mean=None, weights_max=None
[Online] Iteration 21/50 - last training loss: 2.6191, last eval raw return: 1772.17, last eval normalized score: 55.07
[Online step 6400] loss=2.6193, rtg_loss=0.0002, action_loss=2.6191, temp_loss=0.0693, entropy=4.2567, temp=0.0551, grad_norm=0.2500, adv_mean=None, adv_std=None, weights_mean=None, weights_max=None
[Online step 6600] loss=2.6209, rtg_loss=0.0002, action_loss=2.6207, temp_loss=0.0681, entropy=4.2567, temp=0.0542, grad_norm=0.2500, adv_mean=None, adv_std=None, weights_mean=None, weights_max=None
[Online] Iteration 22/50 - last training loss: 2.6209, last eval raw return: 2590.18, last eval normalized score: 80.21
[Online step 6800] loss=2.6390, rtg_loss=0.0002, action_loss=2.6389, temp_loss=0.0668, entropy=4.2567, temp=0.0532, grad_norm=0.2500, adv_mean=None, adv_std=None, weights_mean=None, weights_max=None
[Online] Iteration 23/50 - last training loss: 2.6454, last eval raw return: 3097.95, last eval normalized score: 95.81
[Online step 7000] loss=2.6254, rtg_loss=0.0002, action_loss=2.6252, temp_loss=0.0656, entropy=4.2567, temp=0.0522, grad_norm=0.2500, adv_mean=None, adv_std=None, weights_mean=None, weights_max=None
[Online step 7200] loss=2.6287, rtg_loss=0.0002, action_loss=2.6286, temp_loss=0.0645, entropy=4.2567, temp=0.0513, grad_norm=0.2500, adv_mean=None, adv_std=None, weights_mean=None, weights_max=None
[Online] Iteration 24/50 - last training loss: 2.6287, last eval raw return: 14.16, last eval normalized score: 1.06
[Online step 7400] loss=2.6612, rtg_loss=0.0002, action_loss=2.6610, temp_loss=0.0633, entropy=4.2567, temp=0.0504, grad_norm=0.2500, adv_mean=None, adv_std=None, weights_mean=None, weights_max=None
[Online] Iteration 25/50 - last training loss: 2.6426, last eval raw return: 2070.74, last eval normalized score: 64.25
[Online step 7600] loss=2.6505, rtg_loss=0.0003, action_loss=2.6503, temp_loss=0.0622, entropy=4.2567, temp=0.0495, grad_norm=0.2500, adv_mean=None, adv_std=None, weights_mean=None, weights_max=None
[Online step 7800] loss=2.6484, rtg_loss=0.0002, action_loss=2.6481, temp_loss=0.0610, entropy=4.2567, temp=0.0486, grad_norm=0.2500, adv_mean=None, adv_std=None, weights_mean=None, weights_max=None
[Online] Iteration 26/50 - last training loss: 2.6484, last eval raw return: 3276.59, last eval normalized score: 101.30
[Online step 8000] loss=2.6604, rtg_loss=0.0002, action_loss=2.6602, temp_loss=0.0599, entropy=4.2567, temp=0.0477, grad_norm=0.2500, adv_mean=None, adv_std=None, weights_mean=None, weights_max=None
[Online] Iteration 27/50 - last training loss: 2.6735, last eval raw return: 2714.35, last eval normalized score: 84.02
[Online step 8200] loss=2.6648, rtg_loss=0.0002, action_loss=2.6645, temp_loss=0.0589, entropy=4.2567, temp=0.0468, grad_norm=0.2500, adv_mean=None, adv_std=None, weights_mean=None, weights_max=None
[Online step 8400] loss=2.6642, rtg_loss=0.0002, action_loss=2.6640, temp_loss=0.0578, entropy=4.2567, temp=0.0460, grad_norm=0.2500, adv_mean=None, adv_std=None, weights_mean=None, weights_max=None
[Online] Iteration 28/50 - last training loss: 2.6642, last eval raw return: 2191.13, last eval normalized score: 67.95
[Online step 8600] loss=2.6691, rtg_loss=0.0002, action_loss=2.6688, temp_loss=0.0568, entropy=4.2567, temp=0.0452, grad_norm=0.2500, adv_mean=None, adv_std=None, weights_mean=None, weights_max=None
[Online] Iteration 29/50 - last training loss: 2.6644, last eval raw return: 2818.52, last eval normalized score: 87.22
[Online step 8800] loss=2.6799, rtg_loss=0.0002, action_loss=2.6797, temp_loss=0.0558, entropy=4.2567, temp=0.0444, grad_norm=0.2500, adv_mean=None, adv_std=None, weights_mean=None, weights_max=None
[Online step 9000] loss=2.6742, rtg_loss=0.0003, action_loss=2.6739, temp_loss=0.0548, entropy=4.2567, temp=0.0436, grad_norm=0.2500, adv_mean=None, adv_std=None, weights_mean=None, weights_max=None
[Online] Iteration 30/50 - last training loss: 2.6742, last eval raw return: 2302.13, last eval normalized score: 71.36
[Online step 9200] loss=2.7008, rtg_loss=0.0003, action_loss=2.7005, temp_loss=0.0538, entropy=4.2567, temp=0.0428, grad_norm=0.2500, adv_mean=None, adv_std=None, weights_mean=None, weights_max=None
[Online] Iteration 31/50 - last training loss: 2.6901, last eval raw return: 1949.75, last eval normalized score: 60.53
[Online step 9400] loss=2.6802, rtg_loss=0.0002, action_loss=2.6800, temp_loss=0.0528, entropy=4.2566, temp=0.0420, grad_norm=0.2500, adv_mean=None, adv_std=None, weights_mean=None, weights_max=None
[Online step 9600] loss=2.6953, rtg_loss=0.0003, action_loss=2.6950, temp_loss=0.0519, entropy=4.2566, temp=0.0413, grad_norm=0.2500, adv_mean=None, adv_std=None, weights_mean=None, weights_max=None
[Online] Iteration 32/50 - last training loss: 2.6953, last eval raw return: 2465.22, last eval normalized score: 76.37
[Online step 9800] loss=2.6956, rtg_loss=0.0002, action_loss=2.6954, temp_loss=0.0509, entropy=4.2566, temp=0.0405, grad_norm=0.2500, adv_mean=None, adv_std=None, weights_mean=None, weights_max=None
[Online] Iteration 33/50 - last training loss: 2.6735, last eval raw return: 2598.56, last eval normalized score: 80.47
[Online step 10000] loss=2.7162, rtg_loss=0.0003, action_loss=2.7159, temp_loss=0.0500, entropy=4.2566, temp=0.0398, grad_norm=0.2500, adv_mean=None, adv_std=None, weights_mean=None, weights_max=None
[Online step 10200] loss=2.7029, rtg_loss=0.0002, action_loss=2.7027, temp_loss=0.0491, entropy=4.2566, temp=0.0391, grad_norm=0.2500, adv_mean=None, adv_std=None, weights_mean=None, weights_max=None
[Online] Iteration 34/50 - last training loss: 2.7029, last eval raw return: 2644.57, last eval normalized score: 81.88
[Online step 10400] loss=2.7035, rtg_loss=0.0003, action_loss=2.7032, temp_loss=0.0482, entropy=4.2566, temp=0.0384, grad_norm=0.2500, adv_mean=None, adv_std=None, weights_mean=None, weights_max=None
[Online] Iteration 35/50 - last training loss: 2.7105, last eval raw return: 2740.00, last eval normalized score: 84.81
[Online step 10600] loss=2.7155, rtg_loss=0.0003, action_loss=2.7153, temp_loss=0.0474, entropy=4.2566, temp=0.0377, grad_norm=0.2500, adv_mean=None, adv_std=None, weights_mean=None, weights_max=None
[Online step 10800] loss=2.7166, rtg_loss=0.0002, action_loss=2.7164, temp_loss=0.0465, entropy=4.2566, temp=0.0370, grad_norm=0.2500, adv_mean=None, adv_std=None, weights_mean=None, weights_max=None
[Online] Iteration 36/50 - last training loss: 2.7166, last eval raw return: 2989.17, last eval normalized score: 92.47
[Online step 11000] loss=2.7168, rtg_loss=0.0002, action_loss=2.7166, temp_loss=0.0457, entropy=4.2566, temp=0.0364, grad_norm=0.2500, adv_mean=None, adv_std=None, weights_mean=None, weights_max=None
[Online] Iteration 37/50 - last training loss: 2.7171, last eval raw return: 2565.23, last eval normalized score: 79.44
[Online step 11200] loss=2.7257, rtg_loss=0.0003, action_loss=2.7255, temp_loss=0.0449, entropy=4.2566, temp=0.0357, grad_norm=0.2500, adv_mean=None, adv_std=None, weights_mean=None, weights_max=None
[Online step 11400] loss=2.7080, rtg_loss=0.0002, action_loss=2.7078, temp_loss=0.0441, entropy=4.2566, temp=0.0351, grad_norm=0.2500, adv_mean=None, adv_std=None, weights_mean=None, weights_max=None
[Online] Iteration 38/50 - last training loss: 2.7080, last eval raw return: 1791.52, last eval normalized score: 55.67
[Online step 11600] loss=2.7390, rtg_loss=0.0003, action_loss=2.7387, temp_loss=0.0433, entropy=4.2566, temp=0.0344, grad_norm=0.2500, adv_mean=None, adv_std=None, weights_mean=None, weights_max=None
[Online] Iteration 39/50 - last training loss: 2.7225, last eval raw return: 2269.83, last eval normalized score: 70.37
[Online step 11800] loss=2.7220, rtg_loss=0.0002, action_loss=2.7218, temp_loss=0.0425, entropy=4.2566, temp=0.0338, grad_norm=0.2500, adv_mean=None, adv_std=None, weights_mean=None, weights_max=None
[Online step 12000] loss=2.7782, rtg_loss=0.0003, action_loss=2.7779, temp_loss=0.0417, entropy=4.2566, temp=0.0332, grad_norm=0.2500, adv_mean=None, adv_std=None, weights_mean=None, weights_max=None
[Online] Iteration 40/50 - last training loss: 2.7782, last eval raw return: 2071.60, last eval normalized score: 64.27
[Online step 12200] loss=2.7454, rtg_loss=0.0003, action_loss=2.7451, temp_loss=0.0410, entropy=4.2566, temp=0.0326, grad_norm=0.2500, adv_mean=None, adv_std=None, weights_mean=None, weights_max=None
[Online] Iteration 41/50 - last training loss: 2.7302, last eval raw return: 745.68, last eval normalized score: 23.53
[Online step 12400] loss=2.7227, rtg_loss=0.0003, action_loss=2.7224, temp_loss=0.0402, entropy=4.2566, temp=0.0320, grad_norm=0.2500, adv_mean=None, adv_std=None, weights_mean=None, weights_max=None
[Online step 12600] loss=2.7298, rtg_loss=0.0003, action_loss=2.7296, temp_loss=0.0395, entropy=4.2566, temp=0.0314, grad_norm=0.2500, adv_mean=None, adv_std=None, weights_mean=None, weights_max=None
[Online] Iteration 42/50 - last training loss: 2.7298, last eval raw return: 663.85, last eval normalized score: 21.02
[Online step 12800] loss=2.7533, rtg_loss=0.0004, action_loss=2.7529, temp_loss=0.0388, entropy=4.2566, temp=0.0309, grad_norm=0.2500, adv_mean=None, adv_std=None, weights_mean=None, weights_max=None
[Online] Iteration 43/50 - last training loss: 2.7503, last eval raw return: 2121.02, last eval normalized score: 65.79
[Online step 13000] loss=2.7810, rtg_loss=0.0003, action_loss=2.7808, temp_loss=0.0381, entropy=4.2566, temp=0.0303, grad_norm=0.2500, adv_mean=None, adv_std=None, weights_mean=None, weights_max=None
[Online step 13200] loss=2.7343, rtg_loss=0.0002, action_loss=2.7341, temp_loss=0.0374, entropy=4.2566, temp=0.0298, grad_norm=0.2500, adv_mean=None, adv_std=None, weights_mean=None, weights_max=None
[Online] Iteration 44/50 - last training loss: 2.7343, last eval raw return: 1167.10, last eval normalized score: 36.48
[Online step 13400] loss=2.7428, rtg_loss=0.0003, action_loss=2.7425, temp_loss=0.0368, entropy=4.2566, temp=0.0292, grad_norm=0.2500, adv_mean=None, adv_std=None, weights_mean=None, weights_max=None
[Online] Iteration 45/50 - last training loss: 2.7803, last eval raw return: 738.38, last eval normalized score: 23.31
[Online step 13600] loss=2.7502, rtg_loss=0.0003, action_loss=2.7499, temp_loss=0.0361, entropy=4.2566, temp=0.0287, grad_norm=0.2500, adv_mean=None, adv_std=None, weights_mean=None, weights_max=None
[Online step 13800] loss=2.7330, rtg_loss=0.0002, action_loss=2.7328, temp_loss=0.0354, entropy=4.2566, temp=0.0282, grad_norm=0.2500, adv_mean=None, adv_std=None, weights_mean=None, weights_max=None
[Online] Iteration 46/50 - last training loss: 2.7330, last eval raw return: 1216.09, last eval normalized score: 37.99
[Online step 14000] loss=2.7574, rtg_loss=0.0002, action_loss=2.7571, temp_loss=0.0348, entropy=4.2565, temp=0.0277, grad_norm=0.2500, adv_mean=None, adv_std=None, weights_mean=None, weights_max=None
[Online] Iteration 47/50 - last training loss: 2.7695, last eval raw return: 359.32, last eval normalized score: 11.66
[Online step 14200] loss=2.7533, rtg_loss=0.0003, action_loss=2.7530, temp_loss=0.0342, entropy=4.2565, temp=0.0272, grad_norm=0.2500, adv_mean=None, adv_std=None, weights_mean=None, weights_max=None
[Online step 14400] loss=2.7733, rtg_loss=0.0003, action_loss=2.7731, temp_loss=0.0336, entropy=4.2565, temp=0.0267, grad_norm=0.2500, adv_mean=None, adv_std=None, weights_mean=None, weights_max=None
[Online] Iteration 48/50 - last training loss: 2.7733, last eval raw return: 1661.61, last eval normalized score: 51.68
[Online step 14600] loss=2.7748, rtg_loss=0.0003, action_loss=2.7745, temp_loss=0.0330, entropy=4.2565, temp=0.0262, grad_norm=0.2500, adv_mean=None, adv_std=None, weights_mean=None, weights_max=None
[Online] Iteration 49/50 - last training loss: 2.7468, last eval raw return: 2213.18, last eval normalized score: 68.62
[Online step 14800] loss=2.7740, rtg_loss=0.0003, action_loss=2.7737, temp_loss=0.0324, entropy=4.2565, temp=0.0258, grad_norm=0.2500, adv_mean=None, adv_std=None, weights_mean=None, weights_max=None
[Online step 15000] loss=2.7675, rtg_loss=0.0003, action_loss=2.7673, temp_loss=0.0318, entropy=4.2565, temp=0.0253, grad_norm=0.2500, adv_mean=None, adv_std=None, weights_mean=None, weights_max=None
[Online] Iteration 50/50 - last training loss: 2.7675, last eval raw return: 403.23, last eval normalized score: 13.01
Evaluation scores over iterations: [66.79592484594623, 56.7341678915383, 75.75100106549156, 64.68676183209533, 70.18175252447321, 58.698453385617334, 87.00183958751498, 48.161538729431506, 83.72877227454775, 91.17511563218397, 76.2217084270612, 83.06468646731126, 77.85389343895808, 79.23230776728778, 94.68592234825589, 80.86466204290342, 87.99311251405022, 84.1280684069327, 82.59043354718719, 1.0633749502823142, 55.074522639389, 80.20878023349182, 95.81041860847851, 1.0578863003650631, 64.24840693091981, 101.29942938153908, 84.02387469483355, 67.94749875957785, 87.2247531655616, 71.35822027959726, 60.53075950818712, 76.3692538456617, 80.46616561108097, 81.87988713521611, 84.81218321521037, 92.46821702889355, 79.44226741988871, 55.66926699002248, 70.36569808637483, 64.27499196034813, 23.534638507706962, 21.020269466492643, 65.79341588820546, 36.48310074073217, 23.310445821073603, 37.98847478169326, 11.663238704510956, 51.67765015510724, 68.62499092478687, 13.012504533665739]
Raw returns over iterations: [2153.64936590478, 1826.182210670208, 2445.0987964377437, 2085.0051305886855, 2263.8435758251435, 1890.1113023516368, 2811.265471055789, 1547.1797961499267, 2704.7411287639497, 2947.0877574167857, 2460.4183078649853, 2683.1279760001953, 2513.538949228542, 2558.400440206512, 3061.3495004801416, 2611.526590380182, 2843.5271651897683, 2717.7365101034866, 2667.6930718061835, 14.33600163019572, 1772.1678559325094, 2590.180442657539, 3097.9470443361083, 14.15736955007046, 2070.738553377417, 3276.590868774604, 2714.3454504059564, 2191.1281715694395, 2818.5203546309785, 2302.132569560666, 1949.7450299596123, 2465.2202801960534, 2598.5572358736754, 2644.5678250680016, 2740.0015211880955, 2989.1726773496634, 2565.233728911736, 1791.524240853779, 2269.8302171390706, 2071.603782382467, 745.6795219536962, 663.8475634928409, 2121.021987011005, 1167.096587713119, 738.3830088646914, 1216.0900743368984, 359.31623174305435, 1661.6141848229097, 2213.1776439468767, 403.22906373955453]
Saved raw return evaluation plot to plots/online/hopper_medium/baseline_beta_0.0_adv_2.0/job_5870045/hopper-medium-v2_eval_raw_return_25-12-09-06-49-50.png
Saved normalized evaluation plot to plots/online/hopper_medium/baseline_beta_0.0_adv_2.0/job_5870045/hopper-medium-v2_eval_25-12-09-06-49-50.png
Saved training loss plot to plots/online/hopper_medium/baseline_beta_0.0_adv_2.0/job_5870045/hopper-medium-v2_training_losses_25-12-09-06-49-50.png
Saved training stats plot to plots/online/hopper_medium/baseline_beta_0.0_adv_2.0/job_5870045/hopper-medium-v2_training_stats_25-12-09-06-49-50.png
============================================================
finished training!
finished training at: 25-12-09-07-03-45
============================================================
Tue Dec  9 07:03:46 EST 2025
Finished online-only Reinformer baseline run.
