Running online Reinformer (Hopper-medium) mild on babel-n5-24
beta_rl=0.05, adv_scale=2.0
Tue Dec  9 06:49:46 EST 2025
============================================================
start time: 25-12-09-06-49-50
============================================================
dataset size: 1327
returns max : 3908.8544921875
returns mean: 2817.7890625
returns std : 877.09326171875
returns min : 1350.3359375
Using Minari eval environment: Hopper-v5
Loaded pretrained model from models/reinformer_hopper_medium_offline.pt
[Online step 200] loss=2.5757, rtg_loss=0.0002, action_loss=2.4199, temp_loss=0.1232, entropy=4.2567, temp=0.0980, grad_norm=0.2500, adv_mean=1.1473894545588337e-07, adv_std=0.9996092319488525, weights_mean=1.0988272428512573, weights_max=2.5264201164245605
[Online] Iteration 1/50 - last training loss: 2.5698, last eval raw return: 2336.23, last eval normalized score: 72.41
[Online step 400] loss=2.5879, rtg_loss=0.0002, action_loss=2.4316, temp_loss=0.1208, entropy=4.2567, temp=0.0961, grad_norm=0.2500, adv_mean=-1.4901161415892261e-09, adv_std=0.9996092319488525, weights_mean=1.0982111692428589, weights_max=2.2962543964385986
[Online step 600] loss=2.5831, rtg_loss=0.0002, action_loss=2.4275, temp_loss=0.1185, entropy=4.2567, temp=0.0942, grad_norm=0.2500, adv_mean=-5.06639494801675e-08, adv_std=0.9996092319488525, weights_mean=1.0983904600143433, weights_max=2.300591468811035
[Online] Iteration 2/50 - last training loss: 2.5831, last eval raw return: 1832.02, last eval normalized score: 56.91
[Online step 800] loss=2.5948, rtg_loss=0.0002, action_loss=2.4394, temp_loss=0.1162, entropy=4.2567, temp=0.0924, grad_norm=0.2500, adv_mean=-7.785856581676853e-08, adv_std=0.9996092319488525, weights_mean=1.0976171493530273, weights_max=2.2135164737701416
[Online] Iteration 3/50 - last training loss: 2.6065, last eval raw return: 2430.43, last eval normalized score: 75.30
[Online step 1000] loss=2.6051, rtg_loss=0.0002, action_loss=2.4496, temp_loss=0.1140, entropy=4.2567, temp=0.0907, grad_norm=0.2500, adv_mean=-7.152557657263969e-08, adv_std=0.9996092915534973, weights_mean=1.0973913669586182, weights_max=2.3251914978027344
[Online step 1200] loss=2.6149, rtg_loss=0.0002, action_loss=2.4595, temp_loss=0.1118, entropy=4.2567, temp=0.0890, grad_norm=0.2500, adv_mean=7.897615716956352e-08, adv_std=0.9996092319488525, weights_mean=1.09613037109375, weights_max=2.2329649925231934
[Online] Iteration 4/50 - last training loss: 2.6149, last eval raw return: 2132.31, last eval normalized score: 66.14
[Online step 1400] loss=2.6239, rtg_loss=0.0002, action_loss=2.4685, temp_loss=0.1097, entropy=4.2567, temp=0.0873, grad_norm=0.2500, adv_mean=9.760260866187309e-08, adv_std=0.9996093511581421, weights_mean=1.09637451171875, weights_max=2.3742222785949707
[Online] Iteration 5/50 - last training loss: 2.6274, last eval raw return: 2265.16, last eval normalized score: 70.22
[Online step 1600] loss=2.6360, rtg_loss=0.0002, action_loss=2.4804, temp_loss=0.1076, entropy=4.2567, temp=0.0856, grad_norm=0.2500, adv_mean=9.834766245830906e-08, adv_std=0.9996092915534973, weights_mean=1.0948867797851562, weights_max=2.208242416381836
[Online step 1800] loss=2.6413, rtg_loss=0.0002, action_loss=2.4850, temp_loss=0.1056, entropy=4.2567, temp=0.0840, grad_norm=0.2500, adv_mean=6.780028627417778e-08, adv_std=0.9996092915534973, weights_mean=1.0981922149658203, weights_max=2.1731925010681152
[Online] Iteration 6/50 - last training loss: 2.6413, last eval raw return: 1939.80, last eval normalized score: 60.23
[Online step 2000] loss=2.6399, rtg_loss=0.0002, action_loss=2.4843, temp_loss=0.1037, entropy=4.2567, temp=0.0825, grad_norm=0.2500, adv_mean=1.9371510617816057e-08, adv_std=0.9996092915534973, weights_mean=1.0964208841323853, weights_max=2.3463997840881348
[Online] Iteration 7/50 - last training loss: 2.6470, last eval raw return: 1829.95, last eval normalized score: 56.85
[Online step 2200] loss=2.6402, rtg_loss=0.0002, action_loss=2.4849, temp_loss=0.1017, entropy=4.2567, temp=0.0810, grad_norm=0.2500, adv_mean=1.1324882365215672e-07, adv_std=0.9996092319488525, weights_mean=1.097139596939087, weights_max=2.170090675354004
[Online step 2400] loss=2.6576, rtg_loss=0.0002, action_loss=2.5024, temp_loss=0.0999, entropy=4.2567, temp=0.0795, grad_norm=0.2500, adv_mean=1.639127766850379e-08, adv_std=0.9996092915534973, weights_mean=1.0956816673278809, weights_max=1.9713280200958252
[Online] Iteration 8/50 - last training loss: 2.6576, last eval raw return: 1674.64, last eval normalized score: 52.08
[Online step 2600] loss=2.6757, rtg_loss=0.0002, action_loss=2.5200, temp_loss=0.0980, entropy=4.2567, temp=0.0780, grad_norm=0.2500, adv_mean=5.587935447692871e-08, adv_std=0.9996092915534973, weights_mean=1.095197319984436, weights_max=2.388681411743164
[Online] Iteration 9/50 - last training loss: 2.6795, last eval raw return: 1816.50, last eval normalized score: 56.44
[Online step 2800] loss=2.6641, rtg_loss=0.0002, action_loss=2.5084, temp_loss=0.0962, entropy=4.2567, temp=0.0766, grad_norm=0.2500, adv_mean=-1.639127766850379e-08, adv_std=0.9996092915534973, weights_mean=1.0981189012527466, weights_max=2.116318702697754
[Online step 3000] loss=2.6845, rtg_loss=0.0002, action_loss=2.5287, temp_loss=0.0945, entropy=4.2567, temp=0.0752, grad_norm=0.2500, adv_mean=4.619360183255594e-08, adv_std=0.9996094107627869, weights_mean=1.096345067024231, weights_max=2.1651434898376465
[Online] Iteration 10/50 - last training loss: 2.6845, last eval raw return: 2817.38, last eval normalized score: 87.19
[Online step 3200] loss=2.7054, rtg_loss=0.0002, action_loss=2.5492, temp_loss=0.0928, entropy=4.2567, temp=0.0738, grad_norm=0.2500, adv_mean=-6.109475947368992e-08, adv_std=0.9996092915534973, weights_mean=1.0947742462158203, weights_max=2.5668067932128906
[Online] Iteration 11/50 - last training loss: 2.6835, last eval raw return: 2278.39, last eval normalized score: 70.63
[Online step 3400] loss=2.7204, rtg_loss=0.0003, action_loss=2.5644, temp_loss=0.0911, entropy=4.2567, temp=0.0725, grad_norm=0.2500, adv_mean=7.748604247126423e-08, adv_std=0.9996092319488525, weights_mean=1.0939037799835205, weights_max=2.299239158630371
[Online step 3600] loss=2.7048, rtg_loss=0.0002, action_loss=2.5494, temp_loss=0.0894, entropy=4.2567, temp=0.0711, grad_norm=0.2500, adv_mean=1.0803341865539551e-07, adv_std=0.9996092319488525, weights_mean=1.0940569639205933, weights_max=2.2664151191711426
[Online] Iteration 12/50 - last training loss: 2.7048, last eval raw return: 2499.13, last eval normalized score: 77.41
[Online step 3800] loss=2.6919, rtg_loss=0.0002, action_loss=2.5366, temp_loss=0.0878, entropy=4.2567, temp=0.0699, grad_norm=0.2500, adv_mean=1.4901161193847656e-08, adv_std=0.9996091723442078, weights_mean=1.095554232597351, weights_max=2.3551230430603027
[Online] Iteration 13/50 - last training loss: 2.7003, last eval raw return: 2609.93, last eval normalized score: 80.82
[Online step 4000] loss=2.7033, rtg_loss=0.0002, action_loss=2.5479, temp_loss=0.0862, entropy=4.2567, temp=0.0686, grad_norm=0.2500, adv_mean=8.493662306818806e-08, adv_std=0.9996094107627869, weights_mean=1.0956867933273315, weights_max=2.958373546600342
[Online step 4200] loss=2.7249, rtg_loss=0.0002, action_loss=2.5689, temp_loss=0.0846, entropy=4.2567, temp=0.0674, grad_norm=0.2500, adv_mean=-8.34465012644614e-08, adv_std=0.9996092915534973, weights_mean=1.0964088439941406, weights_max=2.496288537979126
[Online] Iteration 14/50 - last training loss: 2.7249, last eval raw return: 2276.94, last eval normalized score: 70.58
[Online step 4400] loss=2.7534, rtg_loss=0.0002, action_loss=2.5967, temp_loss=0.0831, entropy=4.2567, temp=0.0661, grad_norm=0.2500, adv_mean=3.278255533700758e-08, adv_std=0.9996092915534973, weights_mean=1.0963051319122314, weights_max=2.1850156784057617
[Online] Iteration 15/50 - last training loss: 2.7210, last eval raw return: 2085.65, last eval normalized score: 64.71
[Online step 4600] loss=2.7350, rtg_loss=0.0002, action_loss=2.5792, temp_loss=0.0816, entropy=4.2567, temp=0.0649, grad_norm=0.2500, adv_mean=-3.5762788286319847e-08, adv_std=0.9996092319488525, weights_mean=1.0949677228927612, weights_max=2.203467845916748
[Online step 4800] loss=2.7498, rtg_loss=0.0002, action_loss=2.5933, temp_loss=0.0801, entropy=4.2567, temp=0.0638, grad_norm=0.2500, adv_mean=1.2665987014770508e-07, adv_std=0.9996092319488525, weights_mean=1.0968173742294312, weights_max=2.4250309467315674
[Online] Iteration 16/50 - last training loss: 2.7498, last eval raw return: 1727.17, last eval normalized score: 53.69
[Online step 5000] loss=2.7423, rtg_loss=0.0002, action_loss=2.5865, temp_loss=0.0787, entropy=4.2567, temp=0.0626, grad_norm=0.2500, adv_mean=8.791685246478664e-08, adv_std=0.9996092319488525, weights_mean=1.095725655555725, weights_max=2.0426228046417236
[Online] Iteration 17/50 - last training loss: 2.7399, last eval raw return: 1387.97, last eval normalized score: 43.27
[Online step 5200] loss=2.7544, rtg_loss=0.0002, action_loss=2.5989, temp_loss=0.0773, entropy=4.2567, temp=0.0615, grad_norm=0.2500, adv_mean=-3.278255533700758e-08, adv_std=0.9996092915534973, weights_mean=1.0930765867233276, weights_max=2.219554901123047
[Online step 5400] loss=2.7422, rtg_loss=0.0002, action_loss=2.5865, temp_loss=0.0759, entropy=4.2567, temp=0.0604, grad_norm=0.2500, adv_mean=-9.685755308908028e-09, adv_std=0.9996093511581421, weights_mean=1.0960859060287476, weights_max=2.527416229248047
[Online] Iteration 18/50 - last training loss: 2.7422, last eval raw return: 1501.32, last eval normalized score: 46.75
[Online step 5600] loss=2.7626, rtg_loss=0.0003, action_loss=2.6060, temp_loss=0.0745, entropy=4.2567, temp=0.0593, grad_norm=0.2500, adv_mean=1.4603138254187797e-07, adv_std=0.9996092915534973, weights_mean=1.0999693870544434, weights_max=2.5596230030059814
[Online] Iteration 19/50 - last training loss: 2.7643, last eval raw return: 1387.90, last eval normalized score: 43.27
[Online step 5800] loss=2.7915, rtg_loss=0.0002, action_loss=2.6354, temp_loss=0.0732, entropy=4.2567, temp=0.0582, grad_norm=0.2500, adv_mean=-2.086162531611535e-08, adv_std=0.9996092319488525, weights_mean=1.0936089754104614, weights_max=2.224337339401245
[Online step 6000] loss=2.7702, rtg_loss=0.0003, action_loss=2.6145, temp_loss=0.0719, entropy=4.2567, temp=0.0572, grad_norm=0.2500, adv_mean=-2.831220591303918e-08, adv_std=0.9996092915534973, weights_mean=1.0952386856079102, weights_max=2.884639263153076
[Online] Iteration 20/50 - last training loss: 2.7702, last eval raw return: 1865.75, last eval normalized score: 57.95
[Online step 6200] loss=2.7887, rtg_loss=0.0002, action_loss=2.6325, temp_loss=0.0706, entropy=4.2567, temp=0.0562, grad_norm=0.2500, adv_mean=7.301569127093899e-08, adv_std=0.9996092319488525, weights_mean=1.0940240621566772, weights_max=2.127687454223633
[Online] Iteration 21/50 - last training loss: 2.7857, last eval raw return: 1199.69, last eval normalized score: 37.48
[Online step 6400] loss=2.7636, rtg_loss=0.0002, action_loss=2.6082, temp_loss=0.0693, entropy=4.2567, temp=0.0551, grad_norm=0.2500, adv_mean=-3.5762788286319847e-08, adv_std=0.9996092915534973, weights_mean=1.0947480201721191, weights_max=2.2436349391937256
[Online step 6600] loss=2.7856, rtg_loss=0.0002, action_loss=2.6295, temp_loss=0.0681, entropy=4.2567, temp=0.0542, grad_norm=0.2500, adv_mean=-1.0803341865539551e-07, adv_std=0.9996092915534973, weights_mean=1.0946810245513916, weights_max=2.3698716163635254
[Online] Iteration 22/50 - last training loss: 2.7856, last eval raw return: 1262.73, last eval normalized score: 39.42
[Online step 6800] loss=2.7878, rtg_loss=0.0002, action_loss=2.6320, temp_loss=0.0668, entropy=4.2567, temp=0.0532, grad_norm=0.2500, adv_mean=1.1920929132713809e-08, adv_std=0.9996093511581421, weights_mean=1.0952866077423096, weights_max=2.328604221343994
[Online] Iteration 23/50 - last training loss: 2.7770, last eval raw return: 1365.31, last eval normalized score: 42.57
[Online step 7000] loss=2.8043, rtg_loss=0.0002, action_loss=2.6482, temp_loss=0.0656, entropy=4.2567, temp=0.0522, grad_norm=0.2500, adv_mean=4.470348358154297e-08, adv_std=0.9996092915534973, weights_mean=1.0945035219192505, weights_max=2.0776119232177734
[Online step 7200] loss=2.7792, rtg_loss=0.0002, action_loss=2.6234, temp_loss=0.0645, entropy=4.2567, temp=0.0513, grad_norm=0.2500, adv_mean=-1.1026859425555813e-07, adv_std=0.9996092319488525, weights_mean=1.0969189405441284, weights_max=2.51249623298645
[Online] Iteration 24/50 - last training loss: 2.7792, last eval raw return: 1202.65, last eval normalized score: 37.58
[Online step 7400] loss=2.7992, rtg_loss=0.0002, action_loss=2.6435, temp_loss=0.0633, entropy=4.2567, temp=0.0504, grad_norm=0.2500, adv_mean=8.940696716308594e-08, adv_std=0.9996093511581421, weights_mean=1.0940818786621094, weights_max=2.332644462585449
[Online] Iteration 25/50 - last training loss: 2.8207, last eval raw return: 948.93, last eval normalized score: 29.78
[Online step 7600] loss=2.7950, rtg_loss=0.0002, action_loss=2.6392, temp_loss=0.0622, entropy=4.2567, temp=0.0495, grad_norm=0.2500, adv_mean=3.091991018777662e-08, adv_std=0.9996092915534973, weights_mean=1.0959738492965698, weights_max=2.234168767929077
[Online step 7800] loss=2.8465, rtg_loss=0.0002, action_loss=2.6899, temp_loss=0.0610, entropy=4.2567, temp=0.0486, grad_norm=0.2500, adv_mean=5.364418242947977e-08, adv_std=0.9996092915534973, weights_mean=1.0943632125854492, weights_max=2.4513731002807617
[Online] Iteration 26/50 - last training loss: 2.8465, last eval raw return: 975.63, last eval normalized score: 30.60
[Online step 8000] loss=2.8059, rtg_loss=0.0002, action_loss=2.6505, temp_loss=0.0599, entropy=4.2567, temp=0.0477, grad_norm=0.2500, adv_mean=1.0617077350616455e-07, adv_std=0.9996092915534973, weights_mean=1.0932177305221558, weights_max=2.203923463821411
[Online] Iteration 27/50 - last training loss: 2.8335, last eval raw return: 1246.03, last eval normalized score: 38.91
[Online step 8200] loss=2.8145, rtg_loss=0.0003, action_loss=2.6586, temp_loss=0.0589, entropy=4.2567, temp=0.0468, grad_norm=0.2500, adv_mean=7.227063036907566e-08, adv_std=0.9996092915534973, weights_mean=1.0942565202713013, weights_max=2.31311297416687
[Online step 8400] loss=2.8256, rtg_loss=0.0002, action_loss=2.6694, temp_loss=0.0578, entropy=4.2567, temp=0.0460, grad_norm=0.2500, adv_mean=6.705522537231445e-08, adv_std=0.9996094703674316, weights_mean=1.094809889793396, weights_max=2.201855182647705
[Online] Iteration 28/50 - last training loss: 2.8256, last eval raw return: 915.37, last eval normalized score: 28.75
[Online step 8600] loss=2.8335, rtg_loss=0.0002, action_loss=2.6771, temp_loss=0.0568, entropy=4.2567, temp=0.0452, grad_norm=0.2500, adv_mean=3.4272670035306874e-08, adv_std=0.9996092915534973, weights_mean=1.096617341041565, weights_max=2.13006591796875
[Online] Iteration 29/50 - last training loss: 2.8431, last eval raw return: 1057.80, last eval normalized score: 33.12
[Online step 8800] loss=2.8344, rtg_loss=0.0002, action_loss=2.6781, temp_loss=0.0558, entropy=4.2567, temp=0.0444, grad_norm=0.2500, adv_mean=-2.9802322831784522e-09, adv_std=0.9996092915534973, weights_mean=1.09707772731781, weights_max=2.229653835296631
[Online step 9000] loss=2.8231, rtg_loss=0.0002, action_loss=2.6670, temp_loss=0.0548, entropy=4.2567, temp=0.0436, grad_norm=0.2500, adv_mean=-6.556511067401516e-08, adv_std=0.9996092319488525, weights_mean=1.096750259399414, weights_max=2.306941270828247
[Online] Iteration 30/50 - last training loss: 2.8231, last eval raw return: 1096.66, last eval normalized score: 34.32
[Online step 9200] loss=2.8475, rtg_loss=0.0003, action_loss=2.6911, temp_loss=0.0538, entropy=4.2567, temp=0.0428, grad_norm=0.2500, adv_mean=4.7683716530855236e-08, adv_std=0.9996092319488525, weights_mean=1.09404456615448, weights_max=2.300814628601074
[Online] Iteration 31/50 - last training loss: 2.8443, last eval raw return: 997.58, last eval normalized score: 31.27
[Online step 9400] loss=2.8317, rtg_loss=0.0002, action_loss=2.6759, temp_loss=0.0528, entropy=4.2566, temp=0.0420, grad_norm=0.2500, adv_mean=-3.6507845635469494e-08, adv_std=0.9996092915534973, weights_mean=1.0956915616989136, weights_max=2.5987350940704346
[Online step 9600] loss=2.8249, rtg_loss=0.0002, action_loss=2.6694, temp_loss=0.0519, entropy=4.2566, temp=0.0413, grad_norm=0.2500, adv_mean=1.370906801412275e-07, adv_std=0.9996092915534973, weights_mean=1.0959644317626953, weights_max=2.2100675106048584
[Online] Iteration 32/50 - last training loss: 2.8249, last eval raw return: 1429.86, last eval normalized score: 44.56
[Online step 9800] loss=2.8583, rtg_loss=0.0002, action_loss=2.7025, temp_loss=0.0509, entropy=4.2566, temp=0.0405, grad_norm=0.2500, adv_mean=-7.599592066753758e-08, adv_std=0.9996092915534973, weights_mean=1.0912126302719116, weights_max=2.208515167236328
[Online] Iteration 33/50 - last training loss: 2.8505, last eval raw return: 795.59, last eval normalized score: 25.07
[Online step 10000] loss=2.8594, rtg_loss=0.0002, action_loss=2.7033, temp_loss=0.0500, entropy=4.2566, temp=0.0398, grad_norm=0.2500, adv_mean=-1.3411045607369942e-08, adv_std=0.9996092915534973, weights_mean=1.0950971841812134, weights_max=2.3033618927001953
[Online step 10200] loss=2.8798, rtg_loss=0.0003, action_loss=2.7229, temp_loss=0.0491, entropy=4.2566, temp=0.0391, grad_norm=0.2500, adv_mean=2.5704503414658575e-08, adv_std=0.9996093511581421, weights_mean=1.0943907499313354, weights_max=1.9238122701644897
[Online] Iteration 34/50 - last training loss: 2.8798, last eval raw return: 805.46, last eval normalized score: 25.37
[Online step 10400] loss=2.8687, rtg_loss=0.0003, action_loss=2.7126, temp_loss=0.0482, entropy=4.2566, temp=0.0384, grad_norm=0.2500, adv_mean=-4.395842623239332e-08, adv_std=0.9996093511581421, weights_mean=1.093311071395874, weights_max=2.5112881660461426
[Online] Iteration 35/50 - last training loss: 2.8545, last eval raw return: 638.04, last eval normalized score: 20.23
[Online step 10600] loss=2.8515, rtg_loss=0.0003, action_loss=2.6954, temp_loss=0.0474, entropy=4.2566, temp=0.0377, grad_norm=0.2500, adv_mean=2.9802322387695312e-08, adv_std=0.9996092319488525, weights_mean=1.0965489149093628, weights_max=2.209089756011963
[Online step 10800] loss=2.8445, rtg_loss=0.0003, action_loss=2.6890, temp_loss=0.0465, entropy=4.2566, temp=0.0370, grad_norm=0.2500, adv_mean=3.278255533700758e-08, adv_std=0.9996094107627869, weights_mean=1.0947294235229492, weights_max=2.4640727043151855
[Online] Iteration 36/50 - last training loss: 2.8445, last eval raw return: 496.18, last eval normalized score: 15.87
[Online step 11000] loss=2.8609, rtg_loss=0.0003, action_loss=2.7048, temp_loss=0.0457, entropy=4.2566, temp=0.0364, grad_norm=0.2500, adv_mean=5.364418242947977e-08, adv_std=0.9996092915534973, weights_mean=1.095746397972107, weights_max=2.2482831478118896
[Online] Iteration 37/50 - last training loss: 2.8513, last eval raw return: 513.72, last eval normalized score: 16.41
[Online step 11200] loss=2.8489, rtg_loss=0.0002, action_loss=2.6932, temp_loss=0.0449, entropy=4.2566, temp=0.0357, grad_norm=0.2500, adv_mean=1.2516976255483314e-07, adv_std=0.9996092915534973, weights_mean=1.0957597494125366, weights_max=2.1480331420898438
[Online step 11400] loss=2.8686, rtg_loss=0.0003, action_loss=2.7123, temp_loss=0.0441, entropy=4.2566, temp=0.0351, grad_norm=0.2500, adv_mean=-4.470348358154297e-08, adv_std=0.9996092915534973, weights_mean=1.0966449975967407, weights_max=2.2540056705474854
[Online] Iteration 38/50 - last training loss: 2.8686, last eval raw return: 708.02, last eval normalized score: 22.38
[Online step 11600] loss=2.8942, rtg_loss=0.0003, action_loss=2.7379, temp_loss=0.0433, entropy=4.2566, temp=0.0344, grad_norm=0.2500, adv_mean=5.662441182607836e-08, adv_std=0.9996093511581421, weights_mean=1.0934566259384155, weights_max=2.5151796340942383
[Online] Iteration 39/50 - last training loss: 2.8705, last eval raw return: 517.25, last eval normalized score: 16.52
[Online step 11800] loss=2.9001, rtg_loss=0.0003, action_loss=2.7440, temp_loss=0.0425, entropy=4.2566, temp=0.0338, grad_norm=0.2500, adv_mean=-1.0803342220810919e-08, adv_std=0.9996093511581421, weights_mean=1.0898261070251465, weights_max=2.0524942874908447
[Online step 12000] loss=2.8955, rtg_loss=0.0003, action_loss=2.7393, temp_loss=0.0417, entropy=4.2566, temp=0.0332, grad_norm=0.2500, adv_mean=-2.6822091214739885e-08, adv_std=0.9996092915534973, weights_mean=1.0916122198104858, weights_max=2.248051643371582
[Online] Iteration 40/50 - last training loss: 2.8955, last eval raw return: 503.55, last eval normalized score: 16.09
[Online step 12200] loss=2.8720, rtg_loss=0.0002, action_loss=2.7163, temp_loss=0.0410, entropy=4.2566, temp=0.0326, grad_norm=0.2500, adv_mean=8.642673776648735e-08, adv_std=0.9996092915534973, weights_mean=1.094578742980957, weights_max=2.341731309890747
[Online] Iteration 41/50 - last training loss: 2.8902, last eval raw return: 666.09, last eval normalized score: 21.09
[Online step 12400] loss=2.8779, rtg_loss=0.0003, action_loss=2.7220, temp_loss=0.0402, entropy=4.2566, temp=0.0320, grad_norm=0.2500, adv_mean=7.450580596923828e-09, adv_std=0.9996094107627869, weights_mean=1.096387505531311, weights_max=2.4926199913024902
[Online step 12600] loss=2.8732, rtg_loss=0.0002, action_loss=2.7173, temp_loss=0.0395, entropy=4.2566, temp=0.0314, grad_norm=0.2500, adv_mean=-4.023313593393141e-08, adv_std=0.9996092915534973, weights_mean=1.0962649583816528, weights_max=2.1817684173583984
[Online] Iteration 42/50 - last training loss: 2.8732, last eval raw return: 421.00, last eval normalized score: 13.56
[Online step 12800] loss=2.8830, rtg_loss=0.0003, action_loss=2.7269, temp_loss=0.0388, entropy=4.2566, temp=0.0309, grad_norm=0.2500, adv_mean=4.3213368883243675e-08, adv_std=0.9996092319488525, weights_mean=1.0953611135482788, weights_max=2.864079475402832
[Online] Iteration 43/50 - last training loss: 2.9031, last eval raw return: 498.63, last eval normalized score: 15.94
[Online step 13000] loss=2.9180, rtg_loss=0.0003, action_loss=2.7615, temp_loss=0.0381, entropy=4.2566, temp=0.0303, grad_norm=0.2500, adv_mean=-3.5762788286319847e-08, adv_std=0.9996094703674316, weights_mean=1.0918716192245483, weights_max=2.346856117248535
[Online step 13200] loss=2.9153, rtg_loss=0.0003, action_loss=2.7591, temp_loss=0.0374, entropy=4.2566, temp=0.0298, grad_norm=0.2500, adv_mean=6.854534007061375e-08, adv_std=0.9996092915534973, weights_mean=1.0923168659210205, weights_max=2.592240571975708
[Online] Iteration 44/50 - last training loss: 2.9153, last eval raw return: 433.48, last eval normalized score: 13.94
[Online step 13400] loss=2.9060, rtg_loss=0.0003, action_loss=2.7498, temp_loss=0.0368, entropy=4.2566, temp=0.0292, grad_norm=0.2500, adv_mean=2.086162531611535e-08, adv_std=0.9996092319488525, weights_mean=1.0931323766708374, weights_max=2.361783742904663
[Online] Iteration 45/50 - last training loss: 2.8933, last eval raw return: 535.73, last eval normalized score: 17.08
[Online step 13600] loss=2.9103, rtg_loss=0.0003, action_loss=2.7538, temp_loss=0.0361, entropy=4.2566, temp=0.0287, grad_norm=0.2500, adv_mean=-2.6822091214739885e-08, adv_std=0.9996093511581421, weights_mean=1.0942564010620117, weights_max=2.23576021194458
[Online step 13800] loss=2.9288, rtg_loss=0.0003, action_loss=2.7721, temp_loss=0.0354, entropy=4.2566, temp=0.0282, grad_norm=0.2500, adv_mean=-2.9802322831784522e-09, adv_std=0.9996092915534973, weights_mean=1.0914579629898071, weights_max=2.495629072189331
[Online] Iteration 46/50 - last training loss: 2.9288, last eval raw return: 636.71, last eval normalized score: 20.19
[Online step 14000] loss=2.9189, rtg_loss=0.0003, action_loss=2.7627, temp_loss=0.0348, entropy=4.2565, temp=0.0277, grad_norm=0.2500, adv_mean=-4.0978193283081055e-08, adv_std=0.9996093511581421, weights_mean=1.0927830934524536, weights_max=2.5604326725006104
[Online] Iteration 47/50 - last training loss: 2.9046, last eval raw return: 575.76, last eval normalized score: 18.31
[Online step 14200] loss=2.9182, rtg_loss=0.0003, action_loss=2.7619, temp_loss=0.0342, entropy=4.2565, temp=0.0272, grad_norm=0.2500, adv_mean=1.1324882365215672e-07, adv_std=0.9996092915534973, weights_mean=1.0936812162399292, weights_max=2.0841064453125
[Online step 14400] loss=2.9165, rtg_loss=0.0003, action_loss=2.7606, temp_loss=0.0336, entropy=4.2565, temp=0.0267, grad_norm=0.2500, adv_mean=-8.940696716308594e-08, adv_std=0.9996092915534973, weights_mean=1.0918147563934326, weights_max=2.506165027618408
[Online] Iteration 48/50 - last training loss: 2.9165, last eval raw return: 507.95, last eval normalized score: 16.23
[Online step 14600] loss=2.9176, rtg_loss=0.0003, action_loss=2.7618, temp_loss=0.0330, entropy=4.2565, temp=0.0262, grad_norm=0.2500, adv_mean=2.086162531611535e-08, adv_std=0.9996092319488525, weights_mean=1.09223210811615, weights_max=2.203814744949341
[Online] Iteration 49/50 - last training loss: 2.9265, last eval raw return: 517.19, last eval normalized score: 16.51
[Online step 14800] loss=2.9166, rtg_loss=0.0003, action_loss=2.7604, temp_loss=0.0324, entropy=4.2565, temp=0.0258, grad_norm=0.2500, adv_mean=7.748604247126423e-08, adv_std=0.9996094703674316, weights_mean=1.0935238599777222, weights_max=2.4241299629211426
[Online step 15000] loss=2.9331, rtg_loss=0.0002, action_loss=2.7771, temp_loss=0.0318, entropy=4.2565, temp=0.0253, grad_norm=0.2500, adv_mean=4.3213368883243675e-08, adv_std=0.9996093511581421, weights_mean=1.0912405252456665, weights_max=2.0000290870666504
[Online] Iteration 50/50 - last training loss: 2.9331, last eval raw return: 562.64, last eval normalized score: 17.91
Evaluation scores over iterations: [72.40596064172293, 56.91357928798355, 75.30027585933293, 66.14037651689902, 70.22215446421568, 60.22534089969545, 56.8500683214853, 52.07802709290724, 56.436762772323924, 87.18956897172497, 70.62862182137147, 77.41130234944916, 80.81566487111917, 70.58409816725548, 64.70649570590558, 53.69197504979527, 43.26968486510416, 46.752346970666174, 43.26766041479074, 57.94983540900027, 37.48463143940977, 39.421627762466656, 42.57346479916601, 37.57563388981397, 29.779752770258277, 30.59996664704491, 38.908298961972804, 28.748701903150902, 33.12477112021387, 34.31881438411722, 31.274658235722814, 44.55680317580041, 25.068295826424304, 25.371538437049157, 20.227252589157565, 15.86857019706567, 16.407476754830167, 22.37745421128297, 16.51600745848998, 16.094868374356956, 21.089231109731372, 13.558666106037798, 15.943717372988653, 13.942080640339999, 17.083760569189774, 20.186430264825216, 18.313743397399275, 16.230201988209547, 16.514123567982523, 17.91050835285219]
Raw returns over iterations: [2336.2320372147146, 1832.021284290929, 2430.4296187064506, 2132.3140715417194, 2265.1584861666847, 1939.8049605133263, 1829.954273964639, 1674.6447417561558, 1816.5029460266046, 2817.3752596026343, 2278.3872602015426, 2499.134502204987, 2609.9319419970584, 2276.9382056855097, 2085.6473837804174, 1727.171844978147, 1387.9708750804568, 1501.3166314448079, 1387.9049878812277, 1865.7469890144064, 1199.6921284583532, 1262.733074337431, 1365.311889632581, 1202.6538690060797, 948.9312811582962, 975.6257348339608, 1246.0264173629694, 915.3749851869574, 1057.7973219731189, 1096.6583233498354, 997.5840604232365, 1429.861071152961, 795.5935083022763, 805.4627583246319, 638.0382558291176, 496.1817858331833, 513.7208894120154, 708.0181223244718, 517.2530996357493, 503.54682363802533, 666.0919700347614, 421.00428701452813, 498.62750500876234, 433.48279026127227, 535.7310351373608, 636.7096637671397, 575.761715620523, 507.9513539538273, 517.1917870570371, 562.6381395366391]
Saved raw return evaluation plot to plots/online/hopper_medium/mild_beta_0.05_adv_2.0/job_5870047/hopper-medium-v2_eval_raw_return_25-12-09-06-49-50.png
Saved normalized evaluation plot to plots/online/hopper_medium/mild_beta_0.05_adv_2.0/job_5870047/hopper-medium-v2_eval_25-12-09-06-49-50.png
Saved training loss plot to plots/online/hopper_medium/mild_beta_0.05_adv_2.0/job_5870047/hopper-medium-v2_training_losses_25-12-09-06-49-50.png
Saved training stats plot to plots/online/hopper_medium/mild_beta_0.05_adv_2.0/job_5870047/hopper-medium-v2_training_stats_25-12-09-06-49-50.png
============================================================
finished training!
finished training at: 25-12-09-07-00-15
============================================================
Tue Dec  9 07:00:16 EST 2025
Finished online-only Reinformer mild run.
