Running Reinformer Hopper-medium experiment with custom target_entropy on babel-n9-24
Tue Nov 18 20:19:54 EST 2025
============================================================
start time: 25-11-18-20-19-57
============================================================
dataset size: 1327
returns max : 3908.8544921875
returns mean: 2817.7890625
returns std : 877.09326171875
returns min : 1350.3359375
Using Minari eval environment: Hopper-v5
Running initial evaluation before training...
Iteration 1/15 - last training loss: 2.6597, last eval raw return: 705.85, last eval normalized score: 22.31
Iteration 2/15 - last training loss: 2.7094, last eval raw return: 652.41, last eval normalized score: 20.67
Iteration 3/15 - last training loss: 2.7599, last eval raw return: 1104.34, last eval normalized score: 34.55
Iteration 4/15 - last training loss: 2.7875, last eval raw return: 1023.81, last eval normalized score: 32.08
Iteration 5/15 - last training loss: 2.8160, last eval raw return: 1303.72, last eval normalized score: 40.68
Iteration 6/15 - last training loss: 2.8289, last eval raw return: 1011.30, last eval normalized score: 31.70
Iteration 7/15 - last training loss: 2.8204, last eval raw return: 1588.01, last eval normalized score: 49.42
Iteration 8/15 - last training loss: 2.8286, last eval raw return: 1362.55, last eval normalized score: 42.49
Iteration 9/15 - last training loss: 2.8301, last eval raw return: 1589.45, last eval normalized score: 49.46
Iteration 10/15 - last training loss: 2.8272, last eval raw return: 2411.22, last eval normalized score: 74.71
Iteration 11/15 - last training loss: 2.8287, last eval raw return: 2165.17, last eval normalized score: 67.15
Iteration 12/15 - last training loss: 2.8329, last eval raw return: 1900.19, last eval normalized score: 59.01
Iteration 13/15 - last training loss: 2.8242, last eval raw return: 2562.70, last eval normalized score: 79.36
Iteration 14/15 - last training loss: 2.8290, last eval raw return: 1862.93, last eval normalized score: 57.86
Iteration 15/15 - last training loss: 2.8317, last eval raw return: 2296.97, last eval normalized score: 71.20
Evaluation scores over iterations: [1.0554106290093983, 22.310831273503553, 20.668928607059456, 34.554740871947466, 32.080460172542566, 40.681046349255354, 31.69623030580318, 49.416029756132986, 42.48861365344606, 49.46020100068241, 74.710061765474, 67.14984908455762, 59.00819527051535, 79.36439024664791, 57.863147460100215, 71.19946306968534]
Raw returns over iterations: [14.076797035766173, 705.8498306427255, 652.4129211855794, 1104.3367214829177, 1023.8094670921255, 1303.7217628670783, 1011.3044282616872, 1588.0081136736633, 1362.5503477435043, 1589.4456987655426, 2411.2206742675107, 2165.168086155308, 1900.1920759545126, 2562.6991599995245, 1862.9256670377326, 2296.965701374682]
Saved raw return evaluation plot to plots/hopper-medium-v2_job5805162_25-11-18-20-19-57/hopper-medium-v2_eval_raw_return_25-11-18-20-19-57.png
Saved normalized evaluation plot to plots/hopper-medium-v2_job5805162_25-11-18-20-19-57/hopper-medium-v2_eval_25-11-18-20-19-57.png
============================================================
finished training!
finished training at: 25-11-18-21-07-49
============================================================
All plots for this run saved under: plots/hopper-medium-v2_job5805162_25-11-18-20-19-57
Saved per-iteration training loss plot to plots/hopper-medium-v2_job5805162_25-11-18-20-19-57/hopper-medium-v2_training_losses_25-11-18-20-19-57.png
Saved per-iteration training stats plot to plots/hopper-medium-v2_job5805162_25-11-18-20-19-57/hopper-medium-v2_training_stats_25-11-18-20-19-57.png
Saved per-update training loss plot to plots/hopper-medium-v2_job5805162_25-11-18-20-19-57/hopper-medium-v2_training_losses_steps_25-11-18-20-19-57.png
Saved per-update training stats plot to plots/hopper-medium-v2_job5805162_25-11-18-20-19-57/hopper-medium-v2_training_stats_steps_25-11-18-20-19-57.png
Tue Nov 18 21:07:50 EST 2025
