Running Reinformer Hopper-medium experiment on babel-m5-24
Tue Nov 18 18:42:57 EST 2025
============================================================
start time: 25-11-18-18-43-00
============================================================
dataset size: 1327
returns max : 3908.8544921875
returns mean: 2817.7890625
returns std : 877.09326171875
returns min : 1350.3359375
Using Minari eval environment: Hopper-v5
Running initial evaluation before training...
Iteration 1/6 - last training loss: 2.6597, last eval raw return: 705.85, last eval normalized score: 22.31
Iteration 2/6 - last training loss: 2.7094, last eval raw return: 652.41, last eval normalized score: 20.67
Iteration 3/6 - last training loss: 2.7599, last eval raw return: 1104.34, last eval normalized score: 34.55
Iteration 4/6 - last training loss: 2.7875, last eval raw return: 1023.81, last eval normalized score: 32.08
Iteration 5/6 - last training loss: 2.8160, last eval raw return: 1303.72, last eval normalized score: 40.68
Iteration 6/6 - last training loss: 2.8289, last eval raw return: 1011.30, last eval normalized score: 31.70
Evaluation scores over iterations: [1.0554106290093983, 22.31083083708115, 20.668928685203053, 34.55473732135006, 32.08054265648033, 40.68102770115134, 31.696234081163123]
Raw returns over iterations: [14.076797035766173, 705.8498164390428, 652.4129237288192, 1104.336605926158, 1023.8121515915202, 1303.72115595105, 1011.3045511335062]
Saved raw return evaluation plot to plots/hopper-medium-v2_eval_raw_return_25-11-18-18-43-00.png
Saved normalized evaluation plot to plots/hopper-medium-v2_eval_25-11-18-18-43-00.png
============================================================
finished training!
finished training at: 25-11-18-18-54-42
============================================================
Saved training loss plot to plots/hopper-medium-v2_training_losses_25-11-18-18-43-00.png
Saved training stats plot to plots/hopper-medium-v2_training_stats_25-11-18-18-43-00.png
Tue Nov 18 18:54:43 EST 2025
