Running Reinformer Hopper-medium experiment with custom target_entropy on babel-n9-24
Tue Nov 18 20:16:54 EST 2025
============================================================
start time: 25-11-18-20-16-57
============================================================
dataset size: 1327
returns max : 3908.8544921875
returns mean: 2817.7890625
returns std : 877.09326171875
returns min : 1350.3359375
Using Minari eval environment: Hopper-v5
Running initial evaluation before training...
Iteration 1/7 - last training loss: 2.6597, last eval raw return: 705.85, last eval normalized score: 22.31
Iteration 2/7 - last training loss: 2.7094, last eval raw return: 652.41, last eval normalized score: 20.67
Iteration 3/7 - last training loss: 2.7599, last eval raw return: 1104.34, last eval normalized score: 34.55
Iteration 4/7 - last training loss: 2.7875, last eval raw return: 1023.81, last eval normalized score: 32.08
Iteration 5/7 - last training loss: 2.8160, last eval raw return: 1303.72, last eval normalized score: 40.68
Iteration 6/7 - last training loss: 2.8289, last eval raw return: 1011.30, last eval normalized score: 31.70
Iteration 7/7 - last training loss: 2.8204, last eval raw return: 1588.01, last eval normalized score: 49.42
Evaluation scores over iterations: [1.0554106290093983, 22.310831273503553, 20.668928607059456, 34.554740871947466, 32.080460172542566, 40.681046349255354, 31.69623030580318, 49.416029756132986]
Raw returns over iterations: [14.076797035766173, 705.8498306427255, 652.4129211855794, 1104.3367214829177, 1023.8094670921255, 1303.7217628670783, 1011.3044282616872, 1588.0081136736633]
Saved raw return evaluation plot to plots/hopper-medium-v2_job5805153_25-11-18-20-16-57/hopper-medium-v2_eval_raw_return_25-11-18-20-16-57.png
Saved normalized evaluation plot to plots/hopper-medium-v2_job5805153_25-11-18-20-16-57/hopper-medium-v2_eval_25-11-18-20-16-57.png
============================================================
finished training!
finished training at: 25-11-18-20-39-10
============================================================
All plots for this run saved under: plots/hopper-medium-v2_job5805153_25-11-18-20-16-57
Saved per-iteration training loss plot to plots/hopper-medium-v2_job5805153_25-11-18-20-16-57/hopper-medium-v2_training_losses_25-11-18-20-16-57.png
Saved per-iteration training stats plot to plots/hopper-medium-v2_job5805153_25-11-18-20-16-57/hopper-medium-v2_training_stats_25-11-18-20-16-57.png
Saved per-update training loss plot to plots/hopper-medium-v2_job5805153_25-11-18-20-16-57/hopper-medium-v2_training_losses_steps_25-11-18-20-16-57.png
Saved per-update training stats plot to plots/hopper-medium-v2_job5805153_25-11-18-20-16-57/hopper-medium-v2_training_stats_steps_25-11-18-20-16-57.png
Tue Nov 18 20:39:12 EST 2025
