Running offline Reinformer (Hopper-medium) on babel-m5-32
Mon Dec  8 12:30:54 AM EST 2025
============================================================
start time: 25-12-08-00-30-58
============================================================
dataset size: 1327
returns max : 3908.8544921875
returns mean: 2817.7890625
returns std : 877.09326171875
returns min : 1350.3359375
Using Minari eval environment: Hopper-v5
Running initial evaluation before training...
Iteration 1/15 - last training loss: 2.6597, last eval raw return: 705.85, last eval normalized score: 22.31
Iteration 2/15 - last training loss: 2.7094, last eval raw return: 652.41, last eval normalized score: 20.67
Iteration 3/15 - last training loss: 2.7599, last eval raw return: 1104.34, last eval normalized score: 34.55
Iteration 4/15 - last training loss: 2.7875, last eval raw return: 1023.81, last eval normalized score: 32.08
Iteration 5/15 - last training loss: 2.8160, last eval raw return: 1303.72, last eval normalized score: 40.68
Iteration 6/15 - last training loss: 2.8289, last eval raw return: 1011.30, last eval normalized score: 31.70
Iteration 7/15 - last training loss: 2.8204, last eval raw return: 1588.01, last eval normalized score: 49.42
Iteration 8/15 - last training loss: 2.8286, last eval raw return: 1362.55, last eval normalized score: 42.49
Iteration 9/15 - last training loss: 2.8301, last eval raw return: 1589.45, last eval normalized score: 49.46
Iteration 10/15 - last training loss: 2.8272, last eval raw return: 2411.22, last eval normalized score: 74.71
Iteration 11/15 - last training loss: 2.8287, last eval raw return: 2165.17, last eval normalized score: 67.15
Iteration 12/15 - last training loss: 2.8329, last eval raw return: 1900.19, last eval normalized score: 59.01
Iteration 13/15 - last training loss: 2.8242, last eval raw return: 2562.70, last eval normalized score: 79.36
Iteration 14/15 - last training loss: 2.8290, last eval raw return: 1862.93, last eval normalized score: 57.86
Iteration 15/15 - last training loss: 2.8317, last eval raw return: 2296.97, last eval normalized score: 71.20
Evaluation scores over iterations: [1.0554106290093983, 22.310831273503553, 20.668928607059456, 34.554740871947466, 32.080460172542566, 40.681046349255354, 31.69623030580318, 49.416029756132986, 42.48861365344606, 49.46020100068241, 74.710061765474, 67.14984908455762, 59.00819527051535, 79.36439024664791, 57.863147460100215, 71.19946306968534]
Raw returns over iterations: [14.076797035766173, 705.8498306427255, 652.4129211855794, 1104.3367214829177, 1023.8094670921255, 1303.7217628670783, 1011.3044282616872, 1588.0081136736633, 1362.5503477435043, 1589.4456987655426, 2411.2206742675107, 2165.168086155308, 1900.1920759545126, 2562.6991599995245, 1862.9256670377326, 2296.965701374682]
Saved raw return evaluation plot to plots/hopper-medium-v2_eval_raw_return_25-12-08-00-30-58.png
Saved normalized evaluation plot to plots/hopper-medium-v2_eval_25-12-08-00-30-58.png
============================================================
finished training!
Saved model checkpoint to models/reinformer_hopper_medium_offline.pt
finished training at: 25-12-08-00-57-33
============================================================
Running online finetuning (50k updates) starting from fresh model (no checkpoint save in main.py)
Mon Dec  8 12:57:34 AM EST 2025
============================================================
start time: 25-12-08-00-57-36
============================================================
dataset size: 1327
returns max : 3908.8544921875
returns mean: 2817.7890625
returns std : 877.09326171875
returns min : 1350.3359375
Using Minari eval environment: Hopper-v5
Loaded pretrained model from models/reinformer_hopper_medium_offline.pt
[Online] Iteration 1/10 - last training loss: 3.4375, last eval raw return: 2499.40, last eval normalized score: 77.42
[Online] Iteration 2/10 - last training loss: 3.5314, last eval raw return: 2098.88, last eval normalized score: 65.11
[Online] Iteration 3/10 - last training loss: 3.5835, last eval raw return: 898.05, last eval normalized score: 28.22
[Online] Iteration 4/10 - last training loss: 3.6247, last eval raw return: 713.65, last eval normalized score: 22.55
[Online] Iteration 5/10 - last training loss: 3.6647, last eval raw return: 410.95, last eval normalized score: 13.25
[Online] Iteration 6/10 - last training loss: 3.6911, last eval raw return: 370.55, last eval normalized score: 12.01
[Online] Iteration 7/10 - last training loss: 3.7030, last eval raw return: 200.61, last eval normalized score: 6.79
[Online] Iteration 8/10 - last training loss: 3.6977, last eval raw return: 299.57, last eval normalized score: 9.83
[Online] Iteration 9/10 - last training loss: 3.7084, last eval raw return: 369.11, last eval normalized score: 11.96
[Online] Iteration 10/10 - last training loss: 3.6892, last eval raw return: 382.99, last eval normalized score: 12.39
Evaluation scores over iterations: [77.4194088295258, 65.11302912038623, 28.216502152753304, 22.55062629470154, 13.249691497649119, 12.008363490294997, 6.786971775235641, 9.827602158322676, 11.964282438920128, 12.390677855339566]
Raw returns over iterations: [2499.398333460472, 2098.8783076986756, 898.0541595032379, 713.6541329914041, 410.9484849804279, 370.5485674388723, 200.61459874498604, 299.57411309035206, 369.11391774907304, 382.9912648816495]
Saved raw return evaluation plot to plots/hopper-medium-v2_eval_raw_return_25-12-08-00-57-36.png
Saved normalized evaluation plot to plots/hopper-medium-v2_eval_25-12-08-00-57-36.png
============================================================
finished training!
finished training at: 25-12-08-01-13-51
============================================================
Mon Dec  8 01:13:51 AM EST 2025
Finished offline + online Reinformer run.
