Running online Reinformer (Hopper-medium) moderate on babel-m5-32
beta_rl=0.50, adv_scale=2.0
Tue Dec  9 07:50:06 EST 2025
============================================================
start time: 25-12-09-07-50-09
============================================================
dataset size: 1327
returns max : 3908.8544921875
returns mean: 2817.7890625
returns std : 877.09326171875
returns min : 1350.3359375
Using Minari eval environment: Hopper-v5
Loaded pretrained model from models/reinformer_hopper_medium_offline.pt
[Online step 200] loss=3.9767, rtg_loss=0.0002, action_loss=2.4199, temp_loss=0.1232, entropy=4.2567, temp=0.0980, grad_norm=0.2500, adv_mean=1.862645149230957e-07, adv_std=0.9996092319488525, weights_mean=1.098828673362732, weights_max=2.527567148208618
[Online] Iteration 1/50 - last training loss: 3.9654, last eval raw return: 2219.48, last eval normalized score: 68.82
[Online step 400] loss=3.9919, rtg_loss=0.0002, action_loss=2.4316, temp_loss=0.1208, entropy=4.2567, temp=0.0961, grad_norm=0.2500, adv_mean=2.3841858265427618e-08, adv_std=0.9996092915534973, weights_mean=1.098223090171814, weights_max=2.299598455429077
[Online step 600] loss=3.9809, rtg_loss=0.0002, action_loss=2.4275, temp_loss=0.1185, entropy=4.2567, temp=0.0942, grad_norm=0.2500, adv_mean=-6.258488127741657e-08, adv_std=0.9996092319488525, weights_mean=1.0984221696853638, weights_max=2.314380645751953
[Online] Iteration 2/50 - last training loss: 3.9809, last eval raw return: 1737.78, last eval normalized score: 54.02
[Online step 800] loss=3.9926, rtg_loss=0.0002, action_loss=2.4395, temp_loss=0.1162, entropy=4.2567, temp=0.0924, grad_norm=0.2500, adv_mean=7.320195294369114e-08, adv_std=0.9996092915534973, weights_mean=1.0976409912109375, weights_max=2.217745780944824
[Online] Iteration 3/50 - last training loss: 4.0079, last eval raw return: 2088.64, last eval normalized score: 64.80
[Online step 1000] loss=4.0029, rtg_loss=0.0002, action_loss=2.4496, temp_loss=0.1140, entropy=4.2567, temp=0.0907, grad_norm=0.2500, adv_mean=5.21540641784668e-08, adv_std=0.9996092319488525, weights_mean=1.09742271900177, weights_max=2.3240768909454346
[Online step 1200] loss=4.0118, rtg_loss=0.0002, action_loss=2.4596, temp_loss=0.1118, entropy=4.2567, temp=0.0890, grad_norm=0.2500, adv_mean=1.3485551164649223e-07, adv_std=0.9996092915534973, weights_mean=1.0961328744888306, weights_max=2.2448084354400635
[Online] Iteration 4/50 - last training loss: 4.0118, last eval raw return: 2235.87, last eval normalized score: 69.32
[Online step 1400] loss=4.0213, rtg_loss=0.0002, action_loss=2.4691, temp_loss=0.1097, entropy=4.2567, temp=0.0873, grad_norm=0.2500, adv_mean=3.8743021235632114e-08, adv_std=0.9996092915534973, weights_mean=1.0955736637115479, weights_max=2.509298801422119
[Online] Iteration 5/50 - last training loss: 4.0295, last eval raw return: 2124.95, last eval normalized score: 65.91
[Online step 1600] loss=4.0329, rtg_loss=0.0002, action_loss=2.4798, temp_loss=0.1076, entropy=4.2567, temp=0.0856, grad_norm=0.2500, adv_mean=9.164214276324856e-08, adv_std=0.9996092915534973, weights_mean=1.0949270725250244, weights_max=2.465373992919922
[Online step 1800] loss=4.0486, rtg_loss=0.0002, action_loss=2.4860, temp_loss=0.1056, entropy=4.2567, temp=0.0840, grad_norm=0.2500, adv_mean=-2.831220591303918e-08, adv_std=0.9996093511581421, weights_mean=1.0993175506591797, weights_max=2.341468572616577
[Online] Iteration 6/50 - last training loss: 4.0486, last eval raw return: 1904.56, last eval normalized score: 59.14
[Online step 2000] loss=4.0352, rtg_loss=0.0002, action_loss=2.4843, temp_loss=0.1037, entropy=4.2567, temp=0.0825, grad_norm=0.2500, adv_mean=-2.0116567966965704e-08, adv_std=0.9996093511581421, weights_mean=1.0951858758926392, weights_max=2.423942804336548
[Online] Iteration 7/50 - last training loss: 4.0455, last eval raw return: 2313.93, last eval normalized score: 71.72
[Online step 2200] loss=4.0350, rtg_loss=0.0002, action_loss=2.4837, temp_loss=0.1017, entropy=4.2567, temp=0.0810, grad_norm=0.2500, adv_mean=5.06639494801675e-08, adv_std=0.9996092319488525, weights_mean=1.0966790914535522, weights_max=2.5005242824554443
[Online step 2400] loss=4.0557, rtg_loss=0.0002, action_loss=2.5044, temp_loss=0.0999, entropy=4.2567, temp=0.0795, grad_norm=0.2500, adv_mean=7.152557657263969e-08, adv_std=0.9996093511581421, weights_mean=1.0956991910934448, weights_max=2.295599937438965
[Online] Iteration 8/50 - last training loss: 4.0557, last eval raw return: 1926.30, last eval normalized score: 59.81
[Online step 2600] loss=4.0781, rtg_loss=0.0002, action_loss=2.5212, temp_loss=0.0980, entropy=4.2567, temp=0.0780, grad_norm=0.2500, adv_mean=-2.2351741790771484e-08, adv_std=0.9996092915534973, weights_mean=1.0962231159210205, weights_max=2.4141385555267334
[Online] Iteration 9/50 - last training loss: 4.0812, last eval raw return: 2295.32, last eval normalized score: 71.15
[Online step 2800] loss=4.0640, rtg_loss=0.0002, action_loss=2.5090, temp_loss=0.0962, entropy=4.2567, temp=0.0766, grad_norm=0.2500, adv_mean=-7.152557657263969e-08, adv_std=0.9996093511581421, weights_mean=1.097678303718567, weights_max=2.193466901779175
[Online step 3000] loss=4.0774, rtg_loss=0.0002, action_loss=2.5226, temp_loss=0.0945, entropy=4.2567, temp=0.0752, grad_norm=0.2500, adv_mean=-2.533197474008375e-08, adv_std=0.9996092915534973, weights_mean=1.0965887308120728, weights_max=2.2435455322265625
[Online] Iteration 10/50 - last training loss: 4.0774, last eval raw return: 2315.13, last eval normalized score: 71.76
[Online step 3200] loss=4.1075, rtg_loss=0.0003, action_loss=2.5489, temp_loss=0.0928, entropy=4.2567, temp=0.0738, grad_norm=0.2500, adv_mean=2.533197474008375e-08, adv_std=0.9996092319488525, weights_mean=1.0957568883895874, weights_max=2.8144843578338623
[Online] Iteration 11/50 - last training loss: 4.0842, last eval raw return: 2531.81, last eval normalized score: 78.42
[Online step 3400] loss=4.1226, rtg_loss=0.0003, action_loss=2.5664, temp_loss=0.0911, entropy=4.2567, temp=0.0725, grad_norm=0.2500, adv_mean=2.9802322387695312e-08, adv_std=0.9996092319488525, weights_mean=1.092433214187622, weights_max=2.325756311416626
[Online step 3600] loss=4.1028, rtg_loss=0.0002, action_loss=2.5510, temp_loss=0.0894, entropy=4.2567, temp=0.0711, grad_norm=0.2500, adv_mean=3.1292440638708285e-08, adv_std=0.9996092319488525, weights_mean=1.093546748161316, weights_max=2.1590213775634766
[Online] Iteration 12/50 - last training loss: 4.1028, last eval raw return: 2571.46, last eval normalized score: 79.63
[Online step 3800] loss=4.0905, rtg_loss=0.0002, action_loss=2.5376, temp_loss=0.0878, entropy=4.2567, temp=0.0699, grad_norm=0.2500, adv_mean=-7.748604247126423e-08, adv_std=0.9996092915534973, weights_mean=1.0959783792495728, weights_max=2.1494951248168945
[Online] Iteration 13/50 - last training loss: 4.0997, last eval raw return: 2031.78, last eval normalized score: 63.05
[Online step 4000] loss=4.1054, rtg_loss=0.0002, action_loss=2.5493, temp_loss=0.0862, entropy=4.2567, temp=0.0686, grad_norm=0.2500, adv_mean=1.9446015642188286e-07, adv_std=0.9996092915534973, weights_mean=1.0975691080093384, weights_max=2.3144164085388184
[Online step 4200] loss=4.1274, rtg_loss=0.0002, action_loss=2.5710, temp_loss=0.0846, entropy=4.2567, temp=0.0674, grad_norm=0.2500, adv_mean=-5.5134297127779064e-08, adv_std=0.9996093511581421, weights_mean=1.0946426391601562, weights_max=2.409785747528076
[Online] Iteration 14/50 - last training loss: 4.1274, last eval raw return: 2877.75, last eval normalized score: 89.04
[Online step 4400] loss=4.1612, rtg_loss=0.0002, action_loss=2.5996, temp_loss=0.0831, entropy=4.2567, temp=0.0661, grad_norm=0.2500, adv_mean=2.6822091214739885e-08, adv_std=0.9996092319488525, weights_mean=1.0941632986068726, weights_max=2.137450933456421
[Online] Iteration 15/50 - last training loss: 4.1180, last eval raw return: 2726.97, last eval normalized score: 84.41
[Online step 4600] loss=4.1385, rtg_loss=0.0002, action_loss=2.5796, temp_loss=0.0816, entropy=4.2567, temp=0.0649, grad_norm=0.2500, adv_mean=-3.8743021235632114e-08, adv_std=0.9996092319488525, weights_mean=1.09650456905365, weights_max=2.138601541519165
[Online step 4800] loss=4.1352, rtg_loss=0.0002, action_loss=2.5744, temp_loss=0.0801, entropy=4.2567, temp=0.0638, grad_norm=0.2500, adv_mean=7.301569127093899e-08, adv_std=0.9996093511581421, weights_mean=1.0985532999038696, weights_max=2.49880051612854
[Online] Iteration 16/50 - last training loss: 4.1352, last eval raw return: 2300.12, last eval normalized score: 71.30
[Online step 5000] loss=4.1695, rtg_loss=0.0003, action_loss=2.6061, temp_loss=0.0787, entropy=4.2567, temp=0.0626, grad_norm=0.2500, adv_mean=-5.21540641784668e-08, adv_std=0.9996093511581421, weights_mean=1.096347451210022, weights_max=2.375366687774658
[Online] Iteration 17/50 - last training loss: 4.1583, last eval raw return: 1782.56, last eval normalized score: 55.39
[Online step 5200] loss=4.1497, rtg_loss=0.0002, action_loss=2.5939, temp_loss=0.0773, entropy=4.2567, temp=0.0615, grad_norm=0.2500, adv_mean=4.9918892131017856e-08, adv_std=0.9996092915534973, weights_mean=1.0944222211837769, weights_max=2.0808322429656982
[Online step 5400] loss=4.1425, rtg_loss=0.0002, action_loss=2.5892, temp_loss=0.0759, entropy=4.2567, temp=0.0604, grad_norm=0.2500, adv_mean=4.7683716530855236e-08, adv_std=0.9996093511581421, weights_mean=1.095126986503601, weights_max=2.0928385257720947
[Online] Iteration 18/50 - last training loss: 4.1425, last eval raw return: 2158.61, last eval normalized score: 66.95
[Online step 5600] loss=4.1603, rtg_loss=0.0002, action_loss=2.6016, temp_loss=0.0745, entropy=4.2567, temp=0.0593, grad_norm=0.2500, adv_mean=1.0058283983482852e-08, adv_std=0.9996092319488525, weights_mean=1.0980342626571655, weights_max=2.3124921321868896
[Online] Iteration 19/50 - last training loss: 4.1638, last eval raw return: 1350.18, last eval normalized score: 42.11
[Online step 5800] loss=4.2075, rtg_loss=0.0003, action_loss=2.6435, temp_loss=0.0732, entropy=4.2567, temp=0.0582, grad_norm=0.2500, adv_mean=8.717179156292332e-08, adv_std=0.9996092915534973, weights_mean=1.0938067436218262, weights_max=1.9857155084609985
[Online step 6000] loss=4.1656, rtg_loss=0.0002, action_loss=2.6130, temp_loss=0.0719, entropy=4.2567, temp=0.0572, grad_norm=0.2500, adv_mean=5.960464477539063e-08, adv_std=0.9996093511581421, weights_mean=1.0935293436050415, weights_max=2.1501095294952393
[Online] Iteration 20/50 - last training loss: 4.1656, last eval raw return: 1416.50, last eval normalized score: 44.15
[Online step 6200] loss=4.1666, rtg_loss=0.0002, action_loss=2.6106, temp_loss=0.0706, entropy=4.2567, temp=0.0562, grad_norm=0.2500, adv_mean=8.34465012644614e-08, adv_std=0.9996092319488525, weights_mean=1.095927119255066, weights_max=2.1413114070892334
[Online] Iteration 21/50 - last training loss: 4.1899, last eval raw return: 1079.00, last eval normalized score: 33.78
[Online step 6400] loss=4.1674, rtg_loss=0.0003, action_loss=2.6126, temp_loss=0.0693, entropy=4.2567, temp=0.0551, grad_norm=0.2500, adv_mean=9.462237215984715e-08, adv_std=0.9996092915534973, weights_mean=1.0961551666259766, weights_max=2.76507830619812
[Online step 6600] loss=4.1608, rtg_loss=0.0002, action_loss=2.6109, temp_loss=0.0681, entropy=4.2567, temp=0.0542, grad_norm=0.2500, adv_mean=8.121133276972614e-08, adv_std=0.9996092915534973, weights_mean=1.0936596393585205, weights_max=2.243412494659424
[Online] Iteration 22/50 - last training loss: 4.1608, last eval raw return: 1340.14, last eval normalized score: 41.80
[Online step 6800] loss=4.1839, rtg_loss=0.0003, action_loss=2.6222, temp_loss=0.0668, entropy=4.2567, temp=0.0532, grad_norm=0.2500, adv_mean=1.0877847955725883e-07, adv_std=0.9996092915534973, weights_mean=1.0978586673736572, weights_max=2.8129796981811523
[Online] Iteration 23/50 - last training loss: 4.1634, last eval raw return: 1354.91, last eval normalized score: 42.25
[Online step 7000] loss=4.2103, rtg_loss=0.0002, action_loss=2.6500, temp_loss=0.0656, entropy=4.2567, temp=0.0522, grad_norm=0.2500, adv_mean=4.917383122915453e-08, adv_std=0.9996093511581421, weights_mean=1.0942069292068481, weights_max=2.2446060180664062
[Online step 7200] loss=4.1993, rtg_loss=0.0002, action_loss=2.6407, temp_loss=0.0645, entropy=4.2567, temp=0.0513, grad_norm=0.2500, adv_mean=-6.705522537231445e-08, adv_std=0.9996092915534973, weights_mean=1.0965461730957031, weights_max=2.2819721698760986
[Online] Iteration 24/50 - last training loss: 4.1993, last eval raw return: 1371.86, last eval normalized score: 42.77
[Online step 7400] loss=4.2052, rtg_loss=0.0003, action_loss=2.6440, temp_loss=0.0633, entropy=4.2567, temp=0.0504, grad_norm=0.2500, adv_mean=6.929040097247707e-08, adv_std=0.9996093511581421, weights_mean=1.0971181392669678, weights_max=2.5115468502044678
[Online] Iteration 25/50 - last training loss: 4.2159, last eval raw return: 1711.66, last eval normalized score: 53.22
[Online step 7600] loss=4.2082, rtg_loss=0.0003, action_loss=2.6503, temp_loss=0.0622, entropy=4.2567, temp=0.0495, grad_norm=0.2500, adv_mean=0.0, adv_std=0.9996093511581421, weights_mean=1.0945236682891846, weights_max=2.3099422454833984
[Online step 7800] loss=4.2011, rtg_loss=0.0002, action_loss=2.6446, temp_loss=0.0610, entropy=4.2567, temp=0.0486, grad_norm=0.2500, adv_mean=-8.940697071579962e-09, adv_std=0.9996092319488525, weights_mean=1.0960782766342163, weights_max=2.1969714164733887
[Online] Iteration 26/50 - last training loss: 4.2011, last eval raw return: 1228.24, last eval normalized score: 38.36
[Online step 8000] loss=4.2147, rtg_loss=0.0003, action_loss=2.6595, temp_loss=0.0599, entropy=4.2567, temp=0.0477, grad_norm=0.2500, adv_mean=7.748604247126423e-08, adv_std=0.9996092915534973, weights_mean=1.0935331583023071, weights_max=2.318971872329712
[Online] Iteration 27/50 - last training loss: 4.1965, last eval raw return: 1451.95, last eval normalized score: 45.24
[Online step 8200] loss=4.2479, rtg_loss=0.0003, action_loss=2.6852, temp_loss=0.0589, entropy=4.2567, temp=0.0468, grad_norm=0.2500, adv_mean=-6.556511067401516e-08, adv_std=0.9996092319488525, weights_mean=1.092892050743103, weights_max=2.1436424255371094
[Online step 8400] loss=4.2375, rtg_loss=0.0003, action_loss=2.6811, temp_loss=0.0578, entropy=4.2567, temp=0.0460, grad_norm=0.2500, adv_mean=1.236796407511065e-07, adv_std=0.9996092915534973, weights_mean=1.0932899713516235, weights_max=2.2190678119659424
[Online] Iteration 28/50 - last training loss: 4.2375, last eval raw return: 1135.56, last eval normalized score: 35.51
[Online step 8600] loss=4.2354, rtg_loss=0.0003, action_loss=2.6783, temp_loss=0.0568, entropy=4.2567, temp=0.0452, grad_norm=0.2500, adv_mean=1.3783574104309082e-07, adv_std=0.9996092915534973, weights_mean=1.0919688940048218, weights_max=2.1485657691955566
[Online] Iteration 29/50 - last training loss: 4.2390, last eval raw return: 1180.37, last eval normalized score: 36.89
[Online step 8800] loss=4.2331, rtg_loss=0.0002, action_loss=2.6782, temp_loss=0.0558, entropy=4.2567, temp=0.0444, grad_norm=0.2500, adv_mean=-2.086162531611535e-08, adv_std=0.9996092915534973, weights_mean=1.093478798866272, weights_max=2.165073871612549
[Online step 9000] loss=4.2419, rtg_loss=0.0003, action_loss=2.6803, temp_loss=0.0548, entropy=4.2567, temp=0.0436, grad_norm=0.2500, adv_mean=2.6822091214739885e-08, adv_std=0.9996094107627869, weights_mean=1.0964049100875854, weights_max=2.240790843963623
[Online] Iteration 30/50 - last training loss: 4.2419, last eval raw return: 1684.82, last eval normalized score: 52.39
[Online step 9200] loss=4.2331, rtg_loss=0.0003, action_loss=2.6747, temp_loss=0.0538, entropy=4.2567, temp=0.0428, grad_norm=0.2500, adv_mean=-1.1920929132713809e-08, adv_std=0.9996092915534973, weights_mean=1.0950497388839722, weights_max=3.1133782863616943
[Online] Iteration 31/50 - last training loss: 4.2398, last eval raw return: 968.71, last eval normalized score: 30.39
[Online step 9400] loss=4.2478, rtg_loss=0.0003, action_loss=2.6919, temp_loss=0.0528, entropy=4.2566, temp=0.0420, grad_norm=0.2500, adv_mean=1.0728836485895954e-07, adv_std=0.9996092915534973, weights_mean=1.0940977334976196, weights_max=2.58064341545105
[Online step 9600] loss=4.2480, rtg_loss=0.0002, action_loss=2.6953, temp_loss=0.0519, entropy=4.2566, temp=0.0413, grad_norm=0.2500, adv_mean=-8.940697071579962e-09, adv_std=0.9996092319488525, weights_mean=1.0918200016021729, weights_max=2.0469579696655273
[Online] Iteration 32/50 - last training loss: 4.2480, last eval raw return: 878.50, last eval normalized score: 27.62
[Online step 9800] loss=4.2273, rtg_loss=0.0002, action_loss=2.6719, temp_loss=0.0509, entropy=4.2566, temp=0.0405, grad_norm=0.2500, adv_mean=6.109475947368992e-08, adv_std=0.9996092915534973, weights_mean=1.0956898927688599, weights_max=2.4680986404418945
[Online] Iteration 33/50 - last training loss: 4.2532, last eval raw return: 1296.02, last eval normalized score: 40.44
[Online step 10000] loss=4.2730, rtg_loss=0.0003, action_loss=2.7100, temp_loss=0.0500, entropy=4.2566, temp=0.0398, grad_norm=0.2500, adv_mean=9.536743306171047e-08, adv_std=0.9996092915534973, weights_mean=1.0943071842193604, weights_max=2.269085645675659
[Online step 10200] loss=4.2357, rtg_loss=0.0002, action_loss=2.6828, temp_loss=0.0491, entropy=4.2566, temp=0.0391, grad_norm=0.2500, adv_mean=-1.0430812658057675e-08, adv_std=0.9996092319488525, weights_mean=1.093737006187439, weights_max=2.424680233001709
[Online] Iteration 34/50 - last training loss: 4.2357, last eval raw return: 1437.75, last eval normalized score: 44.80
[Online step 10400] loss=4.2662, rtg_loss=0.0003, action_loss=2.7077, temp_loss=0.0482, entropy=4.2566, temp=0.0384, grad_norm=0.2500, adv_mean=-5.9604645663569045e-09, adv_std=0.9996092319488525, weights_mean=1.0938466787338257, weights_max=2.2422170639038086
[Online] Iteration 35/50 - last training loss: 4.2689, last eval raw return: 14.35, last eval normalized score: 1.06
[Online step 10600] loss=4.2489, rtg_loss=0.0003, action_loss=2.6963, temp_loss=0.0474, entropy=4.2566, temp=0.0377, grad_norm=0.2500, adv_mean=1.1622906015418266e-07, adv_std=0.9996093511581421, weights_mean=1.0948500633239746, weights_max=2.13059139251709
[Online step 10800] loss=4.2938, rtg_loss=0.0003, action_loss=2.7301, temp_loss=0.0465, entropy=4.2566, temp=0.0370, grad_norm=0.2500, adv_mean=9.089708186138523e-08, adv_std=0.9996092915534973, weights_mean=1.0941365957260132, weights_max=2.326542615890503
[Online] Iteration 36/50 - last training loss: 4.2938, last eval raw return: 609.94, last eval normalized score: 19.36
[Online step 11000] loss=4.2867, rtg_loss=0.0003, action_loss=2.7225, temp_loss=0.0457, entropy=4.2566, temp=0.0364, grad_norm=0.2500, adv_mean=-5.06639494801675e-08, adv_std=0.9996092319488525, weights_mean=1.096935749053955, weights_max=2.409916400909424
[Online] Iteration 37/50 - last training loss: 4.2881, last eval raw return: 372.33, last eval normalized score: 12.06
[Online step 11200] loss=4.2887, rtg_loss=0.0003, action_loss=2.7281, temp_loss=0.0449, entropy=4.2566, temp=0.0357, grad_norm=0.2500, adv_mean=2.3841858265427618e-08, adv_std=0.9996093511581421, weights_mean=1.0929079055786133, weights_max=2.3083667755126953
[Online step 11400] loss=4.2475, rtg_loss=0.0002, action_loss=2.6874, temp_loss=0.0441, entropy=4.2566, temp=0.0351, grad_norm=0.2500, adv_mean=0.0, adv_std=0.9996092915534973, weights_mean=1.1010960340499878, weights_max=2.6608786582946777
[Online] Iteration 38/50 - last training loss: 4.2475, last eval raw return: 931.78, last eval normalized score: 29.25
[Online step 11600] loss=4.2961, rtg_loss=0.0003, action_loss=2.7336, temp_loss=0.0433, entropy=4.2566, temp=0.0344, grad_norm=0.2500, adv_mean=5.960464477539063e-08, adv_std=0.9996092915534973, weights_mean=1.0948243141174316, weights_max=2.257871627807617
[Online] Iteration 39/50 - last training loss: 4.2649, last eval raw return: 13.81, last eval normalized score: 1.05
[Online step 11800] loss=4.3051, rtg_loss=0.0003, action_loss=2.7460, temp_loss=0.0425, entropy=4.2566, temp=0.0338, grad_norm=0.2500, adv_mean=1.1622906015418266e-07, adv_std=0.9996092319488525, weights_mean=1.093173861503601, weights_max=2.2315733432769775
[Online step 12000] loss=4.2787, rtg_loss=0.0003, action_loss=2.7248, temp_loss=0.0417, entropy=4.2566, temp=0.0332, grad_norm=0.2500, adv_mean=0.0, adv_std=0.9996092915534973, weights_mean=1.0924233198165894, weights_max=2.76666259765625
[Online] Iteration 40/50 - last training loss: 4.2787, last eval raw return: 251.43, last eval normalized score: 8.35
[Online step 12200] loss=4.3043, rtg_loss=0.0003, action_loss=2.7410, temp_loss=0.0410, entropy=4.2566, temp=0.0326, grad_norm=0.2500, adv_mean=1.4230609224341606e-07, adv_std=0.9996092915534973, weights_mean=1.0948938131332397, weights_max=2.16384220123291
[Online] Iteration 41/50 - last training loss: 4.2911, last eval raw return: 1095.38, last eval normalized score: 34.28
[Online step 12400] loss=4.3043, rtg_loss=0.0003, action_loss=2.7413, temp_loss=0.0402, entropy=4.2566, temp=0.0320, grad_norm=0.2500, adv_mean=9.834766245830906e-08, adv_std=0.9996092319488525, weights_mean=1.09486985206604, weights_max=2.300577402114868
[Online step 12600] loss=4.3275, rtg_loss=0.0004, action_loss=2.7628, temp_loss=0.0395, entropy=4.2566, temp=0.0314, grad_norm=0.2500, adv_mean=5.438923977862942e-08, adv_std=0.9996093511581421, weights_mean=1.093511939048767, weights_max=2.3570125102996826
[Online] Iteration 42/50 - last training loss: 4.3275, last eval raw return: 1118.71, last eval normalized score: 35.00
[Online step 12800] loss=4.3039, rtg_loss=0.0003, action_loss=2.7460, temp_loss=0.0388, entropy=4.2566, temp=0.0309, grad_norm=0.2500, adv_mean=4.619360183255594e-08, adv_std=0.9996092319488525, weights_mean=1.0922259092330933, weights_max=2.1754095554351807
[Online] Iteration 43/50 - last training loss: 4.2992, last eval raw return: 259.68, last eval normalized score: 8.60
[Online step 13000] loss=4.3224, rtg_loss=0.0003, action_loss=2.7556, temp_loss=0.0381, entropy=4.2566, temp=0.0303, grad_norm=0.2500, adv_mean=1.1175870895385742e-07, adv_std=0.9996093511581421, weights_mean=1.0943368673324585, weights_max=2.396031618118286
[Online step 13200] loss=4.2882, rtg_loss=0.0003, action_loss=2.7342, temp_loss=0.0374, entropy=4.2566, temp=0.0298, grad_norm=0.2500, adv_mean=1.9371510617816057e-08, adv_std=0.9996092319488525, weights_mean=1.0921961069107056, weights_max=2.5177981853485107
[Online] Iteration 44/50 - last training loss: 4.2882, last eval raw return: 493.89, last eval normalized score: 15.80
[Online step 13400] loss=4.3139, rtg_loss=0.0003, action_loss=2.7500, temp_loss=0.0368, entropy=4.2566, temp=0.0292, grad_norm=0.2500, adv_mean=8.34465012644614e-08, adv_std=0.9996094703674316, weights_mean=1.0966984033584595, weights_max=2.183333158493042
[Online] Iteration 45/50 - last training loss: 4.2923, last eval raw return: 64.90, last eval normalized score: 2.62
[Online step 13600] loss=4.3614, rtg_loss=0.0003, action_loss=2.7905, temp_loss=0.0361, entropy=4.2566, temp=0.0287, grad_norm=0.2500, adv_mean=1.143664150049517e-07, adv_std=0.9996091723442078, weights_mean=1.092739462852478, weights_max=2.0944995880126953
[Online step 13800] loss=4.3004, rtg_loss=0.0002, action_loss=2.7428, temp_loss=0.0354, entropy=4.2566, temp=0.0282, grad_norm=0.2500, adv_mean=6.482004977215183e-08, adv_std=0.9996094107627869, weights_mean=1.0940871238708496, weights_max=2.0853099822998047
[Online] Iteration 46/50 - last training loss: 4.3004, last eval raw return: 91.04, last eval normalized score: 3.42
[Online step 14000] loss=4.3103, rtg_loss=0.0002, action_loss=2.7539, temp_loss=0.0348, entropy=4.2565, temp=0.0277, grad_norm=0.2500, adv_mean=6.109475947368992e-08, adv_std=0.9996093511581421, weights_mean=1.092543601989746, weights_max=2.1274826526641846
[Online] Iteration 47/50 - last training loss: 4.3098, last eval raw return: 276.68, last eval normalized score: 9.12
[Online step 14200] loss=4.3048, rtg_loss=0.0003, action_loss=2.7469, temp_loss=0.0342, entropy=4.2565, temp=0.0272, grad_norm=0.2500, adv_mean=1.7136335017653437e-08, adv_std=0.9996092915534973, weights_mean=1.0940130949020386, weights_max=2.2509500980377197
[Online step 14400] loss=4.3129, rtg_loss=0.0003, action_loss=2.7529, temp_loss=0.0336, entropy=4.2565, temp=0.0267, grad_norm=0.2500, adv_mean=-2.6822091214739885e-08, adv_std=0.9996092319488525, weights_mean=1.0948346853256226, weights_max=2.189229726791382
[Online] Iteration 48/50 - last training loss: 4.3129, last eval raw return: 585.66, last eval normalized score: 18.62
[Online step 14600] loss=4.3181, rtg_loss=0.0003, action_loss=2.7574, temp_loss=0.0330, entropy=4.2565, temp=0.0262, grad_norm=0.2500, adv_mean=6.556511067401516e-08, adv_std=0.9996092319488525, weights_mean=1.0949825048446655, weights_max=2.310087203979492
[Online] Iteration 49/50 - last training loss: 4.3224, last eval raw return: 95.58, last eval normalized score: 3.56
[Online step 14800] loss=4.3514, rtg_loss=0.0002, action_loss=2.7853, temp_loss=0.0324, entropy=4.2565, temp=0.0258, grad_norm=0.2500, adv_mean=2.9057265038545665e-08, adv_std=0.9996094107627869, weights_mean=1.0923017263412476, weights_max=1.9998382329940796
[Online step 15000] loss=4.2943, rtg_loss=0.0002, action_loss=2.7416, temp_loss=0.0318, entropy=4.2565, temp=0.0253, grad_norm=0.2500, adv_mean=4.023313593393141e-08, adv_std=0.9996092915534973, weights_mean=1.0937012434005737, weights_max=2.6916561126708984
[Online] Iteration 50/50 - last training loss: 4.2943, last eval raw return: 412.43, last eval normalized score: 13.30
Evaluation scores over iterations: [68.81862202517456, 54.017904185729904, 64.79846747879085, 69.32222864680239, 65.91402329082653, 59.14238010535006, 71.7208562622006, 59.810451647776176, 71.1487827233339, 71.75764014448954, 78.41523697458919, 79.63344187585383, 63.05128756953242, 89.04459073128861, 84.41179923479554, 71.29643197559434, 55.39396269498348, 66.94821829453345, 42.108422605235596, 44.14625669589057, 33.776275849479795, 41.8001557581099, 42.253813196084316, 42.77463851983163, 53.21542044784828, 38.36166755434154, 45.235635242836864, 35.514111984090704, 36.8908642745601, 52.39078421206182, 30.38741974778191, 27.615615957105042, 40.44435231957382, 44.799234482921584, 1.0639194892740587, 19.363784079289744, 12.062996764855736, 29.25283583892499, 1.0472501688076983, 8.348282012631692, 34.27963654227123, 34.99630385222918, 8.601735256782112, 15.798275384523134, 2.617059455191337, 3.420108817281923, 9.12406962363624, 18.617864676914255, 3.559594665800975, 13.295283086081893]
Raw returns over iterations: [2219.479508113962, 1737.7794443702012, 2088.640671629159, 2235.869749747607, 2124.94724213449, 1904.559218426553, 2313.934819818439, 1926.3020898239397, 2295.3162728582497, 2315.1319778641187, 2531.8082804751, 2571.455639809811, 2031.77743818391, 2877.748284041116, 2726.9707350478575, 2300.121624530858, 1782.5642635129639, 2158.605866304829, 1350.1767551823573, 1416.4995391186628, 1079.001014457573, 1340.1439877503078, 1354.9085970861956, 1371.8592338303024, 1711.6620308849774, 1228.2359029597706, 1451.9541516041882, 1135.560148000902, 1180.3675467549724, 1684.8236483380765, 968.7082423154109, 878.4978837951015, 1296.0183845294746, 1437.751173333176, 14.35372404541096, 609.9360488445633, 372.3266468620408, 931.7823886407672, 13.811208958081101, 251.4285693264077, 1095.383252159419, 1118.7077079482992, 259.67738841665124, 493.89399033232223, 64.90178723404114, 91.03760936812053, 276.6771380597828, 585.6595625572292, 95.57727716341584, 412.43229619097065]
Saved raw return evaluation plot to plots/online/hopper_medium/moderate_beta_0.50_adv_2.0/job_5870104/hopper-medium-v2_eval_raw_return_25-12-09-07-50-09.png
Saved normalized evaluation plot to plots/online/hopper_medium/moderate_beta_0.50_adv_2.0/job_5870104/hopper-medium-v2_eval_25-12-09-07-50-09.png
Saved training loss plot to plots/online/hopper_medium/moderate_beta_0.50_adv_2.0/job_5870104/hopper-medium-v2_training_losses_25-12-09-07-50-09.png
Saved training stats plot to plots/online/hopper_medium/moderate_beta_0.50_adv_2.0/job_5870104/hopper-medium-v2_training_stats_25-12-09-07-50-09.png
============================================================
finished training!
finished training at: 25-12-09-08-01-00
============================================================
Tue Dec  9 08:01:00 EST 2025
Finished online-only Reinformer moderate run.
