============================================================
start time: 25-12-07-15-11-17
============================================================
dataset size: 1327
returns max : 3908.8544921875
returns mean: 2817.7890625
returns std : 877.09326171875
returns min : 1350.3359375
Using Minari eval environment: Hopper-v5
Running initial evaluation before training...
Iteration 1/20 - last training loss: 2.5987, last eval raw return: 1286.80, last eval normalized score: 40.16
Iteration 2/20 - last training loss: 2.6665, last eval raw return: 916.20, last eval normalized score: 28.77
Iteration 3/20 - last training loss: 2.7185, last eval raw return: 1764.56, last eval normalized score: 54.84
Iteration 4/20 - last training loss: 2.7507, last eval raw return: 2225.14, last eval normalized score: 68.99
Iteration 5/20 - last training loss: 2.7747, last eval raw return: 1677.97, last eval normalized score: 52.18
Iteration 6/20 - last training loss: 2.7788, last eval raw return: 2581.58, last eval normalized score: 79.94
Iteration 7/20 - last training loss: 2.6927, last eval raw return: 2469.83, last eval normalized score: 76.51
Iteration 8/20 - last training loss: 2.0555, last eval raw return: 1784.51, last eval normalized score: 55.45
Iteration 9/20 - last training loss: -0.8000, last eval raw return: 1820.46, last eval normalized score: 56.56
Iteration 10/20 - last training loss: -0.8732, last eval raw return: 1400.91, last eval normalized score: 43.67
Iteration 11/20 - last training loss: -0.8991, last eval raw return: 1675.04, last eval normalized score: 52.09
Iteration 12/20 - last training loss: -0.9081, last eval raw return: 1409.12, last eval normalized score: 43.92
Iteration 13/20 - last training loss: -1.0147, last eval raw return: 1303.88, last eval normalized score: 40.69
Iteration 14/20 - last training loss: -1.0908, last eval raw return: 1207.78, last eval normalized score: 37.73
Iteration 15/20 - last training loss: -0.9914, last eval raw return: 1075.98, last eval normalized score: 33.68
Iteration 16/20 - last training loss: -0.9941, last eval raw return: 1036.87, last eval normalized score: 32.48
Iteration 17/20 - last training loss: -0.9939, last eval raw return: 1030.89, last eval normalized score: 32.30
Iteration 18/20 - last training loss: -0.9029, last eval raw return: 1007.64, last eval normalized score: 31.58
Iteration 19/20 - last training loss: -0.8245, last eval raw return: 794.48, last eval normalized score: 25.03
Iteration 20/20 - last training loss: -0.8528, last eval raw return: 790.93, last eval normalized score: 24.92
Evaluation scores over iterations: [1.08389846508628, 40.16117549134904, 28.77405132424446, 54.84089564988626, 68.99255946380383, 52.18027153052296, 79.94465991176372, 76.51103261517967, 55.453724148066485, 56.55848785323041, 43.667203430971, 52.09014623718012, 43.91958292337688, 40.685995244781495, 37.73312269586885, 33.683369115857595, 32.48165012776031, 32.29804716609285, 31.583788812789482, 25.034099312839746, 24.92486230997181]
Raw returns over iterations: [15.00395425901816, 1286.8021899038938, 916.200000425346, 1764.5642966351481, 2225.140427819616, 1677.9723609061998, 2581.5844558146996, 2469.834572763155, 1784.509243214069, 1820.4645767980262, 1400.908404232392, 1675.0391680692642, 1409.1222772957333, 1303.8828282502757, 1207.779456071417, 1075.9772976356248, 1036.8664842650842, 1030.8909931234955, 1007.6449385707348, 794.4805580418778, 790.9253607997258]
Saved raw return evaluation plot to sbatch_scripts/logs/grid_array/K_20/enc_4/lr_4e-4/te_0/plots/hopper-medium-v2_eval_raw_return_25-12-07-15-11-17.png
Saved normalized evaluation plot to sbatch_scripts/logs/grid_array/K_20/enc_4/lr_4e-4/te_0/plots/hopper-medium-v2_eval_25-12-07-15-11-17.png
============================================================
finished training!
finished training at: 25-12-07-16-18-01
============================================================
All plots for this run saved under: sbatch_scripts/logs/grid_array/K_20/enc_4/lr_4e-4/te_0/plots
Saved per-iteration training loss plot to sbatch_scripts/logs/grid_array/K_20/enc_4/lr_4e-4/te_0/plots/hopper-medium-v2_training_losses_25-12-07-15-11-17.png
Saved per-iteration training stats plot to sbatch_scripts/logs/grid_array/K_20/enc_4/lr_4e-4/te_0/plots/hopper-medium-v2_training_stats_25-12-07-15-11-17.png
Saved per-update training loss plot to sbatch_scripts/logs/grid_array/K_20/enc_4/lr_4e-4/te_0/plots/hopper-medium-v2_training_losses_steps_25-12-07-15-11-17.png
Saved per-update training stats plot to sbatch_scripts/logs/grid_array/K_20/enc_4/lr_4e-4/te_0/plots/hopper-medium-v2_training_stats_steps_25-12-07-15-11-17.png
