============================================================
start time: 25-12-07-15-12-18
============================================================
dataset size: 1327
returns max : 3908.8544921875
returns mean: 2817.7890625
returns std : 877.09326171875
returns min : 1350.3359375
Using Minari eval environment: Hopper-v5
Running initial evaluation before training...
Iteration 1/20 - last training loss: 2.5987, last eval raw return: 1290.68, last eval normalized score: 40.28
Iteration 2/20 - last training loss: 2.6665, last eval raw return: 916.20, last eval normalized score: 28.77
Iteration 3/20 - last training loss: 2.7185, last eval raw return: 1764.47, last eval normalized score: 54.84
Iteration 4/20 - last training loss: 2.7507, last eval raw return: 2232.05, last eval normalized score: 69.20
Iteration 5/20 - last training loss: 2.7747, last eval raw return: 1678.51, last eval normalized score: 52.20
Iteration 6/20 - last training loss: 2.7788, last eval raw return: 2601.69, last eval normalized score: 80.56
Iteration 7/20 - last training loss: 2.6927, last eval raw return: 2463.46, last eval normalized score: 76.32
Iteration 8/20 - last training loss: 2.0554, last eval raw return: 1785.63, last eval normalized score: 55.49
Iteration 9/20 - last training loss: -0.7997, last eval raw return: 1820.22, last eval normalized score: 56.55
Iteration 10/20 - last training loss: -0.8724, last eval raw return: 1400.91, last eval normalized score: 43.67
Iteration 11/20 - last training loss: -0.8977, last eval raw return: 1601.10, last eval normalized score: 49.82
Iteration 12/20 - last training loss: -0.9056, last eval raw return: 1408.73, last eval normalized score: 43.91
Iteration 13/20 - last training loss: -1.0098, last eval raw return: 1303.88, last eval normalized score: 40.69
Iteration 14/20 - last training loss: -1.0819, last eval raw return: 1206.88, last eval normalized score: 37.71
Iteration 15/20 - last training loss: -0.9776, last eval raw return: 1075.95, last eval normalized score: 33.68
Iteration 16/20 - last training loss: -0.9711, last eval raw return: 1041.32, last eval normalized score: 32.62
Iteration 17/20 - last training loss: -0.9566, last eval raw return: 1034.62, last eval normalized score: 32.41
Iteration 18/20 - last training loss: -0.8578, last eval raw return: 1002.84, last eval normalized score: 31.44
Iteration 19/20 - last training loss: -0.8165, last eval raw return: 788.58, last eval normalized score: 24.85
Iteration 20/20 - last training loss: -0.9438, last eval raw return: 789.20, last eval normalized score: 24.87
Evaluation scores over iterations: [1.08389846508628, 40.2802905653285, 28.774051072233643, 54.83784796357519, 69.20495542651143, 52.19675672379839, 80.56227929483096, 76.31528465602577, 55.488064944189766, 56.55089714766144, 43.6672348787, 49.818356409635314, 43.90748187196419, 40.68591708309095, 37.70540436073881, 33.68258652036793, 32.61841210501902, 32.41262428078361, 31.43622249214716, 24.852899334763173, 24.87188600870045]
Raw returns over iterations: [15.00395425901816, 1290.6788761127093, 916.1999922234718, 1764.4651074805247, 2232.053007998836, 1678.5088834409678, 2601.6853252063174, 2463.4638138969294, 1785.626889254014, 1820.2175317968242, 1400.9094277214706, 1601.1021255141834, 1408.728439827842, 1303.880284421542, 1206.8773428128677, 1075.9518274995578, 1041.3175017007165, 1034.619988166089, 1002.8422859676024, 788.5832737387316, 789.2012087703348]
Saved raw return evaluation plot to sbatch_scripts/logs/grid_array/K_20/enc_4/lr_4e-4/te_1/plots/hopper-medium-v2_eval_raw_return_25-12-07-15-12-18.png
Saved normalized evaluation plot to sbatch_scripts/logs/grid_array/K_20/enc_4/lr_4e-4/te_1/plots/hopper-medium-v2_eval_25-12-07-15-12-18.png
============================================================
finished training!
finished training at: 25-12-07-16-19-55
============================================================
All plots for this run saved under: sbatch_scripts/logs/grid_array/K_20/enc_4/lr_4e-4/te_1/plots
Saved per-iteration training loss plot to sbatch_scripts/logs/grid_array/K_20/enc_4/lr_4e-4/te_1/plots/hopper-medium-v2_training_losses_25-12-07-15-12-18.png
Saved per-iteration training stats plot to sbatch_scripts/logs/grid_array/K_20/enc_4/lr_4e-4/te_1/plots/hopper-medium-v2_training_stats_25-12-07-15-12-18.png
Saved per-update training loss plot to sbatch_scripts/logs/grid_array/K_20/enc_4/lr_4e-4/te_1/plots/hopper-medium-v2_training_losses_steps_25-12-07-15-12-18.png
Saved per-update training stats plot to sbatch_scripts/logs/grid_array/K_20/enc_4/lr_4e-4/te_1/plots/hopper-medium-v2_training_stats_steps_25-12-07-15-12-18.png
