============================================================
start time: 25-12-08-11-05-38
============================================================
dataset size: 1327
returns max : 3908.8544921875
returns mean: 2817.7890625
returns std : 877.09326171875
returns min : 1350.3359375
Using Minari eval environment: Hopper-v5
Running initial evaluation before training...
Iteration 1/15 - last training loss: 2.6141, last eval raw return: 431.23, last eval normalized score: 13.87
Iteration 2/15 - last training loss: 2.6780, last eval raw return: 503.25, last eval normalized score: 16.09
Iteration 3/15 - last training loss: 2.7328, last eval raw return: 531.01, last eval normalized score: 16.94
Iteration 4/15 - last training loss: 2.7613, last eval raw return: 684.20, last eval normalized score: 21.65
Iteration 5/15 - last training loss: 2.7801, last eval raw return: 684.89, last eval normalized score: 21.67
Iteration 6/15 - last training loss: 2.8032, last eval raw return: 710.64, last eval normalized score: 22.46
Iteration 7/15 - last training loss: 2.8054, last eval raw return: 688.75, last eval normalized score: 21.79
Iteration 8/15 - last training loss: 2.8085, last eval raw return: 713.55, last eval normalized score: 22.55
Iteration 9/15 - last training loss: 2.8098, last eval raw return: 725.76, last eval normalized score: 22.92
Iteration 10/15 - last training loss: 2.8122, last eval raw return: 725.63, last eval normalized score: 22.92
Iteration 11/15 - last training loss: 2.8086, last eval raw return: 714.58, last eval normalized score: 22.58
Iteration 12/15 - last training loss: 2.8002, last eval raw return: 766.74, last eval normalized score: 24.18
Iteration 13/15 - last training loss: 2.7817, last eval raw return: 844.42, last eval normalized score: 26.57
Iteration 14/15 - last training loss: 2.7283, last eval raw return: 722.47, last eval normalized score: 22.82
Iteration 15/15 - last training loss: 2.5822, last eval raw return: 824.79, last eval normalized score: 25.97
Evaluation scores over iterations: [0.7368186877581773, 13.872841430994626, 16.08569447859642, 16.938703253065217, 21.645515514440937, 21.66676113697047, 22.458040976339692, 21.785414043153903, 22.5475676077925, 22.92269518117124, 22.918580797214652, 22.579215377470522, 24.18160188542563, 26.568690718454235, 22.821456735189635, 25.965410724797916]
Raw returns over iterations: [3.7079919498420653, 431.2293501297168, 503.24825256731316, 531.0100399003948, 684.1966482074731, 684.8881023543441, 710.6408768615033, 688.7497469780677, 713.5545858143659, 725.7633839259688, 725.6294783251964, 714.5845853614569, 766.7354128684204, 844.4249449239171, 722.4685055010391, 824.7907613287729]
Saved raw return evaluation plot to sbatch_scripts/logs/tau_lr/K_20/enc_6/tau_0.8/lr_2e-4/plots/hopper-medium-v2_eval_raw_return_25-12-08-11-05-38.png
Saved normalized evaluation plot to sbatch_scripts/logs/tau_lr/K_20/enc_6/tau_0.8/lr_2e-4/plots/hopper-medium-v2_eval_25-12-08-11-05-38.png
============================================================
finished training!
finished training at: 25-12-08-12-14-16
============================================================
All plots for this run saved under: sbatch_scripts/logs/tau_lr/K_20/enc_6/tau_0.8/lr_2e-4/plots
Saved per-iteration training loss plot to sbatch_scripts/logs/tau_lr/K_20/enc_6/tau_0.8/lr_2e-4/plots/hopper-medium-v2_training_losses_25-12-08-11-05-38.png
Saved per-iteration training stats plot to sbatch_scripts/logs/tau_lr/K_20/enc_6/tau_0.8/lr_2e-4/plots/hopper-medium-v2_training_stats_25-12-08-11-05-38.png
Saved per-update training loss plot to sbatch_scripts/logs/tau_lr/K_20/enc_6/tau_0.8/lr_2e-4/plots/hopper-medium-v2_training_losses_steps_25-12-08-11-05-38.png
Saved per-update training stats plot to sbatch_scripts/logs/tau_lr/K_20/enc_6/tau_0.8/lr_2e-4/plots/hopper-medium-v2_training_stats_steps_25-12-08-11-05-38.png
