============================================================
start time: 25-12-07-14-00-00
============================================================
dataset size: 1327
returns max : 3908.8544921875
returns mean: 2817.7890625
returns std : 877.09326171875
returns min : 1350.3359375
Using Minari eval environment: Hopper-v5
Running initial evaluation before training...
Iteration 1/20 - last training loss: 2.6072, last eval raw return: 426.44, last eval normalized score: 13.73
Iteration 2/20 - last training loss: 2.6775, last eval raw return: 2364.27, last eval normalized score: 73.27
Iteration 3/20 - last training loss: 2.7237, last eval raw return: 1180.70, last eval normalized score: 36.90
Iteration 4/20 - last training loss: 2.7579, last eval raw return: 1330.90, last eval normalized score: 41.52
Iteration 5/20 - last training loss: 2.7845, last eval raw return: 3285.67, last eval normalized score: 101.58
Iteration 6/20 - last training loss: 2.7766, last eval raw return: 2258.51, last eval normalized score: 70.02
Iteration 7/20 - last training loss: 2.7034, last eval raw return: 2329.35, last eval normalized score: 72.19
Iteration 8/20 - last training loss: 2.0653, last eval raw return: 2473.34, last eval normalized score: 76.62
Iteration 9/20 - last training loss: -0.5168, last eval raw return: 2852.68, last eval normalized score: 88.27
Iteration 10/20 - last training loss: -0.6051, last eval raw return: 3252.52, last eval normalized score: 100.56
Iteration 11/20 - last training loss: -0.4449, last eval raw return: 3060.94, last eval normalized score: 94.67
Iteration 12/20 - last training loss: -0.6484, last eval raw return: 2886.53, last eval normalized score: 89.31
Iteration 13/20 - last training loss: -0.5486, last eval raw return: 3091.90, last eval normalized score: 95.62
Iteration 14/20 - last training loss: -0.7164, last eval raw return: 2455.73, last eval normalized score: 76.08
Iteration 15/20 - last training loss: -0.7740, last eval raw return: 1549.86, last eval normalized score: 48.24
Iteration 16/20 - last training loss: -0.7879, last eval raw return: 1928.17, last eval normalized score: 59.87
Iteration 17/20 - last training loss: -0.7134, last eval raw return: 2579.82, last eval normalized score: 79.89
Iteration 18/20 - last training loss: -0.6613, last eval raw return: 2337.01, last eval normalized score: 72.43
Iteration 19/20 - last training loss: -0.7972, last eval raw return: 1605.32, last eval normalized score: 49.95
Iteration 20/20 - last training loss: -0.8033, last eval raw return: 2192.51, last eval normalized score: 67.99
Evaluation scores over iterations: [0.8190686137262513, 13.725663932648832, 73.26753318713432, 36.900942743183826, 41.51620737854525, 101.57833534369942, 70.0177525744457, 72.19435805392219, 76.61882436470174, 88.27422194909948, 100.55994041941703, 94.67320621973084, 89.3145470547058, 95.62459804228052, 76.0775409787586, 48.24396185116681, 59.86788311360425, 79.8904971974441, 72.42985265857757, 49.94797602802489, 67.98995525296895]
Raw returns over iterations: [6.384875261282005, 426.43935202936274, 2364.2725386651578, 1180.6955578035681, 1330.9026824285004, 3285.6680649760683, 2258.506078871334, 2329.3452779954887, 2473.3427331901753, 2852.676075009623, 3252.5236658148474, 3060.9356448828976, 2886.534207778648, 3091.8993796516343, 2455.726274019704, 1549.8623162428403, 1928.1712384051357, 2579.8216911148174, 2337.009620178372, 1605.3206897161372, 2192.50994884502]
Saved raw return evaluation plot to sbatch_scripts/logs/grid_array/K_5/enc_6/lr_4e-4/te_-3/plots/hopper-medium-v2_eval_raw_return_25-12-07-14-00-00.png
Saved normalized evaluation plot to sbatch_scripts/logs/grid_array/K_5/enc_6/lr_4e-4/te_-3/plots/hopper-medium-v2_eval_25-12-07-14-00-00.png
============================================================
finished training!
finished training at: 25-12-07-14-56-13
============================================================
All plots for this run saved under: sbatch_scripts/logs/grid_array/K_5/enc_6/lr_4e-4/te_-3/plots
Saved per-iteration training loss plot to sbatch_scripts/logs/grid_array/K_5/enc_6/lr_4e-4/te_-3/plots/hopper-medium-v2_training_losses_25-12-07-14-00-00.png
Saved per-iteration training stats plot to sbatch_scripts/logs/grid_array/K_5/enc_6/lr_4e-4/te_-3/plots/hopper-medium-v2_training_stats_25-12-07-14-00-00.png
Saved per-update training loss plot to sbatch_scripts/logs/grid_array/K_5/enc_6/lr_4e-4/te_-3/plots/hopper-medium-v2_training_losses_steps_25-12-07-14-00-00.png
Saved per-update training stats plot to sbatch_scripts/logs/grid_array/K_5/enc_6/lr_4e-4/te_-3/plots/hopper-medium-v2_training_stats_steps_25-12-07-14-00-00.png
