============================================================
start time: 25-12-07-14-00-30
============================================================
dataset size: 1327
returns max : 3908.8544921875
returns mean: 2817.7890625
returns std : 877.09326171875
returns min : 1350.3359375
Using Minari eval environment: Hopper-v5
Running initial evaluation before training...
Iteration 1/20 - last training loss: 2.6072, last eval raw return: 426.44, last eval normalized score: 13.73
Iteration 2/20 - last training loss: 2.6775, last eval raw return: 2363.51, last eval normalized score: 73.24
Iteration 3/20 - last training loss: 2.7237, last eval raw return: 1180.70, last eval normalized score: 36.90
Iteration 4/20 - last training loss: 2.7579, last eval raw return: 1330.90, last eval normalized score: 41.52
Iteration 5/20 - last training loss: 2.7845, last eval raw return: 3286.17, last eval normalized score: 101.59
Iteration 6/20 - last training loss: 2.7766, last eval raw return: 2256.29, last eval normalized score: 69.95
Iteration 7/20 - last training loss: 2.7034, last eval raw return: 2328.00, last eval normalized score: 72.15
Iteration 8/20 - last training loss: 2.0652, last eval raw return: 2468.84, last eval normalized score: 76.48
Iteration 9/20 - last training loss: -0.5167, last eval raw return: 2852.06, last eval normalized score: 88.26
Iteration 10/20 - last training loss: -0.6039, last eval raw return: 3249.03, last eval normalized score: 100.45
Iteration 11/20 - last training loss: -0.4428, last eval raw return: 3041.61, last eval normalized score: 94.08
Iteration 12/20 - last training loss: -0.6425, last eval raw return: 2890.22, last eval normalized score: 89.43
Iteration 13/20 - last training loss: -0.5396, last eval raw return: 3087.80, last eval normalized score: 95.50
Iteration 14/20 - last training loss: -0.6960, last eval raw return: 2591.48, last eval normalized score: 80.25
Iteration 15/20 - last training loss: -0.7365, last eval raw return: 1550.77, last eval normalized score: 48.27
Iteration 16/20 - last training loss: -0.7243, last eval raw return: 2082.10, last eval normalized score: 64.60
Iteration 17/20 - last training loss: -0.6234, last eval raw return: 2493.07, last eval normalized score: 77.23
Iteration 18/20 - last training loss: -0.5461, last eval raw return: 2280.66, last eval normalized score: 70.70
Iteration 19/20 - last training loss: -0.6193, last eval raw return: 1576.88, last eval normalized score: 49.07
Iteration 20/20 - last training loss: -0.6218, last eval raw return: 2325.07, last eval normalized score: 72.06
Evaluation scores over iterations: [0.8190686137262513, 13.725663709861461, 73.24421282038604, 36.90093061039751, 41.51619948125353, 101.59387623735508, 69.94977917499915, 72.15294545028861, 76.48033029677882, 88.25526052965287, 100.45269274845322, 94.07938077961387, 89.42767583947119, 95.49859990265102, 80.24866242766868, 48.27183405231185, 64.59742284257275, 77.22508873764727, 70.69835105989814, 49.073966261592986, 72.06308809522822]
Raw returns over iterations: [6.384875261282005, 426.43934477858664, 2363.5135604675434, 1180.6951629332648, 1330.9024254054311, 3286.1738545969347, 2256.29383543818, 2327.9974748668506, 2468.835343611488, 2852.058961903679, 3249.0332128179016, 3041.6091665688064, 2890.216065876606, 3087.7986790944374, 2591.4784375038453, 1550.7694371821008, 2082.0975285781165, 2493.0740455671425, 2280.6566486871193, 1576.8754099148491, 2325.07300227505]
Saved raw return evaluation plot to sbatch_scripts/logs/grid_array/K_5/enc_6/lr_4e-4/te_0/plots/hopper-medium-v2_eval_raw_return_25-12-07-14-00-30.png
Saved normalized evaluation plot to sbatch_scripts/logs/grid_array/K_5/enc_6/lr_4e-4/te_0/plots/hopper-medium-v2_eval_25-12-07-14-00-30.png
============================================================
finished training!
finished training at: 25-12-07-14-56-47
============================================================
All plots for this run saved under: sbatch_scripts/logs/grid_array/K_5/enc_6/lr_4e-4/te_0/plots
Saved per-iteration training loss plot to sbatch_scripts/logs/grid_array/K_5/enc_6/lr_4e-4/te_0/plots/hopper-medium-v2_training_losses_25-12-07-14-00-30.png
Saved per-iteration training stats plot to sbatch_scripts/logs/grid_array/K_5/enc_6/lr_4e-4/te_0/plots/hopper-medium-v2_training_stats_25-12-07-14-00-30.png
Saved per-update training loss plot to sbatch_scripts/logs/grid_array/K_5/enc_6/lr_4e-4/te_0/plots/hopper-medium-v2_training_losses_steps_25-12-07-14-00-30.png
Saved per-update training stats plot to sbatch_scripts/logs/grid_array/K_5/enc_6/lr_4e-4/te_0/plots/hopper-medium-v2_training_stats_steps_25-12-07-14-00-30.png
