============================================================
start time: 25-12-07-16-20-06
============================================================
dataset size: 1327
returns max : 3908.8544921875
returns mean: 2817.7890625
returns std : 877.09326171875
returns min : 1350.3359375
Using Minari eval environment: Hopper-v5
Running initial evaluation before training...
Iteration 1/20 - last training loss: 2.5878, last eval raw return: 437.64, last eval normalized score: 14.07
Iteration 2/20 - last training loss: 2.6623, last eval raw return: 3463.61, last eval normalized score: 107.05
Iteration 3/20 - last training loss: 2.7209, last eval raw return: 3404.82, last eval normalized score: 105.24
Iteration 4/20 - last training loss: 2.7518, last eval raw return: 1602.54, last eval normalized score: 49.86
Iteration 5/20 - last training loss: 2.7686, last eval raw return: 1357.22, last eval normalized score: 42.32
Iteration 6/20 - last training loss: 2.7781, last eval raw return: 2046.43, last eval normalized score: 63.50
Iteration 7/20 - last training loss: 2.6936, last eval raw return: 1549.75, last eval normalized score: 48.24
Iteration 8/20 - last training loss: 2.0517, last eval raw return: 1325.10, last eval normalized score: 41.34
Iteration 9/20 - last training loss: -0.9279, last eval raw return: 1620.73, last eval normalized score: 50.42
Iteration 10/20 - last training loss: -0.9945, last eval raw return: 1342.16, last eval normalized score: 41.86
Iteration 11/20 - last training loss: -1.0116, last eval raw return: 1192.80, last eval normalized score: 37.27
Iteration 12/20 - last training loss: -1.1063, last eval raw return: 1216.50, last eval normalized score: 38.00
Iteration 13/20 - last training loss: -1.1357, last eval raw return: 1105.42, last eval normalized score: 34.59
Iteration 14/20 - last training loss: -1.1169, last eval raw return: 1078.43, last eval normalized score: 33.76
Iteration 15/20 - last training loss: -1.2392, last eval raw return: 997.06, last eval normalized score: 31.26
Iteration 16/20 - last training loss: -1.2898, last eval raw return: 978.44, last eval normalized score: 30.69
Iteration 17/20 - last training loss: -1.2678, last eval raw return: 1030.49, last eval normalized score: 32.29
Iteration 18/20 - last training loss: -1.2881, last eval raw return: 935.28, last eval normalized score: 29.36
Iteration 19/20 - last training loss: -1.3867, last eval raw return: 865.14, last eval normalized score: 27.21
Iteration 20/20 - last training loss: -1.4286, last eval raw return: 964.29, last eval normalized score: 30.25
Evaluation scores over iterations: [0.7368186877581773, 14.069929421622119, 107.04568341554537, 105.23929592443766, 49.862470592546416, 42.324781143860484, 63.501582315300354, 48.24043504687684, 41.33795356501866, 50.42157135746294, 41.86202103107763, 37.272780477343765, 38.001201392788495, 34.58796930310359, 33.75874339647317, 31.258493391423475, 30.686531053391057, 32.28569588211403, 29.360205129817547, 27.205269071919254, 30.251633015358763]
Raw returns over iterations: [3.7079919498420653, 437.64372128916017, 3463.6068611403175, 3404.816674133742, 1602.5378534937852, 1357.2183002599456, 2046.432606270543, 1549.7475338471675, 1325.1012831808575, 1620.7341921458014, 1342.157437790728, 1192.797285719077, 1216.5042710969685, 1105.418164800711, 1078.4304080976324, 997.0579638775238, 978.4430360288902, 1030.4890116558086, 935.2767998462313, 865.1428477154145, 964.2889649281028]
Saved raw return evaluation plot to sbatch_scripts/logs/grid_array/K_20/enc_6/lr_4e-4/te_-3/plots/hopper-medium-v2_eval_raw_return_25-12-07-16-20-06.png
Saved normalized evaluation plot to sbatch_scripts/logs/grid_array/K_20/enc_6/lr_4e-4/te_-3/plots/hopper-medium-v2_eval_25-12-07-16-20-06.png
============================================================
finished training!
finished training at: 25-12-07-17-54-40
============================================================
All plots for this run saved under: sbatch_scripts/logs/grid_array/K_20/enc_6/lr_4e-4/te_-3/plots
Saved per-iteration training loss plot to sbatch_scripts/logs/grid_array/K_20/enc_6/lr_4e-4/te_-3/plots/hopper-medium-v2_training_losses_25-12-07-16-20-06.png
Saved per-iteration training stats plot to sbatch_scripts/logs/grid_array/K_20/enc_6/lr_4e-4/te_-3/plots/hopper-medium-v2_training_stats_25-12-07-16-20-06.png
Saved per-update training loss plot to sbatch_scripts/logs/grid_array/K_20/enc_6/lr_4e-4/te_-3/plots/hopper-medium-v2_training_losses_steps_25-12-07-16-20-06.png
Saved per-update training stats plot to sbatch_scripts/logs/grid_array/K_20/enc_6/lr_4e-4/te_-3/plots/hopper-medium-v2_training_stats_steps_25-12-07-16-20-06.png
