============================================================
start time: 25-12-07-16-18-05
============================================================
dataset size: 1327
returns max : 3908.8544921875
returns mean: 2817.7890625
returns std : 877.09326171875
returns min : 1350.3359375
Using Minari eval environment: Hopper-v5
Running initial evaluation before training...
Iteration 1/20 - last training loss: 2.6387, last eval raw return: 438.61, last eval normalized score: 14.10
Iteration 2/20 - last training loss: 2.6934, last eval raw return: 430.68, last eval normalized score: 13.86
Iteration 3/20 - last training loss: 2.7438, last eval raw return: 508.30, last eval normalized score: 16.24
Iteration 4/20 - last training loss: 2.7699, last eval raw return: 971.53, last eval normalized score: 30.47
Iteration 5/20 - last training loss: 2.7873, last eval raw return: 1300.65, last eval normalized score: 40.59
Iteration 6/20 - last training loss: 2.8102, last eval raw return: 1434.48, last eval normalized score: 44.70
Iteration 7/20 - last training loss: 2.8120, last eval raw return: 1655.37, last eval normalized score: 51.49
Iteration 8/20 - last training loss: 2.8139, last eval raw return: 1696.25, last eval normalized score: 52.74
Iteration 9/20 - last training loss: 2.8161, last eval raw return: 1761.23, last eval normalized score: 54.74
Iteration 10/20 - last training loss: 2.8195, last eval raw return: 1374.16, last eval normalized score: 42.85
Iteration 11/20 - last training loss: 2.8195, last eval raw return: 1371.01, last eval normalized score: 42.75
Iteration 12/20 - last training loss: 2.8171, last eval raw return: 1259.98, last eval normalized score: 39.34
Iteration 13/20 - last training loss: 2.8194, last eval raw return: 1283.62, last eval normalized score: 40.06
Iteration 14/20 - last training loss: 2.8201, last eval raw return: 1180.02, last eval normalized score: 36.88
Iteration 15/20 - last training loss: 2.8182, last eval raw return: 1200.02, last eval normalized score: 37.49
Iteration 16/20 - last training loss: 2.8167, last eval raw return: 1155.38, last eval normalized score: 36.12
Iteration 17/20 - last training loss: 2.8175, last eval raw return: 1261.65, last eval normalized score: 39.39
Iteration 18/20 - last training loss: 2.8178, last eval raw return: 1220.94, last eval normalized score: 38.14
Iteration 19/20 - last training loss: 2.8135, last eval raw return: 1221.88, last eval normalized score: 38.17
Iteration 20/20 - last training loss: 2.8144, last eval raw return: 1264.32, last eval normalized score: 39.47
Evaluation scores over iterations: [0.7368186877581773, 14.099474721404725, 13.855956473689787, 16.240986792327003, 30.474161763666324, 40.58656851771432, 44.69872491894812, 51.48586846894594, 52.74196409245906, 54.738576650425706, 42.8454677599854, 42.748603578362825, 39.337081202861874, 40.06347968670177, 36.88020519497401, 37.49463017058032, 36.12312976973933, 39.38843955351641, 38.13734347172391, 38.166264579749594, 39.470370568312354]
Raw returns over iterations: [3.7079919498420653, 438.6052944333141, 430.67981698556247, 508.3023532017826, 971.5313239411838, 1300.6469135273792, 1434.4800169002194, 1655.372511179042, 1696.2530514662171, 1761.234250815952, 1374.1644226641886, 1371.0119078356356, 1259.9814454237035, 1283.6226093026967, 1180.0206393027954, 1200.0175443938815, 1155.3810721851466, 1261.6529400804109, 1220.935113493452, 1221.876371865555, 1264.319444197165]
Saved raw return evaluation plot to sbatch_scripts/logs/grid_array/K_20/enc_6/lr_1e-4/te_3/plots/hopper-medium-v2_eval_raw_return_25-12-07-16-18-05.png
Saved normalized evaluation plot to sbatch_scripts/logs/grid_array/K_20/enc_6/lr_1e-4/te_3/plots/hopper-medium-v2_eval_25-12-07-16-18-05.png
============================================================
finished training!
finished training at: 25-12-07-17-54-01
============================================================
All plots for this run saved under: sbatch_scripts/logs/grid_array/K_20/enc_6/lr_1e-4/te_3/plots
Saved per-iteration training loss plot to sbatch_scripts/logs/grid_array/K_20/enc_6/lr_1e-4/te_3/plots/hopper-medium-v2_training_losses_25-12-07-16-18-05.png
Saved per-iteration training stats plot to sbatch_scripts/logs/grid_array/K_20/enc_6/lr_1e-4/te_3/plots/hopper-medium-v2_training_stats_25-12-07-16-18-05.png
Saved per-update training loss plot to sbatch_scripts/logs/grid_array/K_20/enc_6/lr_1e-4/te_3/plots/hopper-medium-v2_training_losses_steps_25-12-07-16-18-05.png
Saved per-update training stats plot to sbatch_scripts/logs/grid_array/K_20/enc_6/lr_1e-4/te_3/plots/hopper-medium-v2_training_stats_steps_25-12-07-16-18-05.png
