============================================================
start time: 25-12-07-14-16-17
============================================================
dataset size: 1327
returns max : 3908.8544921875
returns mean: 2817.7890625
returns std : 877.09326171875
returns min : 1350.3359375
Using Minari eval environment: Hopper-v5
Running initial evaluation before training...
Iteration 1/20 - last training loss: 2.6543, last eval raw return: 239.52, last eval normalized score: 7.98
Iteration 2/20 - last training loss: 2.7034, last eval raw return: 1185.22, last eval normalized score: 37.04
Iteration 3/20 - last training loss: 2.7450, last eval raw return: 1248.22, last eval normalized score: 38.98
Iteration 4/20 - last training loss: 2.7741, last eval raw return: 1617.20, last eval normalized score: 50.31
Iteration 5/20 - last training loss: 2.7976, last eval raw return: 1869.83, last eval normalized score: 58.08
Iteration 6/20 - last training loss: 2.8091, last eval raw return: 1952.28, last eval normalized score: 60.61
Iteration 7/20 - last training loss: 2.8116, last eval raw return: 2298.89, last eval normalized score: 71.26
Iteration 8/20 - last training loss: 2.8159, last eval raw return: 1555.63, last eval normalized score: 48.42
Iteration 9/20 - last training loss: 2.8228, last eval raw return: 1805.89, last eval normalized score: 56.11
Iteration 10/20 - last training loss: 2.8206, last eval raw return: 2329.24, last eval normalized score: 72.19
Iteration 11/20 - last training loss: 2.8222, last eval raw return: 2170.88, last eval normalized score: 67.33
Iteration 12/20 - last training loss: 2.8217, last eval raw return: 2871.20, last eval normalized score: 88.84
Iteration 13/20 - last training loss: 2.8202, last eval raw return: 1792.07, last eval normalized score: 55.69
Iteration 14/20 - last training loss: 2.8163, last eval raw return: 2740.87, last eval normalized score: 84.84
Iteration 15/20 - last training loss: 2.8227, last eval raw return: 2453.31, last eval normalized score: 76.00
Iteration 16/20 - last training loss: 2.8204, last eval raw return: 1429.85, last eval normalized score: 44.56
Iteration 17/20 - last training loss: 2.8162, last eval raw return: 1632.38, last eval normalized score: 50.78
Iteration 18/20 - last training loss: 2.8155, last eval raw return: 1343.30, last eval normalized score: 41.90
Iteration 19/20 - last training loss: 2.8170, last eval raw return: 1463.64, last eval normalized score: 45.59
Iteration 20/20 - last training loss: 2.8149, last eval raw return: 1518.38, last eval normalized score: 47.28
Evaluation scores over iterations: [1.08389846508628, 7.982308609091117, 37.039944855483306, 38.97563774032595, 50.31307300191376, 58.0752417170008, 60.60857189453159, 71.25868000590789, 48.42112578250642, 56.11078519586768, 72.19103428965124, 67.32532167122464, 88.8434784168942, 55.68611199723058, 84.83889854785545, 76.00338582712887, 44.55640314264646, 50.77951552207301, 41.89727853961685, 45.59468696828938, 47.27656238399901]
Raw returns over iterations: [15.00395425901816, 239.51770029111023, 1185.219482053832, 1248.2180065937764, 1617.2030347147172, 1869.828427983315, 1952.277490335439, 2298.8929593808507, 1555.6282444866688, 1805.8937701027494, 2329.237103684043, 2170.87896836384, 2871.202938354891, 1792.072473793149, 2740.870991005551, 2453.3128409920314, 1429.8480517847215, 1632.3837437945647, 1343.3049188990785, 1463.6397496213904, 1518.3776011056796]
Saved raw return evaluation plot to sbatch_scripts/logs/grid_array/K_20/enc_4/lr_1e-4/te_-1/plots/hopper-medium-v2_eval_raw_return_25-12-07-14-16-17.png
Saved normalized evaluation plot to sbatch_scripts/logs/grid_array/K_20/enc_4/lr_1e-4/te_-1/plots/hopper-medium-v2_eval_25-12-07-14-16-17.png
============================================================
finished training!
finished training at: 25-12-07-15-42-29
============================================================
All plots for this run saved under: sbatch_scripts/logs/grid_array/K_20/enc_4/lr_1e-4/te_-1/plots
Saved per-iteration training loss plot to sbatch_scripts/logs/grid_array/K_20/enc_4/lr_1e-4/te_-1/plots/hopper-medium-v2_training_losses_25-12-07-14-16-17.png
Saved per-iteration training stats plot to sbatch_scripts/logs/grid_array/K_20/enc_4/lr_1e-4/te_-1/plots/hopper-medium-v2_training_stats_25-12-07-14-16-17.png
Saved per-update training loss plot to sbatch_scripts/logs/grid_array/K_20/enc_4/lr_1e-4/te_-1/plots/hopper-medium-v2_training_losses_steps_25-12-07-14-16-17.png
Saved per-update training stats plot to sbatch_scripts/logs/grid_array/K_20/enc_4/lr_1e-4/te_-1/plots/hopper-medium-v2_training_stats_steps_25-12-07-14-16-17.png
