============================================================
start time: 25-12-07-13-18-55
============================================================
dataset size: 1327
returns max : 3908.8544921875
returns mean: 2817.7890625
returns std : 877.09326171875
returns min : 1350.3359375
Using Minari eval environment: Hopper-v5
Running initial evaluation before training...
Iteration 1/20 - last training loss: 2.6597, last eval raw return: 693.68, last eval normalized score: 21.94
Iteration 2/20 - last training loss: 2.7094, last eval raw return: 734.48, last eval normalized score: 23.19
Iteration 3/20 - last training loss: 2.7599, last eval raw return: 1015.52, last eval normalized score: 31.83
Iteration 4/20 - last training loss: 2.7875, last eval raw return: 1085.76, last eval normalized score: 33.98
Iteration 5/20 - last training loss: 2.8160, last eval raw return: 1041.86, last eval normalized score: 32.64
Iteration 6/20 - last training loss: 2.8289, last eval raw return: 1124.03, last eval normalized score: 35.16
Iteration 7/20 - last training loss: 2.8204, last eval raw return: 1784.28, last eval normalized score: 55.45
Iteration 8/20 - last training loss: 2.8286, last eval raw return: 1312.23, last eval normalized score: 40.94
Iteration 9/20 - last training loss: 2.8301, last eval raw return: 1576.95, last eval normalized score: 49.08
Iteration 10/20 - last training loss: 2.8272, last eval raw return: 1577.25, last eval normalized score: 49.09
Iteration 11/20 - last training loss: 2.8287, last eval raw return: 1727.35, last eval normalized score: 53.70
Iteration 12/20 - last training loss: 2.8329, last eval raw return: 1975.98, last eval normalized score: 61.34
Iteration 13/20 - last training loss: 2.8242, last eval raw return: 2080.50, last eval normalized score: 64.55
Iteration 14/20 - last training loss: 2.8290, last eval raw return: 1902.17, last eval normalized score: 59.07
Iteration 15/20 - last training loss: 2.8317, last eval raw return: 2168.38, last eval normalized score: 67.25
Iteration 16/20 - last training loss: 2.8320, last eval raw return: 1860.48, last eval normalized score: 57.79
Iteration 17/20 - last training loss: 2.8230, last eval raw return: 1789.51, last eval normalized score: 55.61
Iteration 18/20 - last training loss: 2.8231, last eval raw return: 2171.93, last eval normalized score: 67.36
Iteration 19/20 - last training loss: 2.8269, last eval raw return: 2650.90, last eval normalized score: 82.07
Iteration 20/20 - last training loss: 2.8252, last eval raw return: 2483.41, last eval normalized score: 76.93
Evaluation scores over iterations: [1.0554496366742065, 21.937013472315588, 23.19058955788233, 31.82560571408809, 33.983936606006324, 32.63504785704468, 35.159958489815494, 55.44659232192631, 40.94261888789098, 49.0763764946011, 49.08556235951948, 53.69759022179576, 61.33682481511678, 64.54827880368977, 59.06886459444933, 67.24848675550639, 57.78795875584838, 55.607396798273456, 67.35770978082066, 82.074599238533, 76.92827617760702]
Raw returns over iterations: [14.07806656842185, 693.683660014102, 734.4822001170603, 1015.5150444692085, 1085.759483927839, 1041.8589242788723, 1124.0339664590315, 1784.2771327756702, 1312.2348302669989, 1576.9538526908173, 1577.2528133064257, 1727.354594810953, 1975.9790081991582, 2080.4981002990726, 1902.1666029688988, 2168.378320476304, 1860.4785962926642, 1789.5106307280646, 2171.933062808865, 2650.904871257036, 2483.4140661903107]
Saved raw return evaluation plot to sbatch_scripts/logs/grid_array/K_5/enc_4/lr_1e-4/te_3/plots/hopper-medium-v2_eval_raw_return_25-12-07-13-18-55.png
Saved normalized evaluation plot to sbatch_scripts/logs/grid_array/K_5/enc_4/lr_1e-4/te_3/plots/hopper-medium-v2_eval_25-12-07-13-18-55.png
============================================================
finished training!
finished training at: 25-12-07-14-16-13
============================================================
All plots for this run saved under: sbatch_scripts/logs/grid_array/K_5/enc_4/lr_1e-4/te_3/plots
Saved per-iteration training loss plot to sbatch_scripts/logs/grid_array/K_5/enc_4/lr_1e-4/te_3/plots/hopper-medium-v2_training_losses_25-12-07-13-18-55.png
Saved per-iteration training stats plot to sbatch_scripts/logs/grid_array/K_5/enc_4/lr_1e-4/te_3/plots/hopper-medium-v2_training_stats_25-12-07-13-18-55.png
Saved per-update training loss plot to sbatch_scripts/logs/grid_array/K_5/enc_4/lr_1e-4/te_3/plots/hopper-medium-v2_training_losses_steps_25-12-07-13-18-55.png
Saved per-update training stats plot to sbatch_scripts/logs/grid_array/K_5/enc_4/lr_1e-4/te_3/plots/hopper-medium-v2_training_stats_steps_25-12-07-13-18-55.png
