============================================================
start time: 25-12-07-13-18-56
============================================================
dataset size: 1327
returns max : 3908.8544921875
returns mean: 2817.7890625
returns std : 877.09326171875
returns min : 1350.3359375
Using Minari eval environment: Hopper-v5
Running initial evaluation before training...
Iteration 1/20 - last training loss: 2.6597, last eval raw return: 693.68, last eval normalized score: 21.94
Iteration 2/20 - last training loss: 2.7094, last eval raw return: 734.48, last eval normalized score: 23.19
Iteration 3/20 - last training loss: 2.7599, last eval raw return: 1015.52, last eval normalized score: 31.83
Iteration 4/20 - last training loss: 2.7875, last eval raw return: 1085.76, last eval normalized score: 33.98
Iteration 5/20 - last training loss: 2.8160, last eval raw return: 1041.86, last eval normalized score: 32.64
Iteration 6/20 - last training loss: 2.8289, last eval raw return: 1124.03, last eval normalized score: 35.16
Iteration 7/20 - last training loss: 2.8204, last eval raw return: 1783.95, last eval normalized score: 55.44
Iteration 8/20 - last training loss: 2.8286, last eval raw return: 1312.24, last eval normalized score: 40.94
Iteration 9/20 - last training loss: 2.8301, last eval raw return: 1576.96, last eval normalized score: 49.08
Iteration 10/20 - last training loss: 2.8272, last eval raw return: 1577.25, last eval normalized score: 49.09
Iteration 11/20 - last training loss: 2.8287, last eval raw return: 1727.77, last eval normalized score: 53.71
Iteration 12/20 - last training loss: 2.8329, last eval raw return: 1980.95, last eval normalized score: 61.49
Iteration 13/20 - last training loss: 2.8242, last eval raw return: 2080.19, last eval normalized score: 64.54
Iteration 14/20 - last training loss: 2.8290, last eval raw return: 1908.90, last eval normalized score: 59.28
Iteration 15/20 - last training loss: 2.8317, last eval raw return: 2167.06, last eval normalized score: 67.21
Iteration 16/20 - last training loss: 2.8320, last eval raw return: 1860.06, last eval normalized score: 57.78
Iteration 17/20 - last training loss: 2.8230, last eval raw return: 1789.05, last eval normalized score: 55.59
Iteration 18/20 - last training loss: 2.8231, last eval raw return: 2170.97, last eval normalized score: 67.33
Iteration 19/20 - last training loss: 2.8269, last eval raw return: 2648.57, last eval normalized score: 82.00
Iteration 20/20 - last training loss: 2.8252, last eval raw return: 2481.46, last eval normalized score: 76.87
Evaluation scores over iterations: [1.0554496366742065, 21.93701251721275, 23.190592837144944, 31.825610964334256, 33.98393300473026, 32.63505543262891, 35.15996887117577, 55.43649561408509, 40.942632343965066, 49.07641855867113, 49.08558515615629, 53.71039751813376, 61.489548624859594, 64.53875580095513, 59.27581699854462, 67.2078408272303, 57.77523486098023, 55.59314862432344, 67.32808133428648, 82.00288665317228, 76.86833067035744]
Raw returns over iterations: [14.07806656842185, 693.6836289295896, 734.4823068430331, 1015.5152153422662, 1085.7593667217054, 1041.8591708317385, 1124.0343043279079, 1783.948528118553, 1312.2352682046594, 1576.955221696391, 1577.2535552394538, 1727.7714175305887, 1980.9495150141888, 2080.1881672894665, 1908.9020185971156, 2167.0554693515205, 1860.0644879341678, 1789.0469136047193, 2170.9687835935624, 2648.5709333146865, 2481.4630963132745]
Saved raw return evaluation plot to sbatch_scripts/logs/grid_array/K_5/enc_4/lr_1e-4/te_0/plots/hopper-medium-v2_eval_raw_return_25-12-07-13-18-56.png
Saved normalized evaluation plot to sbatch_scripts/logs/grid_array/K_5/enc_4/lr_1e-4/te_0/plots/hopper-medium-v2_eval_25-12-07-13-18-56.png
============================================================
finished training!
finished training at: 25-12-07-13-59-32
============================================================
All plots for this run saved under: sbatch_scripts/logs/grid_array/K_5/enc_4/lr_1e-4/te_0/plots
Saved per-iteration training loss plot to sbatch_scripts/logs/grid_array/K_5/enc_4/lr_1e-4/te_0/plots/hopper-medium-v2_training_losses_25-12-07-13-18-56.png
Saved per-iteration training stats plot to sbatch_scripts/logs/grid_array/K_5/enc_4/lr_1e-4/te_0/plots/hopper-medium-v2_training_stats_25-12-07-13-18-56.png
Saved per-update training loss plot to sbatch_scripts/logs/grid_array/K_5/enc_4/lr_1e-4/te_0/plots/hopper-medium-v2_training_losses_steps_25-12-07-13-18-56.png
Saved per-update training stats plot to sbatch_scripts/logs/grid_array/K_5/enc_4/lr_1e-4/te_0/plots/hopper-medium-v2_training_stats_steps_25-12-07-13-18-56.png
